mode: set
github.com/Ulbora/Six910/handlers/addressHandler.go:41.76,50.10 9 1
github.com/Ulbora/Six910/handlers/addressHandler.go:50.10,54.12 4 1
github.com/Ulbora/Six910/handlers/addressHandler.go:54.12,56.4 1 1
github.com/Ulbora/Six910/handlers/addressHandler.go:56.9,62.32 6 1
github.com/Ulbora/Six910/handlers/addressHandler.go:62.32,64.5 1 1
github.com/Ulbora/Six910/handlers/addressHandler.go:64.10,67.41 3 1
github.com/Ulbora/Six910/handlers/addressHandler.go:72.5,73.35 2 1
github.com/Ulbora/Six910/handlers/addressHandler.go:67.41,69.6 1 1
github.com/Ulbora/Six910/handlers/addressHandler.go:69.11,71.6 1 1
github.com/Ulbora/Six910/handlers/addressHandler.go:76.8,81.3 4 1
github.com/Ulbora/Six910/handlers/addressHandler.go:85.79,94.10 9 1
github.com/Ulbora/Six910/handlers/addressHandler.go:94.10,98.12 4 1
github.com/Ulbora/Six910/handlers/addressHandler.go:98.12,100.4 1 1
github.com/Ulbora/Six910/handlers/addressHandler.go:100.9,106.32 6 1
github.com/Ulbora/Six910/handlers/addressHandler.go:106.32,108.5 1 1
github.com/Ulbora/Six910/handlers/addressHandler.go:108.10,111.23 3 1
github.com/Ulbora/Six910/handlers/addressHandler.go:116.5,117.35 2 1
github.com/Ulbora/Six910/handlers/addressHandler.go:111.23,113.6 1 1
github.com/Ulbora/Six910/handlers/addressHandler.go:113.11,115.6 1 1
github.com/Ulbora/Six910/handlers/addressHandler.go:120.8,125.3 4 1
github.com/Ulbora/Six910/handlers/customerHandler.go:37.77,46.10 9 1
github.com/Ulbora/Six910/handlers/customerHandler.go:46.10,50.12 4 1
github.com/Ulbora/Six910/handlers/customerHandler.go:50.12,52.4 1 1
github.com/Ulbora/Six910/handlers/customerHandler.go:52.9,58.30 6 1
github.com/Ulbora/Six910/handlers/customerHandler.go:58.30,60.5 1 1
github.com/Ulbora/Six910/handlers/customerHandler.go:60.10,63.39 3 1
github.com/Ulbora/Six910/handlers/customerHandler.go:68.5,69.35 2 1
github.com/Ulbora/Six910/handlers/customerHandler.go:63.39,65.6 1 1
github.com/Ulbora/Six910/handlers/customerHandler.go:65.11,67.6 1 1
github.com/Ulbora/Six910/handlers/customerHandler.go:72.8,77.3 4 1
github.com/Ulbora/Six910/handlers/customerHandler.go:81.80,90.10 9 1
github.com/Ulbora/Six910/handlers/customerHandler.go:90.10,94.12 4 1
github.com/Ulbora/Six910/handlers/customerHandler.go:94.12,96.4 1 1
github.com/Ulbora/Six910/handlers/customerHandler.go:96.9,102.30 6 1
github.com/Ulbora/Six910/handlers/customerHandler.go:102.30,104.5 1 1
github.com/Ulbora/Six910/handlers/customerHandler.go:104.10,107.22 3 1
github.com/Ulbora/Six910/handlers/customerHandler.go:112.5,113.35 2 1
github.com/Ulbora/Six910/handlers/customerHandler.go:107.22,109.6 1 1
github.com/Ulbora/Six910/handlers/customerHandler.go:109.11,111.6 1 1
github.com/Ulbora/Six910/handlers/customerHandler.go:116.8,121.3 4 1
github.com/Ulbora/Six910/handlers/customerHandler.go:125.77,135.10 9 1
github.com/Ulbora/Six910/handlers/customerHandler.go:135.10,139.36 4 1
github.com/Ulbora/Six910/handlers/customerHandler.go:139.36,145.18 6 1
github.com/Ulbora/Six910/handlers/customerHandler.go:154.4,155.34 2 1
github.com/Ulbora/Six910/handlers/customerHandler.go:145.18,149.5 3 1
github.com/Ulbora/Six910/handlers/customerHandler.go:149.10,153.5 3 1
github.com/Ulbora/Six910/handlers/customerHandler.go:156.9,158.4 1 1
github.com/Ulbora/Six910/handlers/customerHandler.go:159.8,161.3 1 1
github.com/Ulbora/Six910/handlers/customerHandler.go:165.79,174.10 9 1
github.com/Ulbora/Six910/handlers/customerHandler.go:174.10,178.36 4 1
github.com/Ulbora/Six910/handlers/customerHandler.go:178.36,185.34 7 1
github.com/Ulbora/Six910/handlers/customerHandler.go:194.4,195.34 2 1
github.com/Ulbora/Six910/handlers/customerHandler.go:185.34,189.5 3 1
github.com/Ulbora/Six910/handlers/customerHandler.go:189.10,193.5 3 1
github.com/Ulbora/Six910/handlers/customerHandler.go:196.9,198.4 1 1
github.com/Ulbora/Six910/handlers/customerHandler.go:199.8,201.3 1 1
github.com/Ulbora/Six910/handlers/customerHandler.go:205.81,214.10 9 1
github.com/Ulbora/Six910/handlers/customerHandler.go:214.10,218.36 4 1
github.com/Ulbora/Six910/handlers/customerHandler.go:218.36,223.19 5 1
github.com/Ulbora/Six910/handlers/customerHandler.go:232.4,233.34 2 1
github.com/Ulbora/Six910/handlers/customerHandler.go:223.19,227.5 3 1
github.com/Ulbora/Six910/handlers/customerHandler.go:227.10,231.5 3 1
github.com/Ulbora/Six910/handlers/customerHandler.go:234.9,236.4 1 1
github.com/Ulbora/Six910/handlers/customerHandler.go:237.8,239.3 1 1
github.com/Ulbora/Six910/handlers/customerHandler.go:243.80,252.10 9 1
github.com/Ulbora/Six910/handlers/customerHandler.go:252.10,256.36 4 1
github.com/Ulbora/Six910/handlers/customerHandler.go:256.36,263.34 7 1
github.com/Ulbora/Six910/handlers/customerHandler.go:276.4,277.34 2 1
github.com/Ulbora/Six910/handlers/customerHandler.go:263.34,266.22 3 1
github.com/Ulbora/Six910/handlers/customerHandler.go:266.22,268.6 1 1
github.com/Ulbora/Six910/handlers/customerHandler.go:268.11,270.6 1 1
github.com/Ulbora/Six910/handlers/customerHandler.go:271.10,275.5 3 1
github.com/Ulbora/Six910/handlers/customerHandler.go:278.9,280.4 1 1
github.com/Ulbora/Six910/handlers/customerHandler.go:281.8,283.3 1 1
github.com/Ulbora/Six910/handlers/distributorHandler.go:37.80,46.10 9 1
github.com/Ulbora/Six910/handlers/distributorHandler.go:46.10,50.12 4 1
github.com/Ulbora/Six910/handlers/distributorHandler.go:50.12,52.4 1 1
github.com/Ulbora/Six910/handlers/distributorHandler.go:52.9,58.30 6 1
github.com/Ulbora/Six910/handlers/distributorHandler.go:58.30,60.5 1 1
github.com/Ulbora/Six910/handlers/distributorHandler.go:60.10,63.41 3 1
github.com/Ulbora/Six910/handlers/distributorHandler.go:68.5,69.35 2 1
github.com/Ulbora/Six910/handlers/distributorHandler.go:63.41,65.6 1 1
github.com/Ulbora/Six910/handlers/distributorHandler.go:65.11,67.6 1 1
github.com/Ulbora/Six910/handlers/distributorHandler.go:72.8,77.3 4 1
github.com/Ulbora/Six910/handlers/distributorHandler.go:81.83,90.10 9 1
github.com/Ulbora/Six910/handlers/distributorHandler.go:90.10,94.12 4 1
github.com/Ulbora/Six910/handlers/distributorHandler.go:94.12,96.4 1 1
github.com/Ulbora/Six910/handlers/distributorHandler.go:96.9,102.30 6 1
github.com/Ulbora/Six910/handlers/distributorHandler.go:102.30,104.5 1 1
github.com/Ulbora/Six910/handlers/distributorHandler.go:104.10,107.22 3 1
github.com/Ulbora/Six910/handlers/distributorHandler.go:112.5,113.35 2 1
github.com/Ulbora/Six910/handlers/distributorHandler.go:107.22,109.6 1 1
github.com/Ulbora/Six910/handlers/distributorHandler.go:109.11,111.6 1 1
github.com/Ulbora/Six910/handlers/distributorHandler.go:116.8,121.3 4 1
github.com/Ulbora/Six910/handlers/distributorHandler.go:125.80,134.10 9 1
github.com/Ulbora/Six910/handlers/distributorHandler.go:134.10,138.36 4 1
github.com/Ulbora/Six910/handlers/distributorHandler.go:138.36,145.34 7 1
github.com/Ulbora/Six910/handlers/distributorHandler.go:154.4,155.34 2 1
github.com/Ulbora/Six910/handlers/distributorHandler.go:145.34,149.5 3 1
github.com/Ulbora/Six910/handlers/distributorHandler.go:149.10,153.5 3 1
github.com/Ulbora/Six910/handlers/distributorHandler.go:156.9,158.4 1 1
github.com/Ulbora/Six910/handlers/distributorHandler.go:159.8,161.3 1 1
github.com/Ulbora/Six910/handlers/distributorHandler.go:165.84,174.10 9 1
github.com/Ulbora/Six910/handlers/distributorHandler.go:174.10,178.36 4 1
github.com/Ulbora/Six910/handlers/distributorHandler.go:178.36,183.19 5 1
github.com/Ulbora/Six910/handlers/distributorHandler.go:192.4,193.34 2 1
github.com/Ulbora/Six910/handlers/distributorHandler.go:183.19,187.5 3 1
github.com/Ulbora/Six910/handlers/distributorHandler.go:187.10,191.5 3 1
github.com/Ulbora/Six910/handlers/distributorHandler.go:194.9,196.4 1 1
github.com/Ulbora/Six910/handlers/distributorHandler.go:197.8,199.3 1 1
github.com/Ulbora/Six910/handlers/distributorHandler.go:203.83,212.10 9 1
github.com/Ulbora/Six910/handlers/distributorHandler.go:212.10,216.36 4 1
github.com/Ulbora/Six910/handlers/distributorHandler.go:216.36,223.34 7 1
github.com/Ulbora/Six910/handlers/distributorHandler.go:236.4,237.34 2 1
github.com/Ulbora/Six910/handlers/distributorHandler.go:223.34,226.22 3 1
github.com/Ulbora/Six910/handlers/distributorHandler.go:226.22,228.6 1 1
github.com/Ulbora/Six910/handlers/distributorHandler.go:228.11,230.6 1 1
github.com/Ulbora/Six910/handlers/distributorHandler.go:231.10,235.5 3 1
github.com/Ulbora/Six910/handlers/distributorHandler.go:238.9,240.4 1 1
github.com/Ulbora/Six910/handlers/distributorHandler.go:241.8,243.3 1 1
github.com/Ulbora/Six910/handlers/six910Handler.go:46.42,48.2 1 1
github.com/Ulbora/Six910/handlers/six910Handler.go:51.60,54.33 3 1
github.com/Ulbora/Six910/handlers/six910Handler.go:58.2,58.12 1 1
github.com/Ulbora/Six910/handlers/six910Handler.go:54.33,57.3 1 1
github.com/Ulbora/Six910/handlers/six910Handler.go:62.63,64.2 1 1
github.com/Ulbora/Six910/handlers/six910Handler.go:67.85,72.19 4 1
github.com/Ulbora/Six910/handlers/six910Handler.go:86.2,86.17 1 1
github.com/Ulbora/Six910/handlers/six910Handler.go:72.19,77.17 3 1
github.com/Ulbora/Six910/handlers/six910Handler.go:77.17,80.4 1 1
github.com/Ulbora/Six910/handlers/six910Handler.go:80.9,82.4 1 1
github.com/Ulbora/Six910/handlers/six910Handler.go:83.8,85.3 1 1
github.com/Ulbora/Six910/handlers/userHandler.go:36.73,45.10 9 1
github.com/Ulbora/Six910/handlers/userHandler.go:45.10,49.12 4 1
github.com/Ulbora/Six910/handlers/userHandler.go:49.12,51.4 1 1
github.com/Ulbora/Six910/handlers/userHandler.go:51.9,57.30 6 1
github.com/Ulbora/Six910/handlers/userHandler.go:57.30,59.5 1 1
github.com/Ulbora/Six910/handlers/userHandler.go:59.10,61.56 2 1
github.com/Ulbora/Six910/handlers/userHandler.go:71.5,72.22 2 1
github.com/Ulbora/Six910/handlers/userHandler.go:77.5,78.35 2 1
github.com/Ulbora/Six910/handlers/userHandler.go:61.56,64.6 2 1
github.com/Ulbora/Six910/handlers/userHandler.go:64.11,64.65 1 1
github.com/Ulbora/Six910/handlers/userHandler.go:64.65,67.6 2 1
github.com/Ulbora/Six910/handlers/userHandler.go:67.11,70.6 2 1
github.com/Ulbora/Six910/handlers/userHandler.go:72.22,74.6 1 1
github.com/Ulbora/Six910/handlers/userHandler.go:74.11,76.6 1 1
github.com/Ulbora/Six910/handlers/userHandler.go:81.8,86.3 4 1
github.com/Ulbora/Six910/handlers/userHandler.go:90.76,99.10 9 1
github.com/Ulbora/Six910/handlers/userHandler.go:99.10,103.12 4 1
github.com/Ulbora/Six910/handlers/userHandler.go:103.12,105.4 1 1
github.com/Ulbora/Six910/handlers/userHandler.go:105.9,111.30 6 1
github.com/Ulbora/Six910/handlers/userHandler.go:111.30,113.5 1 1
github.com/Ulbora/Six910/handlers/userHandler.go:113.10,116.22 3 1
github.com/Ulbora/Six910/handlers/userHandler.go:121.5,122.35 2 1
github.com/Ulbora/Six910/handlers/userHandler.go:116.22,118.6 1 1
github.com/Ulbora/Six910/handlers/userHandler.go:118.11,120.6 1 1
github.com/Ulbora/Six910/handlers/userHandler.go:125.8,130.3 4 1
github.com/Ulbora/Six910/handlers/userHandler.go:134.73,144.10 9 1
github.com/Ulbora/Six910/handlers/userHandler.go:144.10,148.36 4 1
github.com/Ulbora/Six910/handlers/userHandler.go:148.36,154.18 6 1
github.com/Ulbora/Six910/handlers/userHandler.go:166.4,167.34 2 1
github.com/Ulbora/Six910/handlers/userHandler.go:154.18,161.5 6 1
github.com/Ulbora/Six910/handlers/userHandler.go:161.10,165.5 3 1
github.com/Ulbora/Six910/handlers/userHandler.go:168.9,170.4 1 1
github.com/Ulbora/Six910/handlers/userHandler.go:171.8,173.3 1 1
github.com/Ulbora/Six910/handlers/userHandler.go:177.82,186.10 9 1
github.com/Ulbora/Six910/handlers/userHandler.go:186.10,190.36 4 1
github.com/Ulbora/Six910/handlers/userHandler.go:190.36,195.19 5 1
github.com/Ulbora/Six910/handlers/userHandler.go:204.4,205.34 2 1
github.com/Ulbora/Six910/handlers/userHandler.go:195.19,199.5 3 1
github.com/Ulbora/Six910/handlers/userHandler.go:199.10,203.5 3 1
github.com/Ulbora/Six910/handlers/userHandler.go:206.9,208.4 1 1
github.com/Ulbora/Six910/handlers/userHandler.go:209.8,211.3 1 1
github.com/Ulbora/Six910/handlers/userHandler.go:215.85,224.10 9 1
github.com/Ulbora/Six910/handlers/userHandler.go:224.10,228.36 4 1
github.com/Ulbora/Six910/handlers/userHandler.go:228.36,233.19 5 1
github.com/Ulbora/Six910/handlers/userHandler.go:242.4,243.34 2 1
github.com/Ulbora/Six910/handlers/userHandler.go:233.19,237.5 3 1
github.com/Ulbora/Six910/handlers/userHandler.go:237.10,241.5 3 1
github.com/Ulbora/Six910/handlers/userHandler.go:244.9,246.4 1 1
github.com/Ulbora/Six910/handlers/userHandler.go:247.8,249.3 1 1
github.com/Ulbora/Six910/handlers/cartHandler.go:37.73,46.10 9 1
github.com/Ulbora/Six910/handlers/cartHandler.go:46.10,50.12 4 1
github.com/Ulbora/Six910/handlers/cartHandler.go:50.12,52.4 1 1
github.com/Ulbora/Six910/handlers/cartHandler.go:52.9,58.32 6 1
github.com/Ulbora/Six910/handlers/cartHandler.go:58.32,60.5 1 1
github.com/Ulbora/Six910/handlers/cartHandler.go:60.10,63.41 3 1
github.com/Ulbora/Six910/handlers/cartHandler.go:68.5,69.35 2 1
github.com/Ulbora/Six910/handlers/cartHandler.go:63.41,65.6 1 1
github.com/Ulbora/Six910/handlers/cartHandler.go:65.11,67.6 1 1
github.com/Ulbora/Six910/handlers/cartHandler.go:72.8,77.3 4 1
github.com/Ulbora/Six910/handlers/cartHandler.go:81.76,90.10 9 1
github.com/Ulbora/Six910/handlers/cartHandler.go:90.10,94.12 4 1
github.com/Ulbora/Six910/handlers/cartHandler.go:94.12,96.4 1 1
github.com/Ulbora/Six910/handlers/cartHandler.go:96.9,102.32 6 1
github.com/Ulbora/Six910/handlers/cartHandler.go:102.32,104.5 1 1
github.com/Ulbora/Six910/handlers/cartHandler.go:104.10,107.23 3 1
github.com/Ulbora/Six910/handlers/cartHandler.go:112.5,113.35 2 1
github.com/Ulbora/Six910/handlers/cartHandler.go:107.23,109.6 1 1
github.com/Ulbora/Six910/handlers/cartHandler.go:109.11,111.6 1 1
github.com/Ulbora/Six910/handlers/cartHandler.go:116.8,121.3 4 1
github.com/Ulbora/Six910/handlers/cartHandler.go:125.73,134.10 9 1
github.com/Ulbora/Six910/handlers/cartHandler.go:134.10,138.36 4 1
github.com/Ulbora/Six910/handlers/cartHandler.go:138.36,145.34 7 1
github.com/Ulbora/Six910/handlers/cartHandler.go:154.4,155.34 2 1
github.com/Ulbora/Six910/handlers/cartHandler.go:145.34,149.5 3 1
github.com/Ulbora/Six910/handlers/cartHandler.go:149.10,153.5 3 1
github.com/Ulbora/Six910/handlers/cartHandler.go:156.9,158.4 1 1
github.com/Ulbora/Six910/handlers/cartHandler.go:159.8,161.3 1 1
github.com/Ulbora/Six910/handlers/cartHandler.go:165.76,174.10 9 1
github.com/Ulbora/Six910/handlers/cartHandler.go:174.10,178.36 4 1
github.com/Ulbora/Six910/handlers/cartHandler.go:178.36,187.50 9 1
github.com/Ulbora/Six910/handlers/cartHandler.go:200.4,201.34 2 1
github.com/Ulbora/Six910/handlers/cartHandler.go:187.50,190.23 3 1
github.com/Ulbora/Six910/handlers/cartHandler.go:190.23,192.6 1 1
github.com/Ulbora/Six910/handlers/cartHandler.go:192.11,194.6 1 1
github.com/Ulbora/Six910/handlers/cartHandler.go:195.10,199.5 3 1
github.com/Ulbora/Six910/handlers/cartHandler.go:202.9,204.4 1 1
github.com/Ulbora/Six910/handlers/cartHandler.go:205.8,207.3 1 1
github.com/Ulbora/Six910/handlers/cartItemHandler.go:44.77,53.10 9 1
github.com/Ulbora/Six910/handlers/cartItemHandler.go:53.10,57.12 4 1
github.com/Ulbora/Six910/handlers/cartItemHandler.go:57.12,59.4 1 1
github.com/Ulbora/Six910/handlers/cartItemHandler.go:59.9,65.33 6 1
github.com/Ulbora/Six910/handlers/cartItemHandler.go:65.33,67.5 1 1
github.com/Ulbora/Six910/handlers/cartItemHandler.go:67.10,70.41 3 1
github.com/Ulbora/Six910/handlers/cartItemHandler.go:75.5,76.35 2 1
github.com/Ulbora/Six910/handlers/cartItemHandler.go:70.41,72.6 1 1
github.com/Ulbora/Six910/handlers/cartItemHandler.go:72.11,74.6 1 1
github.com/Ulbora/Six910/handlers/cartItemHandler.go:79.8,84.3 4 1
github.com/Ulbora/Six910/handlers/cartItemHandler.go:88.80,97.10 9 1
github.com/Ulbora/Six910/handlers/cartItemHandler.go:97.10,101.12 4 1
github.com/Ulbora/Six910/handlers/cartItemHandler.go:101.12,103.4 1 1
github.com/Ulbora/Six910/handlers/cartItemHandler.go:103.9,109.32 6 1
github.com/Ulbora/Six910/handlers/cartItemHandler.go:109.32,111.5 1 1
github.com/Ulbora/Six910/handlers/cartItemHandler.go:111.10,114.23 3 1
github.com/Ulbora/Six910/handlers/cartItemHandler.go:119.5,120.35 2 1
github.com/Ulbora/Six910/handlers/cartItemHandler.go:114.23,116.6 1 1
github.com/Ulbora/Six910/handlers/cartItemHandler.go:116.11,118.6 1 1
github.com/Ulbora/Six910/handlers/cartItemHandler.go:123.8,128.3 4 1
github.com/Ulbora/Six910/handlers/cartItemHandler.go:132.76,141.10 9 1
github.com/Ulbora/Six910/handlers/cartItemHandler.go:141.10,145.36 4 1
github.com/Ulbora/Six910/handlers/cartItemHandler.go:145.36,154.59 9 1
github.com/Ulbora/Six910/handlers/cartItemHandler.go:163.4,164.34 2 1
github.com/Ulbora/Six910/handlers/cartItemHandler.go:154.59,158.5 3 1
github.com/Ulbora/Six910/handlers/cartItemHandler.go:158.10,162.5 3 1
github.com/Ulbora/Six910/handlers/cartItemHandler.go:165.9,167.4 1 1
github.com/Ulbora/Six910/handlers/cartItemHandler.go:168.8,170.3 1 1
github.com/Ulbora/Six910/handlers/cartItemHandler.go:174.81,183.10 9 1
github.com/Ulbora/Six910/handlers/cartItemHandler.go:183.10,187.36 4 1
github.com/Ulbora/Six910/handlers/cartItemHandler.go:187.36,196.59 9 1
github.com/Ulbora/Six910/handlers/cartItemHandler.go:205.4,206.34 2 1
github.com/Ulbora/Six910/handlers/cartItemHandler.go:196.59,200.5 3 1
github.com/Ulbora/Six910/handlers/cartItemHandler.go:200.10,204.5 3 1
github.com/Ulbora/Six910/handlers/cartItemHandler.go:207.9,209.4 1 1
github.com/Ulbora/Six910/handlers/cartItemHandler.go:210.8,212.3 1 1
github.com/Ulbora/Six910/handlers/cartItemHandler.go:216.80,225.10 9 1
github.com/Ulbora/Six910/handlers/cartItemHandler.go:225.10,229.36 4 1
github.com/Ulbora/Six910/handlers/cartItemHandler.go:229.36,238.62 9 1
github.com/Ulbora/Six910/handlers/cartItemHandler.go:248.4,249.34 2 1
github.com/Ulbora/Six910/handlers/cartItemHandler.go:238.62,240.24 2 1
github.com/Ulbora/Six910/handlers/cartItemHandler.go:240.24,242.6 1 1
github.com/Ulbora/Six910/handlers/cartItemHandler.go:242.11,244.6 1 1
github.com/Ulbora/Six910/handlers/cartItemHandler.go:245.10,247.5 1 1
github.com/Ulbora/Six910/handlers/cartItemHandler.go:250.9,252.4 1 1
github.com/Ulbora/Six910/handlers/cartItemHandler.go:253.8,255.3 1 1
github.com/Ulbora/Six910/handlers/securityProcessor.go:32.76,42.38 6 1
github.com/Ulbora/Six910/handlers/securityProcessor.go:80.2,80.12 1 1
github.com/Ulbora/Six910/handlers/securityProcessor.go:42.38,45.9 3 1
github.com/Ulbora/Six910/handlers/securityProcessor.go:45.9,58.61 12 1
github.com/Ulbora/Six910/handlers/securityProcessor.go:58.61,60.5 1 1
github.com/Ulbora/Six910/handlers/securityProcessor.go:63.8,63.28 1 1
github.com/Ulbora/Six910/handlers/securityProcessor.go:63.28,70.25 2 1
github.com/Ulbora/Six910/handlers/securityProcessor.go:77.3,78.59 2 1
github.com/Ulbora/Six910/handlers/securityProcessor.go:70.25,74.4 3 1
github.com/Ulbora/Six910/handlers/securityProcessor.go:74.9,76.4 1 1
github.com/Ulbora/Six910/handlers/storeHandler.go:36.74,45.10 9 1
github.com/Ulbora/Six910/handlers/storeHandler.go:45.10,49.12 4 1
github.com/Ulbora/Six910/handlers/storeHandler.go:49.12,51.4 1 1
github.com/Ulbora/Six910/handlers/storeHandler.go:51.9,57.30 6 1
github.com/Ulbora/Six910/handlers/storeHandler.go:57.30,59.5 1 1
github.com/Ulbora/Six910/handlers/storeHandler.go:59.10,62.39 3 1
github.com/Ulbora/Six910/handlers/storeHandler.go:67.5,68.35 2 1
github.com/Ulbora/Six910/handlers/storeHandler.go:62.39,64.6 1 1
github.com/Ulbora/Six910/handlers/storeHandler.go:64.11,66.6 1 1
github.com/Ulbora/Six910/handlers/storeHandler.go:71.8,76.3 4 1
github.com/Ulbora/Six910/handlers/storeHandler.go:80.77,90.10 9 1
github.com/Ulbora/Six910/handlers/storeHandler.go:90.10,94.12 4 1
github.com/Ulbora/Six910/handlers/storeHandler.go:94.12,96.4 1 1
github.com/Ulbora/Six910/handlers/storeHandler.go:96.9,102.30 6 1
github.com/Ulbora/Six910/handlers/storeHandler.go:102.30,104.5 1 1
github.com/Ulbora/Six910/handlers/storeHandler.go:104.10,107.22 3 1
github.com/Ulbora/Six910/handlers/storeHandler.go:112.5,113.35 2 1
github.com/Ulbora/Six910/handlers/storeHandler.go:107.22,109.6 1 1
github.com/Ulbora/Six910/handlers/storeHandler.go:109.11,111.6 1 1
github.com/Ulbora/Six910/handlers/storeHandler.go:116.8,121.3 4 1
github.com/Ulbora/Six910/handlers/storeHandler.go:125.74,135.10 9 1
github.com/Ulbora/Six910/handlers/storeHandler.go:135.10,139.36 4 1
github.com/Ulbora/Six910/handlers/storeHandler.go:139.36,148.4 8 1
github.com/Ulbora/Six910/handlers/storeHandler.go:148.9,150.4 1 1
github.com/Ulbora/Six910/handlers/storeHandler.go:151.8,153.3 1 1
github.com/Ulbora/Six910/handlers/storeHandler.go:157.77,167.10 9 1
github.com/Ulbora/Six910/handlers/storeHandler.go:167.10,171.36 4 1
github.com/Ulbora/Six910/handlers/storeHandler.go:171.36,177.21 6 1
github.com/Ulbora/Six910/handlers/storeHandler.go:182.4,183.34 2 1
github.com/Ulbora/Six910/handlers/storeHandler.go:177.21,179.5 1 1
github.com/Ulbora/Six910/handlers/storeHandler.go:179.10,181.5 1 1
github.com/Ulbora/Six910/handlers/storeHandler.go:184.9,186.4 1 1
github.com/Ulbora/Six910/handlers/storeHandler.go:187.8,189.3 1 1
