mode: set
github.com/Ulbora/Six910/handlers/orderHandler.go:37.74,46.10 9 1
github.com/Ulbora/Six910/handlers/orderHandler.go:46.10,50.12 4 1
github.com/Ulbora/Six910/handlers/orderHandler.go:50.12,52.4 1 1
github.com/Ulbora/Six910/handlers/orderHandler.go:52.9,58.32 6 1
github.com/Ulbora/Six910/handlers/orderHandler.go:58.32,60.5 1 1
github.com/Ulbora/Six910/handlers/orderHandler.go:60.10,63.41 3 1
github.com/Ulbora/Six910/handlers/orderHandler.go:68.5,69.35 2 1
github.com/Ulbora/Six910/handlers/orderHandler.go:63.41,65.6 1 1
github.com/Ulbora/Six910/handlers/orderHandler.go:65.11,67.6 1 1
github.com/Ulbora/Six910/handlers/orderHandler.go:72.8,77.3 4 1
github.com/Ulbora/Six910/handlers/orderHandler.go:81.77,90.10 9 1
github.com/Ulbora/Six910/handlers/orderHandler.go:90.10,94.12 4 1
github.com/Ulbora/Six910/handlers/orderHandler.go:94.12,96.4 1 1
github.com/Ulbora/Six910/handlers/orderHandler.go:96.9,102.32 6 1
github.com/Ulbora/Six910/handlers/orderHandler.go:102.32,104.5 1 1
github.com/Ulbora/Six910/handlers/orderHandler.go:104.10,107.23 3 1
github.com/Ulbora/Six910/handlers/orderHandler.go:112.5,113.35 2 1
github.com/Ulbora/Six910/handlers/orderHandler.go:107.23,109.6 1 1
github.com/Ulbora/Six910/handlers/orderHandler.go:109.11,111.6 1 1
github.com/Ulbora/Six910/handlers/orderHandler.go:116.8,121.3 4 1
github.com/Ulbora/Six910/handlers/orderHandler.go:125.74,134.10 9 1
github.com/Ulbora/Six910/handlers/orderHandler.go:134.10,138.36 4 1
github.com/Ulbora/Six910/handlers/orderHandler.go:138.36,145.43 7 1
github.com/Ulbora/Six910/handlers/orderHandler.go:154.4,155.34 2 1
github.com/Ulbora/Six910/handlers/orderHandler.go:145.43,149.5 3 1
github.com/Ulbora/Six910/handlers/orderHandler.go:149.10,153.5 3 1
github.com/Ulbora/Six910/handlers/orderHandler.go:156.9,158.4 1 1
github.com/Ulbora/Six910/handlers/orderHandler.go:159.8,161.3 1 1
github.com/Ulbora/Six910/handlers/orderHandler.go:165.78,174.10 9 1
github.com/Ulbora/Six910/handlers/orderHandler.go:174.10,178.36 4 1
github.com/Ulbora/Six910/handlers/orderHandler.go:178.36,185.44 7 1
github.com/Ulbora/Six910/handlers/orderHandler.go:194.4,195.34 2 1
github.com/Ulbora/Six910/handlers/orderHandler.go:185.44,189.5 3 1
github.com/Ulbora/Six910/handlers/orderHandler.go:189.10,193.5 3 1
github.com/Ulbora/Six910/handlers/orderHandler.go:196.9,198.4 1 1
github.com/Ulbora/Six910/handlers/orderHandler.go:199.8,201.3 1 1
github.com/Ulbora/Six910/handlers/orderHandler.go:205.77,214.10 9 1
github.com/Ulbora/Six910/handlers/orderHandler.go:214.10,218.36 4 1
github.com/Ulbora/Six910/handlers/orderHandler.go:218.36,225.43 7 1
github.com/Ulbora/Six910/handlers/orderHandler.go:238.4,239.34 2 1
github.com/Ulbora/Six910/handlers/orderHandler.go:225.43,228.23 3 1
github.com/Ulbora/Six910/handlers/orderHandler.go:228.23,230.6 1 1
github.com/Ulbora/Six910/handlers/orderHandler.go:230.11,232.6 1 1
github.com/Ulbora/Six910/handlers/orderHandler.go:233.10,237.5 3 1
github.com/Ulbora/Six910/handlers/orderHandler.go:240.9,242.4 1 1
github.com/Ulbora/Six910/handlers/orderHandler.go:243.8,245.3 1 1
github.com/Ulbora/Six910/handlers/orderTransactionHandler.go:43.85,52.10 9 1
github.com/Ulbora/Six910/handlers/orderTransactionHandler.go:52.10,56.12 4 1
github.com/Ulbora/Six910/handlers/orderTransactionHandler.go:56.12,58.4 1 1
github.com/Ulbora/Six910/handlers/orderTransactionHandler.go:58.9,64.34 6 1
github.com/Ulbora/Six910/handlers/orderTransactionHandler.go:64.34,66.5 1 1
github.com/Ulbora/Six910/handlers/orderTransactionHandler.go:66.10,69.43 3 1
github.com/Ulbora/Six910/handlers/orderTransactionHandler.go:74.5,75.35 2 1
github.com/Ulbora/Six910/handlers/orderTransactionHandler.go:69.43,71.6 1 1
github.com/Ulbora/Six910/handlers/orderTransactionHandler.go:71.11,73.6 1 1
github.com/Ulbora/Six910/handlers/orderTransactionHandler.go:78.8,83.3 4 1
github.com/Ulbora/Six910/handlers/orderTransactionHandler.go:87.89,96.10 9 1
github.com/Ulbora/Six910/handlers/orderTransactionHandler.go:96.10,100.36 4 1
github.com/Ulbora/Six910/handlers/orderTransactionHandler.go:100.36,107.46 7 1
github.com/Ulbora/Six910/handlers/orderTransactionHandler.go:116.4,117.34 2 1
github.com/Ulbora/Six910/handlers/orderTransactionHandler.go:107.46,111.5 3 1
github.com/Ulbora/Six910/handlers/orderTransactionHandler.go:111.10,115.5 3 1
github.com/Ulbora/Six910/handlers/orderTransactionHandler.go:118.9,120.4 1 1
github.com/Ulbora/Six910/handlers/orderTransactionHandler.go:121.8,123.3 1 1
github.com/Ulbora/Six910/handlers/addressHandler.go:57.76,66.10 9 1
github.com/Ulbora/Six910/handlers/addressHandler.go:66.10,70.12 4 1
github.com/Ulbora/Six910/handlers/addressHandler.go:70.12,72.4 1 1
github.com/Ulbora/Six910/handlers/addressHandler.go:72.9,78.32 6 1
github.com/Ulbora/Six910/handlers/addressHandler.go:78.32,80.5 1 1
github.com/Ulbora/Six910/handlers/addressHandler.go:80.10,83.41 3 1
github.com/Ulbora/Six910/handlers/addressHandler.go:88.5,89.35 2 1
github.com/Ulbora/Six910/handlers/addressHandler.go:83.41,85.6 1 1
github.com/Ulbora/Six910/handlers/addressHandler.go:85.11,87.6 1 1
github.com/Ulbora/Six910/handlers/addressHandler.go:92.8,97.3 4 1
github.com/Ulbora/Six910/handlers/addressHandler.go:115.79,124.10 9 1
github.com/Ulbora/Six910/handlers/addressHandler.go:124.10,128.12 4 1
github.com/Ulbora/Six910/handlers/addressHandler.go:128.12,130.4 1 1
github.com/Ulbora/Six910/handlers/addressHandler.go:130.9,136.32 6 1
github.com/Ulbora/Six910/handlers/addressHandler.go:136.32,138.5 1 1
github.com/Ulbora/Six910/handlers/addressHandler.go:138.10,141.23 3 1
github.com/Ulbora/Six910/handlers/addressHandler.go:146.5,147.35 2 1
github.com/Ulbora/Six910/handlers/addressHandler.go:141.23,143.6 1 1
github.com/Ulbora/Six910/handlers/addressHandler.go:143.11,145.6 1 1
github.com/Ulbora/Six910/handlers/addressHandler.go:150.8,155.3 4 1
github.com/Ulbora/Six910/handlers/addressHandler.go:174.76,183.10 9 1
github.com/Ulbora/Six910/handlers/addressHandler.go:183.10,187.36 4 1
github.com/Ulbora/Six910/handlers/addressHandler.go:187.36,196.54 9 1
github.com/Ulbora/Six910/handlers/addressHandler.go:205.4,206.34 2 1
github.com/Ulbora/Six910/handlers/addressHandler.go:196.54,200.5 3 1
github.com/Ulbora/Six910/handlers/addressHandler.go:200.10,204.5 3 1
github.com/Ulbora/Six910/handlers/addressHandler.go:207.9,209.4 1 1
github.com/Ulbora/Six910/handlers/addressHandler.go:210.8,212.3 1 1
github.com/Ulbora/Six910/handlers/addressHandler.go:230.80,239.10 9 1
github.com/Ulbora/Six910/handlers/addressHandler.go:239.10,243.36 4 1
github.com/Ulbora/Six910/handlers/addressHandler.go:243.36,250.40 7 1
github.com/Ulbora/Six910/handlers/addressHandler.go:259.4,260.34 2 1
github.com/Ulbora/Six910/handlers/addressHandler.go:250.40,254.5 3 1
github.com/Ulbora/Six910/handlers/addressHandler.go:254.10,258.5 3 1
github.com/Ulbora/Six910/handlers/addressHandler.go:261.9,263.4 1 1
github.com/Ulbora/Six910/handlers/addressHandler.go:264.8,266.3 1 1
github.com/Ulbora/Six910/handlers/addressHandler.go:285.79,294.10 9 1
github.com/Ulbora/Six910/handlers/addressHandler.go:294.10,298.36 4 1
github.com/Ulbora/Six910/handlers/addressHandler.go:298.36,307.57 9 1
github.com/Ulbora/Six910/handlers/addressHandler.go:320.4,321.34 2 1
github.com/Ulbora/Six910/handlers/addressHandler.go:307.57,310.23 3 1
github.com/Ulbora/Six910/handlers/addressHandler.go:310.23,312.6 1 1
github.com/Ulbora/Six910/handlers/addressHandler.go:312.11,314.6 1 1
github.com/Ulbora/Six910/handlers/addressHandler.go:315.10,319.5 3 1
github.com/Ulbora/Six910/handlers/addressHandler.go:322.9,324.4 1 1
github.com/Ulbora/Six910/handlers/addressHandler.go:325.8,327.3 1 1
github.com/Ulbora/Six910/handlers/excludedSubRegionHandler.go:57.86,66.10 9 1
github.com/Ulbora/Six910/handlers/excludedSubRegionHandler.go:66.10,70.12 4 1
github.com/Ulbora/Six910/handlers/excludedSubRegionHandler.go:70.12,72.4 1 1
github.com/Ulbora/Six910/handlers/excludedSubRegionHandler.go:72.9,78.38 6 1
github.com/Ulbora/Six910/handlers/excludedSubRegionHandler.go:78.38,80.5 1 1
github.com/Ulbora/Six910/handlers/excludedSubRegionHandler.go:80.10,83.47 3 1
github.com/Ulbora/Six910/handlers/excludedSubRegionHandler.go:88.5,89.35 2 1
github.com/Ulbora/Six910/handlers/excludedSubRegionHandler.go:83.47,85.6 1 1
github.com/Ulbora/Six910/handlers/excludedSubRegionHandler.go:85.11,87.6 1 1
github.com/Ulbora/Six910/handlers/excludedSubRegionHandler.go:92.8,97.3 4 1
github.com/Ulbora/Six910/handlers/excludedSubRegionHandler.go:101.89,110.10 9 1
github.com/Ulbora/Six910/handlers/excludedSubRegionHandler.go:110.10,114.12 4 1
github.com/Ulbora/Six910/handlers/excludedSubRegionHandler.go:114.12,116.4 1 1
github.com/Ulbora/Six910/handlers/excludedSubRegionHandler.go:116.9,122.38 6 1
github.com/Ulbora/Six910/handlers/excludedSubRegionHandler.go:122.38,124.5 1 1
github.com/Ulbora/Six910/handlers/excludedSubRegionHandler.go:124.10,127.26 3 1
github.com/Ulbora/Six910/handlers/excludedSubRegionHandler.go:132.5,133.35 2 1
github.com/Ulbora/Six910/handlers/excludedSubRegionHandler.go:127.26,129.6 1 1
github.com/Ulbora/Six910/handlers/excludedSubRegionHandler.go:129.11,131.6 1 1
github.com/Ulbora/Six910/handlers/excludedSubRegionHandler.go:136.8,141.3 4 1
github.com/Ulbora/Six910/handlers/excludedSubRegionHandler.go:145.86,154.10 9 1
github.com/Ulbora/Six910/handlers/excludedSubRegionHandler.go:154.10,158.36 4 1
github.com/Ulbora/Six910/handlers/excludedSubRegionHandler.go:158.36,165.49 7 1
github.com/Ulbora/Six910/handlers/excludedSubRegionHandler.go:174.4,175.34 2 1
github.com/Ulbora/Six910/handlers/excludedSubRegionHandler.go:165.49,169.5 3 1
github.com/Ulbora/Six910/handlers/excludedSubRegionHandler.go:169.10,173.5 3 1
github.com/Ulbora/Six910/handlers/excludedSubRegionHandler.go:176.9,178.4 1 1
github.com/Ulbora/Six910/handlers/excludedSubRegionHandler.go:179.8,181.3 1 1
github.com/Ulbora/Six910/handlers/excludedSubRegionHandler.go:200.90,209.10 9 1
github.com/Ulbora/Six910/handlers/excludedSubRegionHandler.go:209.10,213.36 4 1
github.com/Ulbora/Six910/handlers/excludedSubRegionHandler.go:213.36,220.45 7 1
github.com/Ulbora/Six910/handlers/excludedSubRegionHandler.go:229.4,230.34 2 1
github.com/Ulbora/Six910/handlers/excludedSubRegionHandler.go:220.45,224.5 3 1
github.com/Ulbora/Six910/handlers/excludedSubRegionHandler.go:224.10,228.5 3 1
github.com/Ulbora/Six910/handlers/excludedSubRegionHandler.go:231.9,233.4 1 1
github.com/Ulbora/Six910/handlers/excludedSubRegionHandler.go:234.8,236.3 1 1
github.com/Ulbora/Six910/handlers/excludedSubRegionHandler.go:256.89,265.10 9 1
github.com/Ulbora/Six910/handlers/excludedSubRegionHandler.go:265.10,269.36 4 1
github.com/Ulbora/Six910/handlers/excludedSubRegionHandler.go:269.36,278.69 9 1
github.com/Ulbora/Six910/handlers/excludedSubRegionHandler.go:291.4,292.34 2 1
github.com/Ulbora/Six910/handlers/excludedSubRegionHandler.go:278.69,281.26 3 1
github.com/Ulbora/Six910/handlers/excludedSubRegionHandler.go:281.26,283.6 1 1
github.com/Ulbora/Six910/handlers/excludedSubRegionHandler.go:283.11,285.6 1 1
github.com/Ulbora/Six910/handlers/excludedSubRegionHandler.go:286.10,290.5 3 1
github.com/Ulbora/Six910/handlers/excludedSubRegionHandler.go:293.9,295.4 1 1
github.com/Ulbora/Six910/handlers/excludedSubRegionHandler.go:296.8,298.3 1 1
github.com/Ulbora/Six910/handlers/storeHandler.go:47.74,57.10 10 1
github.com/Ulbora/Six910/handlers/storeHandler.go:57.10,60.12 3 1
github.com/Ulbora/Six910/handlers/storeHandler.go:60.12,62.4 1 1
github.com/Ulbora/Six910/handlers/storeHandler.go:62.9,68.30 6 1
github.com/Ulbora/Six910/handlers/storeHandler.go:68.30,70.5 1 1
github.com/Ulbora/Six910/handlers/storeHandler.go:70.10,73.39 3 1
github.com/Ulbora/Six910/handlers/storeHandler.go:78.5,79.35 2 1
github.com/Ulbora/Six910/handlers/storeHandler.go:73.39,75.6 1 1
github.com/Ulbora/Six910/handlers/storeHandler.go:75.11,77.6 1 1
github.com/Ulbora/Six910/handlers/storeHandler.go:82.8,88.3 5 1
github.com/Ulbora/Six910/handlers/storeHandler.go:106.77,117.10 10 1
github.com/Ulbora/Six910/handlers/storeHandler.go:117.10,120.12 3 1
github.com/Ulbora/Six910/handlers/storeHandler.go:120.12,122.4 1 1
github.com/Ulbora/Six910/handlers/storeHandler.go:122.9,128.30 6 1
github.com/Ulbora/Six910/handlers/storeHandler.go:128.30,130.5 1 1
github.com/Ulbora/Six910/handlers/storeHandler.go:130.10,133.22 3 1
github.com/Ulbora/Six910/handlers/storeHandler.go:138.5,139.35 2 1
github.com/Ulbora/Six910/handlers/storeHandler.go:133.22,135.6 1 1
github.com/Ulbora/Six910/handlers/storeHandler.go:135.11,137.6 1 1
github.com/Ulbora/Six910/handlers/storeHandler.go:142.8,147.3 4 1
github.com/Ulbora/Six910/handlers/storeHandler.go:166.74,177.10 10 1
github.com/Ulbora/Six910/handlers/storeHandler.go:177.10,180.36 3 1
github.com/Ulbora/Six910/handlers/storeHandler.go:180.36,189.4 8 1
github.com/Ulbora/Six910/handlers/storeHandler.go:189.9,191.4 1 1
github.com/Ulbora/Six910/handlers/storeHandler.go:192.8,194.3 1 1
github.com/Ulbora/Six910/handlers/storeHandler.go:213.77,224.10 10 1
github.com/Ulbora/Six910/handlers/storeHandler.go:224.10,227.36 3 1
github.com/Ulbora/Six910/handlers/storeHandler.go:227.36,233.21 6 1
github.com/Ulbora/Six910/handlers/storeHandler.go:238.4,239.34 2 1
github.com/Ulbora/Six910/handlers/storeHandler.go:233.21,235.5 1 1
github.com/Ulbora/Six910/handlers/storeHandler.go:235.10,237.5 1 1
github.com/Ulbora/Six910/handlers/storeHandler.go:240.9,242.4 1 1
github.com/Ulbora/Six910/handlers/storeHandler.go:243.8,245.3 1 1
github.com/Ulbora/Six910/handlers/cartHandler.go:51.73,60.10 9 1
github.com/Ulbora/Six910/handlers/cartHandler.go:60.10,64.12 4 1
github.com/Ulbora/Six910/handlers/cartHandler.go:64.12,66.4 1 1
github.com/Ulbora/Six910/handlers/cartHandler.go:66.9,72.32 6 1
github.com/Ulbora/Six910/handlers/cartHandler.go:72.32,74.5 1 1
github.com/Ulbora/Six910/handlers/cartHandler.go:74.10,77.41 3 1
github.com/Ulbora/Six910/handlers/cartHandler.go:82.5,83.35 2 1
github.com/Ulbora/Six910/handlers/cartHandler.go:77.41,79.6 1 1
github.com/Ulbora/Six910/handlers/cartHandler.go:79.11,81.6 1 1
github.com/Ulbora/Six910/handlers/cartHandler.go:86.8,91.3 4 1
github.com/Ulbora/Six910/handlers/cartHandler.go:109.76,118.10 9 1
github.com/Ulbora/Six910/handlers/cartHandler.go:118.10,122.12 4 1
github.com/Ulbora/Six910/handlers/cartHandler.go:122.12,124.4 1 1
github.com/Ulbora/Six910/handlers/cartHandler.go:124.9,130.32 6 1
github.com/Ulbora/Six910/handlers/cartHandler.go:130.32,132.5 1 1
github.com/Ulbora/Six910/handlers/cartHandler.go:132.10,135.23 3 1
github.com/Ulbora/Six910/handlers/cartHandler.go:140.5,141.35 2 1
github.com/Ulbora/Six910/handlers/cartHandler.go:135.23,137.6 1 1
github.com/Ulbora/Six910/handlers/cartHandler.go:137.11,139.6 1 1
github.com/Ulbora/Six910/handlers/cartHandler.go:144.8,149.3 4 1
github.com/Ulbora/Six910/handlers/cartHandler.go:168.73,177.10 9 1
github.com/Ulbora/Six910/handlers/cartHandler.go:177.10,181.36 4 1
github.com/Ulbora/Six910/handlers/cartHandler.go:181.36,188.34 7 1
github.com/Ulbora/Six910/handlers/cartHandler.go:197.4,198.34 2 1
github.com/Ulbora/Six910/handlers/cartHandler.go:188.34,192.5 3 1
github.com/Ulbora/Six910/handlers/cartHandler.go:192.10,196.5 3 1
github.com/Ulbora/Six910/handlers/cartHandler.go:199.9,201.4 1 1
github.com/Ulbora/Six910/handlers/cartHandler.go:202.8,204.3 1 1
github.com/Ulbora/Six910/handlers/cartHandler.go:224.76,233.10 9 1
github.com/Ulbora/Six910/handlers/cartHandler.go:233.10,237.36 4 1
github.com/Ulbora/Six910/handlers/cartHandler.go:237.36,246.50 9 1
github.com/Ulbora/Six910/handlers/cartHandler.go:259.4,260.34 2 1
github.com/Ulbora/Six910/handlers/cartHandler.go:246.50,249.23 3 1
github.com/Ulbora/Six910/handlers/cartHandler.go:249.23,251.6 1 1
github.com/Ulbora/Six910/handlers/cartHandler.go:251.11,253.6 1 1
github.com/Ulbora/Six910/handlers/cartHandler.go:254.10,258.5 3 1
github.com/Ulbora/Six910/handlers/cartHandler.go:261.9,263.4 1 1
github.com/Ulbora/Six910/handlers/cartHandler.go:264.8,266.3 1 1
github.com/Ulbora/Six910/handlers/distributorHandler.go:51.80,60.10 9 1
github.com/Ulbora/Six910/handlers/distributorHandler.go:60.10,64.12 4 1
github.com/Ulbora/Six910/handlers/distributorHandler.go:64.12,66.4 1 1
github.com/Ulbora/Six910/handlers/distributorHandler.go:66.9,72.30 6 1
github.com/Ulbora/Six910/handlers/distributorHandler.go:72.30,74.5 1 1
github.com/Ulbora/Six910/handlers/distributorHandler.go:74.10,77.41 3 1
github.com/Ulbora/Six910/handlers/distributorHandler.go:82.5,83.35 2 1
github.com/Ulbora/Six910/handlers/distributorHandler.go:77.41,79.6 1 1
github.com/Ulbora/Six910/handlers/distributorHandler.go:79.11,81.6 1 1
github.com/Ulbora/Six910/handlers/distributorHandler.go:86.8,91.3 4 1
github.com/Ulbora/Six910/handlers/distributorHandler.go:109.83,118.10 9 1
github.com/Ulbora/Six910/handlers/distributorHandler.go:118.10,122.12 4 1
github.com/Ulbora/Six910/handlers/distributorHandler.go:122.12,124.4 1 1
github.com/Ulbora/Six910/handlers/distributorHandler.go:124.9,130.30 6 1
github.com/Ulbora/Six910/handlers/distributorHandler.go:130.30,132.5 1 1
github.com/Ulbora/Six910/handlers/distributorHandler.go:132.10,135.22 3 1
github.com/Ulbora/Six910/handlers/distributorHandler.go:140.5,141.35 2 1
github.com/Ulbora/Six910/handlers/distributorHandler.go:135.22,137.6 1 1
github.com/Ulbora/Six910/handlers/distributorHandler.go:137.11,139.6 1 1
github.com/Ulbora/Six910/handlers/distributorHandler.go:144.8,149.3 4 1
github.com/Ulbora/Six910/handlers/distributorHandler.go:168.80,177.10 9 1
github.com/Ulbora/Six910/handlers/distributorHandler.go:177.10,181.36 4 1
github.com/Ulbora/Six910/handlers/distributorHandler.go:181.36,188.34 7 1
github.com/Ulbora/Six910/handlers/distributorHandler.go:197.4,198.34 2 1
github.com/Ulbora/Six910/handlers/distributorHandler.go:188.34,192.5 3 1
github.com/Ulbora/Six910/handlers/distributorHandler.go:192.10,196.5 3 1
github.com/Ulbora/Six910/handlers/distributorHandler.go:199.9,201.4 1 1
github.com/Ulbora/Six910/handlers/distributorHandler.go:202.8,204.3 1 1
github.com/Ulbora/Six910/handlers/distributorHandler.go:222.84,231.10 9 1
github.com/Ulbora/Six910/handlers/distributorHandler.go:231.10,235.36 4 1
github.com/Ulbora/Six910/handlers/distributorHandler.go:235.36,240.19 5 1
github.com/Ulbora/Six910/handlers/distributorHandler.go:249.4,250.34 2 1
github.com/Ulbora/Six910/handlers/distributorHandler.go:240.19,244.5 3 1
github.com/Ulbora/Six910/handlers/distributorHandler.go:244.10,248.5 3 1
github.com/Ulbora/Six910/handlers/distributorHandler.go:251.9,253.4 1 1
github.com/Ulbora/Six910/handlers/distributorHandler.go:254.8,256.3 1 1
github.com/Ulbora/Six910/handlers/distributorHandler.go:275.83,284.10 9 1
github.com/Ulbora/Six910/handlers/distributorHandler.go:284.10,288.36 4 1
github.com/Ulbora/Six910/handlers/distributorHandler.go:288.36,295.34 7 1
github.com/Ulbora/Six910/handlers/distributorHandler.go:308.4,309.34 2 1
github.com/Ulbora/Six910/handlers/distributorHandler.go:295.34,298.22 3 1
github.com/Ulbora/Six910/handlers/distributorHandler.go:298.22,300.6 1 1
github.com/Ulbora/Six910/handlers/distributorHandler.go:300.11,302.6 1 1
github.com/Ulbora/Six910/handlers/distributorHandler.go:303.10,307.5 3 1
github.com/Ulbora/Six910/handlers/distributorHandler.go:310.9,312.4 1 1
github.com/Ulbora/Six910/handlers/distributorHandler.go:313.8,315.3 1 1
github.com/Ulbora/Six910/handlers/orderCommentHandler.go:43.82,52.10 9 1
github.com/Ulbora/Six910/handlers/orderCommentHandler.go:52.10,56.12 4 1
github.com/Ulbora/Six910/handlers/orderCommentHandler.go:56.12,58.4 1 1
github.com/Ulbora/Six910/handlers/orderCommentHandler.go:58.9,64.34 6 1
github.com/Ulbora/Six910/handlers/orderCommentHandler.go:64.34,66.5 1 1
github.com/Ulbora/Six910/handlers/orderCommentHandler.go:66.10,69.43 3 1
github.com/Ulbora/Six910/handlers/orderCommentHandler.go:74.5,75.35 2 1
github.com/Ulbora/Six910/handlers/orderCommentHandler.go:69.43,71.6 1 1
github.com/Ulbora/Six910/handlers/orderCommentHandler.go:71.11,73.6 1 1
github.com/Ulbora/Six910/handlers/orderCommentHandler.go:78.8,83.3 4 1
github.com/Ulbora/Six910/handlers/orderCommentHandler.go:87.85,96.10 9 1
github.com/Ulbora/Six910/handlers/orderCommentHandler.go:96.10,100.36 4 1
github.com/Ulbora/Six910/handlers/orderCommentHandler.go:100.36,107.46 7 1
github.com/Ulbora/Six910/handlers/orderCommentHandler.go:116.4,117.34 2 1
github.com/Ulbora/Six910/handlers/orderCommentHandler.go:107.46,111.5 3 1
github.com/Ulbora/Six910/handlers/orderCommentHandler.go:111.10,115.5 3 1
github.com/Ulbora/Six910/handlers/orderCommentHandler.go:118.9,120.4 1 1
github.com/Ulbora/Six910/handlers/orderCommentHandler.go:121.8,123.3 1 1
github.com/Ulbora/Six910/handlers/pluginHandler.go:37.75,46.10 9 1
github.com/Ulbora/Six910/handlers/pluginHandler.go:46.10,50.12 4 1
github.com/Ulbora/Six910/handlers/pluginHandler.go:50.12,52.4 1 1
github.com/Ulbora/Six910/handlers/pluginHandler.go:52.9,58.32 6 1
github.com/Ulbora/Six910/handlers/pluginHandler.go:58.32,60.5 1 1
github.com/Ulbora/Six910/handlers/pluginHandler.go:60.10,63.41 3 1
github.com/Ulbora/Six910/handlers/pluginHandler.go:68.5,69.35 2 1
github.com/Ulbora/Six910/handlers/pluginHandler.go:63.41,65.6 1 1
github.com/Ulbora/Six910/handlers/pluginHandler.go:65.11,67.6 1 1
github.com/Ulbora/Six910/handlers/pluginHandler.go:72.8,77.3 4 1
github.com/Ulbora/Six910/handlers/pluginHandler.go:81.78,90.10 9 1
github.com/Ulbora/Six910/handlers/pluginHandler.go:90.10,94.12 4 1
github.com/Ulbora/Six910/handlers/pluginHandler.go:94.12,96.4 1 1
github.com/Ulbora/Six910/handlers/pluginHandler.go:96.9,102.32 6 1
github.com/Ulbora/Six910/handlers/pluginHandler.go:102.32,104.5 1 1
github.com/Ulbora/Six910/handlers/pluginHandler.go:104.10,107.23 3 1
github.com/Ulbora/Six910/handlers/pluginHandler.go:112.5,113.35 2 1
github.com/Ulbora/Six910/handlers/pluginHandler.go:107.23,109.6 1 1
github.com/Ulbora/Six910/handlers/pluginHandler.go:109.11,111.6 1 1
github.com/Ulbora/Six910/handlers/pluginHandler.go:116.8,121.3 4 1
github.com/Ulbora/Six910/handlers/pluginHandler.go:125.75,134.10 9 1
github.com/Ulbora/Six910/handlers/pluginHandler.go:134.10,138.36 4 1
github.com/Ulbora/Six910/handlers/pluginHandler.go:138.36,143.24 5 1
github.com/Ulbora/Six910/handlers/pluginHandler.go:152.4,153.34 2 1
github.com/Ulbora/Six910/handlers/pluginHandler.go:143.24,147.5 3 1
github.com/Ulbora/Six910/handlers/pluginHandler.go:147.10,151.5 3 1
github.com/Ulbora/Six910/handlers/pluginHandler.go:154.9,156.4 1 1
github.com/Ulbora/Six910/handlers/pluginHandler.go:157.8,159.3 1 1
github.com/Ulbora/Six910/handlers/pluginHandler.go:163.79,172.10 9 1
github.com/Ulbora/Six910/handlers/pluginHandler.go:172.10,176.36 4 1
github.com/Ulbora/Six910/handlers/pluginHandler.go:176.36,183.42 7 1
github.com/Ulbora/Six910/handlers/pluginHandler.go:192.4,193.34 2 1
github.com/Ulbora/Six910/handlers/pluginHandler.go:183.42,187.5 3 1
github.com/Ulbora/Six910/handlers/pluginHandler.go:187.10,191.5 3 1
github.com/Ulbora/Six910/handlers/pluginHandler.go:194.9,196.4 1 1
github.com/Ulbora/Six910/handlers/pluginHandler.go:197.8,199.3 1 1
github.com/Ulbora/Six910/handlers/pluginHandler.go:203.78,212.10 9 1
github.com/Ulbora/Six910/handlers/pluginHandler.go:212.10,216.36 4 1
github.com/Ulbora/Six910/handlers/pluginHandler.go:216.36,221.23 5 1
github.com/Ulbora/Six910/handlers/pluginHandler.go:234.4,235.34 2 1
github.com/Ulbora/Six910/handlers/pluginHandler.go:221.23,224.23 3 1
github.com/Ulbora/Six910/handlers/pluginHandler.go:224.23,226.6 1 1
github.com/Ulbora/Six910/handlers/pluginHandler.go:226.11,228.6 1 1
github.com/Ulbora/Six910/handlers/pluginHandler.go:229.10,233.5 3 1
github.com/Ulbora/Six910/handlers/pluginHandler.go:236.9,238.4 1 1
github.com/Ulbora/Six910/handlers/pluginHandler.go:239.8,241.3 1 1
github.com/Ulbora/Six910/handlers/includedSubRegionHandler.go:57.86,66.10 9 1
github.com/Ulbora/Six910/handlers/includedSubRegionHandler.go:66.10,70.12 4 1
github.com/Ulbora/Six910/handlers/includedSubRegionHandler.go:70.12,72.4 1 1
github.com/Ulbora/Six910/handlers/includedSubRegionHandler.go:72.9,78.38 6 1
github.com/Ulbora/Six910/handlers/includedSubRegionHandler.go:78.38,80.5 1 1
github.com/Ulbora/Six910/handlers/includedSubRegionHandler.go:80.10,83.47 3 1
github.com/Ulbora/Six910/handlers/includedSubRegionHandler.go:88.5,89.35 2 1
github.com/Ulbora/Six910/handlers/includedSubRegionHandler.go:83.47,85.6 1 1
github.com/Ulbora/Six910/handlers/includedSubRegionHandler.go:85.11,87.6 1 1
github.com/Ulbora/Six910/handlers/includedSubRegionHandler.go:92.8,97.3 4 1
github.com/Ulbora/Six910/handlers/includedSubRegionHandler.go:101.89,110.10 9 1
github.com/Ulbora/Six910/handlers/includedSubRegionHandler.go:110.10,114.12 4 1
github.com/Ulbora/Six910/handlers/includedSubRegionHandler.go:114.12,116.4 1 1
github.com/Ulbora/Six910/handlers/includedSubRegionHandler.go:116.9,122.38 6 1
github.com/Ulbora/Six910/handlers/includedSubRegionHandler.go:122.38,124.5 1 1
github.com/Ulbora/Six910/handlers/includedSubRegionHandler.go:124.10,127.26 3 1
github.com/Ulbora/Six910/handlers/includedSubRegionHandler.go:132.5,133.35 2 1
github.com/Ulbora/Six910/handlers/includedSubRegionHandler.go:127.26,129.6 1 1
github.com/Ulbora/Six910/handlers/includedSubRegionHandler.go:129.11,131.6 1 1
github.com/Ulbora/Six910/handlers/includedSubRegionHandler.go:136.8,141.3 4 1
github.com/Ulbora/Six910/handlers/includedSubRegionHandler.go:145.86,154.10 9 1
github.com/Ulbora/Six910/handlers/includedSubRegionHandler.go:154.10,158.36 4 1
github.com/Ulbora/Six910/handlers/includedSubRegionHandler.go:158.36,165.49 7 1
github.com/Ulbora/Six910/handlers/includedSubRegionHandler.go:174.4,175.34 2 1
github.com/Ulbora/Six910/handlers/includedSubRegionHandler.go:165.49,169.5 3 1
github.com/Ulbora/Six910/handlers/includedSubRegionHandler.go:169.10,173.5 3 1
github.com/Ulbora/Six910/handlers/includedSubRegionHandler.go:176.9,178.4 1 1
github.com/Ulbora/Six910/handlers/includedSubRegionHandler.go:179.8,181.3 1 1
github.com/Ulbora/Six910/handlers/includedSubRegionHandler.go:200.90,209.10 9 1
github.com/Ulbora/Six910/handlers/includedSubRegionHandler.go:209.10,213.36 4 1
github.com/Ulbora/Six910/handlers/includedSubRegionHandler.go:213.36,220.45 7 1
github.com/Ulbora/Six910/handlers/includedSubRegionHandler.go:229.4,230.34 2 1
github.com/Ulbora/Six910/handlers/includedSubRegionHandler.go:220.45,224.5 3 1
github.com/Ulbora/Six910/handlers/includedSubRegionHandler.go:224.10,228.5 3 1
github.com/Ulbora/Six910/handlers/includedSubRegionHandler.go:231.9,233.4 1 1
github.com/Ulbora/Six910/handlers/includedSubRegionHandler.go:234.8,236.3 1 1
github.com/Ulbora/Six910/handlers/includedSubRegionHandler.go:256.89,265.10 9 1
github.com/Ulbora/Six910/handlers/includedSubRegionHandler.go:265.10,269.36 4 1
github.com/Ulbora/Six910/handlers/includedSubRegionHandler.go:269.36,278.71 9 1
github.com/Ulbora/Six910/handlers/includedSubRegionHandler.go:291.4,292.34 2 1
github.com/Ulbora/Six910/handlers/includedSubRegionHandler.go:278.71,281.26 3 1
github.com/Ulbora/Six910/handlers/includedSubRegionHandler.go:281.26,283.6 1 1
github.com/Ulbora/Six910/handlers/includedSubRegionHandler.go:283.11,285.6 1 1
github.com/Ulbora/Six910/handlers/includedSubRegionHandler.go:286.10,290.5 3 1
github.com/Ulbora/Six910/handlers/includedSubRegionHandler.go:293.9,295.4 1 1
github.com/Ulbora/Six910/handlers/includedSubRegionHandler.go:296.8,298.3 1 1
github.com/Ulbora/Six910/handlers/instanceHandler.go:37.77,46.10 9 1
github.com/Ulbora/Six910/handlers/instanceHandler.go:46.10,50.12 4 1
github.com/Ulbora/Six910/handlers/instanceHandler.go:50.12,52.4 1 1
github.com/Ulbora/Six910/handlers/instanceHandler.go:52.9,58.36 6 1
github.com/Ulbora/Six910/handlers/instanceHandler.go:58.36,60.5 1 1
github.com/Ulbora/Six910/handlers/instanceHandler.go:60.10,63.25 3 1
github.com/Ulbora/Six910/handlers/instanceHandler.go:68.5,69.35 2 1
github.com/Ulbora/Six910/handlers/instanceHandler.go:63.25,65.6 1 1
github.com/Ulbora/Six910/handlers/instanceHandler.go:65.11,67.6 1 1
github.com/Ulbora/Six910/handlers/instanceHandler.go:72.8,77.3 4 1
github.com/Ulbora/Six910/handlers/instanceHandler.go:81.80,90.10 9 1
github.com/Ulbora/Six910/handlers/instanceHandler.go:90.10,94.12 4 1
github.com/Ulbora/Six910/handlers/instanceHandler.go:94.12,96.4 1 1
github.com/Ulbora/Six910/handlers/instanceHandler.go:96.9,102.36 6 1
github.com/Ulbora/Six910/handlers/instanceHandler.go:102.36,104.5 1 1
github.com/Ulbora/Six910/handlers/instanceHandler.go:104.10,107.25 3 1
github.com/Ulbora/Six910/handlers/instanceHandler.go:112.5,113.35 2 1
github.com/Ulbora/Six910/handlers/instanceHandler.go:107.25,109.6 1 1
github.com/Ulbora/Six910/handlers/instanceHandler.go:109.11,111.6 1 1
github.com/Ulbora/Six910/handlers/instanceHandler.go:116.8,121.3 4 1
github.com/Ulbora/Six910/handlers/instanceHandler.go:125.77,134.10 9 1
github.com/Ulbora/Six910/handlers/instanceHandler.go:134.10,138.36 4 1
github.com/Ulbora/Six910/handlers/instanceHandler.go:138.36,146.26 7 1
github.com/Ulbora/Six910/handlers/instanceHandler.go:155.4,156.34 2 1
github.com/Ulbora/Six910/handlers/instanceHandler.go:146.26,150.5 3 1
github.com/Ulbora/Six910/handlers/instanceHandler.go:150.10,154.5 3 1
github.com/Ulbora/Six910/handlers/instanceHandler.go:157.9,159.4 1 1
github.com/Ulbora/Six910/handlers/instanceHandler.go:160.8,162.3 1 1
github.com/Ulbora/Six910/handlers/paymentGatewayHandler.go:43.83,52.10 9 1
github.com/Ulbora/Six910/handlers/paymentGatewayHandler.go:52.10,56.12 4 1
github.com/Ulbora/Six910/handlers/paymentGatewayHandler.go:56.12,58.4 1 1
github.com/Ulbora/Six910/handlers/paymentGatewayHandler.go:58.9,64.34 6 1
github.com/Ulbora/Six910/handlers/paymentGatewayHandler.go:64.34,66.5 1 1
github.com/Ulbora/Six910/handlers/paymentGatewayHandler.go:66.10,69.43 3 1
github.com/Ulbora/Six910/handlers/paymentGatewayHandler.go:74.5,75.35 2 1
github.com/Ulbora/Six910/handlers/paymentGatewayHandler.go:69.43,71.6 1 1
github.com/Ulbora/Six910/handlers/paymentGatewayHandler.go:71.11,73.6 1 1
github.com/Ulbora/Six910/handlers/paymentGatewayHandler.go:78.8,83.3 4 1
github.com/Ulbora/Six910/handlers/paymentGatewayHandler.go:87.86,96.10 9 1
github.com/Ulbora/Six910/handlers/paymentGatewayHandler.go:96.10,100.12 4 1
github.com/Ulbora/Six910/handlers/paymentGatewayHandler.go:100.12,102.4 1 1
github.com/Ulbora/Six910/handlers/paymentGatewayHandler.go:102.9,108.34 6 1
github.com/Ulbora/Six910/handlers/paymentGatewayHandler.go:108.34,110.5 1 1
github.com/Ulbora/Six910/handlers/paymentGatewayHandler.go:110.10,113.24 3 1
github.com/Ulbora/Six910/handlers/paymentGatewayHandler.go:118.5,119.35 2 1
github.com/Ulbora/Six910/handlers/paymentGatewayHandler.go:113.24,115.6 1 1
github.com/Ulbora/Six910/handlers/paymentGatewayHandler.go:115.11,117.6 1 1
github.com/Ulbora/Six910/handlers/paymentGatewayHandler.go:122.8,127.3 4 1
github.com/Ulbora/Six910/handlers/paymentGatewayHandler.go:131.83,140.10 9 1
github.com/Ulbora/Six910/handlers/paymentGatewayHandler.go:140.10,144.36 4 1
github.com/Ulbora/Six910/handlers/paymentGatewayHandler.go:144.36,151.45 7 1
github.com/Ulbora/Six910/handlers/paymentGatewayHandler.go:160.4,161.34 2 1
github.com/Ulbora/Six910/handlers/paymentGatewayHandler.go:151.45,155.5 3 1
github.com/Ulbora/Six910/handlers/paymentGatewayHandler.go:155.10,159.5 3 1
github.com/Ulbora/Six910/handlers/paymentGatewayHandler.go:162.9,164.4 1 1
github.com/Ulbora/Six910/handlers/paymentGatewayHandler.go:165.8,167.3 1 1
github.com/Ulbora/Six910/handlers/paymentGatewayHandler.go:171.84,180.10 9 1
github.com/Ulbora/Six910/handlers/paymentGatewayHandler.go:180.10,184.36 4 1
github.com/Ulbora/Six910/handlers/paymentGatewayHandler.go:184.36,189.23 5 1
github.com/Ulbora/Six910/handlers/paymentGatewayHandler.go:198.4,199.34 2 1
github.com/Ulbora/Six910/handlers/paymentGatewayHandler.go:189.23,193.5 3 1
github.com/Ulbora/Six910/handlers/paymentGatewayHandler.go:193.10,197.5 3 1
github.com/Ulbora/Six910/handlers/paymentGatewayHandler.go:200.9,202.4 1 1
github.com/Ulbora/Six910/handlers/paymentGatewayHandler.go:203.8,205.3 1 1
github.com/Ulbora/Six910/handlers/paymentGatewayHandler.go:209.86,218.10 9 1
github.com/Ulbora/Six910/handlers/paymentGatewayHandler.go:218.10,222.36 4 1
github.com/Ulbora/Six910/handlers/paymentGatewayHandler.go:222.36,229.45 7 1
github.com/Ulbora/Six910/handlers/paymentGatewayHandler.go:242.4,243.34 2 1
github.com/Ulbora/Six910/handlers/paymentGatewayHandler.go:229.45,232.24 3 1
github.com/Ulbora/Six910/handlers/paymentGatewayHandler.go:232.24,234.6 1 1
github.com/Ulbora/Six910/handlers/paymentGatewayHandler.go:234.11,236.6 1 1
github.com/Ulbora/Six910/handlers/paymentGatewayHandler.go:237.10,241.5 3 1
github.com/Ulbora/Six910/handlers/paymentGatewayHandler.go:244.9,246.4 1 1
github.com/Ulbora/Six910/handlers/paymentGatewayHandler.go:247.8,249.3 1 1
github.com/Ulbora/Six910/handlers/subRegionHandlers.go:57.78,66.10 9 1
github.com/Ulbora/Six910/handlers/subRegionHandlers.go:66.10,70.12 4 1
github.com/Ulbora/Six910/handlers/subRegionHandlers.go:70.12,72.4 1 1
github.com/Ulbora/Six910/handlers/subRegionHandlers.go:72.9,78.36 6 1
github.com/Ulbora/Six910/handlers/subRegionHandlers.go:78.36,80.5 1 1
github.com/Ulbora/Six910/handlers/subRegionHandlers.go:80.10,83.45 3 1
github.com/Ulbora/Six910/handlers/subRegionHandlers.go:88.5,89.35 2 1
github.com/Ulbora/Six910/handlers/subRegionHandlers.go:83.45,85.6 1 1
github.com/Ulbora/Six910/handlers/subRegionHandlers.go:85.11,87.6 1 1
github.com/Ulbora/Six910/handlers/subRegionHandlers.go:92.8,97.3 4 1
github.com/Ulbora/Six910/handlers/subRegionHandlers.go:115.81,124.10 9 1
github.com/Ulbora/Six910/handlers/subRegionHandlers.go:124.10,128.12 4 1
github.com/Ulbora/Six910/handlers/subRegionHandlers.go:128.12,130.4 1 1
github.com/Ulbora/Six910/handlers/subRegionHandlers.go:130.9,136.36 6 1
github.com/Ulbora/Six910/handlers/subRegionHandlers.go:136.36,138.5 1 1
github.com/Ulbora/Six910/handlers/subRegionHandlers.go:138.10,141.25 3 1
github.com/Ulbora/Six910/handlers/subRegionHandlers.go:146.5,147.35 2 1
github.com/Ulbora/Six910/handlers/subRegionHandlers.go:141.25,143.6 1 1
github.com/Ulbora/Six910/handlers/subRegionHandlers.go:143.11,145.6 1 1
github.com/Ulbora/Six910/handlers/subRegionHandlers.go:150.8,155.3 4 1
github.com/Ulbora/Six910/handlers/subRegionHandlers.go:174.78,183.10 9 1
github.com/Ulbora/Six910/handlers/subRegionHandlers.go:183.10,187.36 4 1
github.com/Ulbora/Six910/handlers/subRegionHandlers.go:187.36,194.47 7 1
github.com/Ulbora/Six910/handlers/subRegionHandlers.go:203.4,204.34 2 1
github.com/Ulbora/Six910/handlers/subRegionHandlers.go:194.47,198.5 3 1
github.com/Ulbora/Six910/handlers/subRegionHandlers.go:198.10,202.5 3 1
github.com/Ulbora/Six910/handlers/subRegionHandlers.go:205.9,207.4 1 1
github.com/Ulbora/Six910/handlers/subRegionHandlers.go:208.8,210.3 1 1
github.com/Ulbora/Six910/handlers/subRegionHandlers.go:229.82,238.10 9 1
github.com/Ulbora/Six910/handlers/subRegionHandlers.go:238.10,242.36 4 1
github.com/Ulbora/Six910/handlers/subRegionHandlers.go:242.36,249.43 7 1
github.com/Ulbora/Six910/handlers/subRegionHandlers.go:258.4,259.34 2 1
github.com/Ulbora/Six910/handlers/subRegionHandlers.go:249.43,253.5 3 1
github.com/Ulbora/Six910/handlers/subRegionHandlers.go:253.10,257.5 3 1
github.com/Ulbora/Six910/handlers/subRegionHandlers.go:260.9,262.4 1 1
github.com/Ulbora/Six910/handlers/subRegionHandlers.go:263.8,265.3 1 1
github.com/Ulbora/Six910/handlers/subRegionHandlers.go:284.81,293.10 9 1
github.com/Ulbora/Six910/handlers/subRegionHandlers.go:293.10,297.36 4 1
github.com/Ulbora/Six910/handlers/subRegionHandlers.go:297.36,304.47 7 1
github.com/Ulbora/Six910/handlers/subRegionHandlers.go:317.4,318.34 2 1
github.com/Ulbora/Six910/handlers/subRegionHandlers.go:304.47,307.25 3 1
github.com/Ulbora/Six910/handlers/subRegionHandlers.go:307.25,309.6 1 1
github.com/Ulbora/Six910/handlers/subRegionHandlers.go:309.11,311.6 1 1
github.com/Ulbora/Six910/handlers/subRegionHandlers.go:312.10,316.5 3 1
github.com/Ulbora/Six910/handlers/subRegionHandlers.go:319.9,321.4 1 1
github.com/Ulbora/Six910/handlers/subRegionHandlers.go:322.8,324.3 1 1
github.com/Ulbora/Six910/handlers/writeLockHandler.go:37.87,46.10 9 1
github.com/Ulbora/Six910/handlers/writeLockHandler.go:46.10,50.12 4 1
github.com/Ulbora/Six910/handlers/writeLockHandler.go:50.12,52.4 1 1
github.com/Ulbora/Six910/handlers/writeLockHandler.go:52.9,58.34 6 1
github.com/Ulbora/Six910/handlers/writeLockHandler.go:58.34,60.5 1 1
github.com/Ulbora/Six910/handlers/writeLockHandler.go:60.10,63.24 3 1
github.com/Ulbora/Six910/handlers/writeLockHandler.go:68.5,69.35 2 1
github.com/Ulbora/Six910/handlers/writeLockHandler.go:63.24,65.6 1 1
github.com/Ulbora/Six910/handlers/writeLockHandler.go:65.11,67.6 1 1
github.com/Ulbora/Six910/handlers/writeLockHandler.go:72.8,77.3 4 1
github.com/Ulbora/Six910/handlers/writeLockHandler.go:81.90,90.10 9 1
github.com/Ulbora/Six910/handlers/writeLockHandler.go:90.10,94.12 4 1
github.com/Ulbora/Six910/handlers/writeLockHandler.go:94.12,96.4 1 1
github.com/Ulbora/Six910/handlers/writeLockHandler.go:96.9,102.34 6 1
github.com/Ulbora/Six910/handlers/writeLockHandler.go:102.34,104.5 1 1
github.com/Ulbora/Six910/handlers/writeLockHandler.go:104.10,107.24 3 1
github.com/Ulbora/Six910/handlers/writeLockHandler.go:112.5,113.35 2 1
github.com/Ulbora/Six910/handlers/writeLockHandler.go:107.24,109.6 1 1
github.com/Ulbora/Six910/handlers/writeLockHandler.go:109.11,111.6 1 1
github.com/Ulbora/Six910/handlers/writeLockHandler.go:116.8,121.3 4 1
github.com/Ulbora/Six910/handlers/writeLockHandler.go:125.87,134.10 9 1
github.com/Ulbora/Six910/handlers/writeLockHandler.go:134.10,138.36 4 1
github.com/Ulbora/Six910/handlers/writeLockHandler.go:138.36,145.25 6 1
github.com/Ulbora/Six910/handlers/writeLockHandler.go:154.4,155.34 2 1
github.com/Ulbora/Six910/handlers/writeLockHandler.go:145.25,149.5 3 1
github.com/Ulbora/Six910/handlers/writeLockHandler.go:149.10,153.5 3 1
github.com/Ulbora/Six910/handlers/writeLockHandler.go:156.9,158.4 1 1
github.com/Ulbora/Six910/handlers/writeLockHandler.go:159.8,161.3 1 1
github.com/Ulbora/Six910/handlers/securityProcessor.go:32.76,42.38 6 1
github.com/Ulbora/Six910/handlers/securityProcessor.go:83.2,83.12 1 1
github.com/Ulbora/Six910/handlers/securityProcessor.go:42.38,45.9 3 1
github.com/Ulbora/Six910/handlers/securityProcessor.go:45.9,61.111 15 1
github.com/Ulbora/Six910/handlers/securityProcessor.go:61.111,63.5 1 1
github.com/Ulbora/Six910/handlers/securityProcessor.go:66.8,66.28 1 1
github.com/Ulbora/Six910/handlers/securityProcessor.go:66.28,73.25 2 1
github.com/Ulbora/Six910/handlers/securityProcessor.go:80.3,81.59 2 1
github.com/Ulbora/Six910/handlers/securityProcessor.go:73.25,77.4 3 1
github.com/Ulbora/Six910/handlers/securityProcessor.go:77.9,79.4 1 1
github.com/Ulbora/Six910/handlers/shipmentItemHandler.go:43.81,52.10 9 1
github.com/Ulbora/Six910/handlers/shipmentItemHandler.go:52.10,56.12 4 1
github.com/Ulbora/Six910/handlers/shipmentItemHandler.go:56.12,58.4 1 1
github.com/Ulbora/Six910/handlers/shipmentItemHandler.go:58.9,64.34 6 1
github.com/Ulbora/Six910/handlers/shipmentItemHandler.go:64.34,66.5 1 1
github.com/Ulbora/Six910/handlers/shipmentItemHandler.go:66.10,69.43 3 1
github.com/Ulbora/Six910/handlers/shipmentItemHandler.go:74.5,75.35 2 1
github.com/Ulbora/Six910/handlers/shipmentItemHandler.go:69.43,71.6 1 1
github.com/Ulbora/Six910/handlers/shipmentItemHandler.go:71.11,73.6 1 1
github.com/Ulbora/Six910/handlers/shipmentItemHandler.go:78.8,83.3 4 1
github.com/Ulbora/Six910/handlers/shipmentItemHandler.go:87.84,96.10 9 1
github.com/Ulbora/Six910/handlers/shipmentItemHandler.go:96.10,100.12 4 1
github.com/Ulbora/Six910/handlers/shipmentItemHandler.go:100.12,102.4 1 1
github.com/Ulbora/Six910/handlers/shipmentItemHandler.go:102.9,108.34 6 1
github.com/Ulbora/Six910/handlers/shipmentItemHandler.go:108.34,110.5 1 1
github.com/Ulbora/Six910/handlers/shipmentItemHandler.go:110.10,113.24 3 1
github.com/Ulbora/Six910/handlers/shipmentItemHandler.go:118.5,119.35 2 1
github.com/Ulbora/Six910/handlers/shipmentItemHandler.go:113.24,115.6 1 1
github.com/Ulbora/Six910/handlers/shipmentItemHandler.go:115.11,117.6 1 1
github.com/Ulbora/Six910/handlers/shipmentItemHandler.go:122.8,127.3 4 1
github.com/Ulbora/Six910/handlers/shipmentItemHandler.go:131.81,140.10 9 1
github.com/Ulbora/Six910/handlers/shipmentItemHandler.go:140.10,144.36 4 1
github.com/Ulbora/Six910/handlers/shipmentItemHandler.go:144.36,151.45 7 1
github.com/Ulbora/Six910/handlers/shipmentItemHandler.go:160.4,161.34 2 1
github.com/Ulbora/Six910/handlers/shipmentItemHandler.go:151.45,155.5 3 1
github.com/Ulbora/Six910/handlers/shipmentItemHandler.go:155.10,159.5 3 1
github.com/Ulbora/Six910/handlers/shipmentItemHandler.go:162.9,164.4 1 1
github.com/Ulbora/Six910/handlers/shipmentItemHandler.go:165.8,167.3 1 1
github.com/Ulbora/Six910/handlers/shipmentItemHandler.go:171.85,180.10 9 1
github.com/Ulbora/Six910/handlers/shipmentItemHandler.go:180.10,184.36 4 1
github.com/Ulbora/Six910/handlers/shipmentItemHandler.go:184.36,191.46 7 1
github.com/Ulbora/Six910/handlers/shipmentItemHandler.go:200.4,201.34 2 1
github.com/Ulbora/Six910/handlers/shipmentItemHandler.go:191.46,195.5 3 1
github.com/Ulbora/Six910/handlers/shipmentItemHandler.go:195.10,199.5 3 1
github.com/Ulbora/Six910/handlers/shipmentItemHandler.go:202.9,204.4 1 1
github.com/Ulbora/Six910/handlers/shipmentItemHandler.go:205.8,207.3 1 1
github.com/Ulbora/Six910/handlers/shipmentItemHandler.go:211.90,220.10 9 1
github.com/Ulbora/Six910/handlers/shipmentItemHandler.go:220.10,224.36 4 1
github.com/Ulbora/Six910/handlers/shipmentItemHandler.go:224.36,231.48 7 1
github.com/Ulbora/Six910/handlers/shipmentItemHandler.go:240.4,241.34 2 1
github.com/Ulbora/Six910/handlers/shipmentItemHandler.go:231.48,235.5 3 1
github.com/Ulbora/Six910/handlers/shipmentItemHandler.go:235.10,239.5 3 1
github.com/Ulbora/Six910/handlers/shipmentItemHandler.go:242.9,244.4 1 1
github.com/Ulbora/Six910/handlers/shipmentItemHandler.go:245.8,247.3 1 1
github.com/Ulbora/Six910/handlers/shipmentItemHandler.go:251.84,260.10 9 1
github.com/Ulbora/Six910/handlers/shipmentItemHandler.go:260.10,264.36 4 1
github.com/Ulbora/Six910/handlers/shipmentItemHandler.go:264.36,271.45 7 1
github.com/Ulbora/Six910/handlers/shipmentItemHandler.go:284.4,285.34 2 1
github.com/Ulbora/Six910/handlers/shipmentItemHandler.go:271.45,274.24 3 1
github.com/Ulbora/Six910/handlers/shipmentItemHandler.go:274.24,276.6 1 1
github.com/Ulbora/Six910/handlers/shipmentItemHandler.go:276.11,278.6 1 1
github.com/Ulbora/Six910/handlers/shipmentItemHandler.go:279.10,283.5 3 1
github.com/Ulbora/Six910/handlers/shipmentItemHandler.go:286.9,288.4 1 1
github.com/Ulbora/Six910/handlers/shipmentItemHandler.go:289.8,291.3 1 1
github.com/Ulbora/Six910/handlers/shippingCarrierHandler.go:51.84,60.10 9 1
github.com/Ulbora/Six910/handlers/shippingCarrierHandler.go:60.10,64.12 4 1
github.com/Ulbora/Six910/handlers/shippingCarrierHandler.go:64.12,66.4 1 1
github.com/Ulbora/Six910/handlers/shippingCarrierHandler.go:66.9,72.34 6 1
github.com/Ulbora/Six910/handlers/shippingCarrierHandler.go:72.34,74.5 1 1
github.com/Ulbora/Six910/handlers/shippingCarrierHandler.go:74.10,77.43 3 1
github.com/Ulbora/Six910/handlers/shippingCarrierHandler.go:82.5,83.35 2 1
github.com/Ulbora/Six910/handlers/shippingCarrierHandler.go:77.43,79.6 1 1
github.com/Ulbora/Six910/handlers/shippingCarrierHandler.go:79.11,81.6 1 1
github.com/Ulbora/Six910/handlers/shippingCarrierHandler.go:86.8,91.3 4 1
github.com/Ulbora/Six910/handlers/shippingCarrierHandler.go:109.87,118.10 9 1
github.com/Ulbora/Six910/handlers/shippingCarrierHandler.go:118.10,122.12 4 1
github.com/Ulbora/Six910/handlers/shippingCarrierHandler.go:122.12,124.4 1 1
github.com/Ulbora/Six910/handlers/shippingCarrierHandler.go:124.9,130.34 6 1
github.com/Ulbora/Six910/handlers/shippingCarrierHandler.go:130.34,132.5 1 1
github.com/Ulbora/Six910/handlers/shippingCarrierHandler.go:132.10,135.24 3 1
github.com/Ulbora/Six910/handlers/shippingCarrierHandler.go:140.5,141.35 2 1
github.com/Ulbora/Six910/handlers/shippingCarrierHandler.go:135.24,137.6 1 1
github.com/Ulbora/Six910/handlers/shippingCarrierHandler.go:137.11,139.6 1 1
github.com/Ulbora/Six910/handlers/shippingCarrierHandler.go:144.8,149.3 4 1
github.com/Ulbora/Six910/handlers/shippingCarrierHandler.go:168.84,177.10 9 1
github.com/Ulbora/Six910/handlers/shippingCarrierHandler.go:177.10,181.36 4 1
github.com/Ulbora/Six910/handlers/shippingCarrierHandler.go:181.36,188.45 7 1
github.com/Ulbora/Six910/handlers/shippingCarrierHandler.go:197.4,198.34 2 1
github.com/Ulbora/Six910/handlers/shippingCarrierHandler.go:188.45,192.5 3 1
github.com/Ulbora/Six910/handlers/shippingCarrierHandler.go:192.10,196.5 3 1
github.com/Ulbora/Six910/handlers/shippingCarrierHandler.go:199.9,201.4 1 1
github.com/Ulbora/Six910/handlers/shippingCarrierHandler.go:202.8,204.3 1 1
github.com/Ulbora/Six910/handlers/shippingCarrierHandler.go:222.88,231.10 9 1
github.com/Ulbora/Six910/handlers/shippingCarrierHandler.go:231.10,235.36 4 1
github.com/Ulbora/Six910/handlers/shippingCarrierHandler.go:235.36,240.23 5 1
github.com/Ulbora/Six910/handlers/shippingCarrierHandler.go:249.4,250.34 2 1
github.com/Ulbora/Six910/handlers/shippingCarrierHandler.go:240.23,244.5 3 1
github.com/Ulbora/Six910/handlers/shippingCarrierHandler.go:244.10,248.5 3 1
github.com/Ulbora/Six910/handlers/shippingCarrierHandler.go:251.9,253.4 1 1
github.com/Ulbora/Six910/handlers/shippingCarrierHandler.go:254.8,256.3 1 1
github.com/Ulbora/Six910/handlers/shippingCarrierHandler.go:275.87,284.10 9 1
github.com/Ulbora/Six910/handlers/shippingCarrierHandler.go:284.10,288.36 4 1
github.com/Ulbora/Six910/handlers/shippingCarrierHandler.go:288.36,295.45 7 1
github.com/Ulbora/Six910/handlers/shippingCarrierHandler.go:308.4,309.34 2 1
github.com/Ulbora/Six910/handlers/shippingCarrierHandler.go:295.45,298.24 3 1
github.com/Ulbora/Six910/handlers/shippingCarrierHandler.go:298.24,300.6 1 1
github.com/Ulbora/Six910/handlers/shippingCarrierHandler.go:300.11,302.6 1 1
github.com/Ulbora/Six910/handlers/shippingCarrierHandler.go:303.10,307.5 3 1
github.com/Ulbora/Six910/handlers/shippingCarrierHandler.go:310.9,312.4 1 1
github.com/Ulbora/Six910/handlers/shippingCarrierHandler.go:313.8,315.3 1 1
github.com/Ulbora/Six910/handlers/customerHandler.go:51.77,61.10 10 1
github.com/Ulbora/Six910/handlers/customerHandler.go:61.10,64.12 3 1
github.com/Ulbora/Six910/handlers/customerHandler.go:64.12,66.4 1 1
github.com/Ulbora/Six910/handlers/customerHandler.go:66.9,72.30 6 1
github.com/Ulbora/Six910/handlers/customerHandler.go:72.30,74.5 1 1
github.com/Ulbora/Six910/handlers/customerHandler.go:74.10,77.39 3 1
github.com/Ulbora/Six910/handlers/customerHandler.go:82.5,83.35 2 1
github.com/Ulbora/Six910/handlers/customerHandler.go:77.39,79.6 1 1
github.com/Ulbora/Six910/handlers/customerHandler.go:79.11,81.6 1 1
github.com/Ulbora/Six910/handlers/customerHandler.go:86.8,91.3 4 1
github.com/Ulbora/Six910/handlers/customerHandler.go:109.80,119.10 10 1
github.com/Ulbora/Six910/handlers/customerHandler.go:119.10,122.12 3 1
github.com/Ulbora/Six910/handlers/customerHandler.go:122.12,124.4 1 1
github.com/Ulbora/Six910/handlers/customerHandler.go:124.9,130.30 6 1
github.com/Ulbora/Six910/handlers/customerHandler.go:130.30,132.5 1 1
github.com/Ulbora/Six910/handlers/customerHandler.go:132.10,135.22 3 1
github.com/Ulbora/Six910/handlers/customerHandler.go:140.5,141.35 2 1
github.com/Ulbora/Six910/handlers/customerHandler.go:135.22,137.6 1 1
github.com/Ulbora/Six910/handlers/customerHandler.go:137.11,139.6 1 1
github.com/Ulbora/Six910/handlers/customerHandler.go:144.8,149.3 4 1
github.com/Ulbora/Six910/handlers/customerHandler.go:168.77,179.10 10 1
github.com/Ulbora/Six910/handlers/customerHandler.go:179.10,182.36 3 1
github.com/Ulbora/Six910/handlers/customerHandler.go:182.36,188.18 6 1
github.com/Ulbora/Six910/handlers/customerHandler.go:197.4,198.34 2 1
github.com/Ulbora/Six910/handlers/customerHandler.go:188.18,192.5 3 1
github.com/Ulbora/Six910/handlers/customerHandler.go:192.10,196.5 3 1
github.com/Ulbora/Six910/handlers/customerHandler.go:199.9,201.4 1 1
github.com/Ulbora/Six910/handlers/customerHandler.go:202.8,204.3 1 1
github.com/Ulbora/Six910/handlers/customerHandler.go:223.79,233.10 10 1
github.com/Ulbora/Six910/handlers/customerHandler.go:233.10,236.36 3 1
github.com/Ulbora/Six910/handlers/customerHandler.go:236.36,243.34 7 1
github.com/Ulbora/Six910/handlers/customerHandler.go:252.4,253.34 2 1
github.com/Ulbora/Six910/handlers/customerHandler.go:243.34,247.5 3 1
github.com/Ulbora/Six910/handlers/customerHandler.go:247.10,251.5 3 1
github.com/Ulbora/Six910/handlers/customerHandler.go:254.9,256.4 1 1
github.com/Ulbora/Six910/handlers/customerHandler.go:257.8,259.3 1 1
github.com/Ulbora/Six910/handlers/customerHandler.go:277.81,287.10 10 1
github.com/Ulbora/Six910/handlers/customerHandler.go:287.10,290.36 3 1
github.com/Ulbora/Six910/handlers/customerHandler.go:290.36,295.19 5 1
github.com/Ulbora/Six910/handlers/customerHandler.go:304.4,305.34 2 1
github.com/Ulbora/Six910/handlers/customerHandler.go:295.19,299.5 3 1
github.com/Ulbora/Six910/handlers/customerHandler.go:299.10,303.5 3 1
github.com/Ulbora/Six910/handlers/customerHandler.go:306.9,308.4 1 1
github.com/Ulbora/Six910/handlers/customerHandler.go:309.8,311.3 1 1
github.com/Ulbora/Six910/handlers/customerHandler.go:330.80,340.10 10 1
github.com/Ulbora/Six910/handlers/customerHandler.go:340.10,343.36 3 1
github.com/Ulbora/Six910/handlers/customerHandler.go:343.36,350.34 7 1
github.com/Ulbora/Six910/handlers/customerHandler.go:363.4,364.34 2 1
github.com/Ulbora/Six910/handlers/customerHandler.go:350.34,353.22 3 1
github.com/Ulbora/Six910/handlers/customerHandler.go:353.22,355.6 1 1
github.com/Ulbora/Six910/handlers/customerHandler.go:355.11,357.6 1 1
github.com/Ulbora/Six910/handlers/customerHandler.go:358.10,362.5 3 1
github.com/Ulbora/Six910/handlers/customerHandler.go:365.9,367.4 1 1
github.com/Ulbora/Six910/handlers/customerHandler.go:368.8,370.3 1 1
github.com/Ulbora/Six910/handlers/datastoreHandler.go:37.83,46.10 9 1
github.com/Ulbora/Six910/handlers/datastoreHandler.go:46.10,50.12 4 1
github.com/Ulbora/Six910/handlers/datastoreHandler.go:50.12,52.4 1 1
github.com/Ulbora/Six910/handlers/datastoreHandler.go:52.9,58.34 6 1
github.com/Ulbora/Six910/handlers/datastoreHandler.go:58.34,60.5 1 1
github.com/Ulbora/Six910/handlers/datastoreHandler.go:60.10,63.24 3 1
github.com/Ulbora/Six910/handlers/datastoreHandler.go:68.5,69.35 2 1
github.com/Ulbora/Six910/handlers/datastoreHandler.go:63.24,65.6 1 1
github.com/Ulbora/Six910/handlers/datastoreHandler.go:65.11,67.6 1 1
github.com/Ulbora/Six910/handlers/datastoreHandler.go:72.8,77.3 4 1
github.com/Ulbora/Six910/handlers/datastoreHandler.go:81.86,90.10 9 1
github.com/Ulbora/Six910/handlers/datastoreHandler.go:90.10,94.12 4 1
github.com/Ulbora/Six910/handlers/datastoreHandler.go:94.12,96.4 1 1
github.com/Ulbora/Six910/handlers/datastoreHandler.go:96.9,102.34 6 1
github.com/Ulbora/Six910/handlers/datastoreHandler.go:102.34,104.5 1 1
github.com/Ulbora/Six910/handlers/datastoreHandler.go:104.10,107.24 3 1
github.com/Ulbora/Six910/handlers/datastoreHandler.go:112.5,113.35 2 1
github.com/Ulbora/Six910/handlers/datastoreHandler.go:107.24,109.6 1 1
github.com/Ulbora/Six910/handlers/datastoreHandler.go:109.11,111.6 1 1
github.com/Ulbora/Six910/handlers/datastoreHandler.go:116.8,121.3 4 1
github.com/Ulbora/Six910/handlers/datastoreHandler.go:125.83,134.10 9 1
github.com/Ulbora/Six910/handlers/datastoreHandler.go:134.10,138.36 4 1
github.com/Ulbora/Six910/handlers/datastoreHandler.go:138.36,144.25 6 1
github.com/Ulbora/Six910/handlers/datastoreHandler.go:153.4,154.34 2 1
github.com/Ulbora/Six910/handlers/datastoreHandler.go:144.25,148.5 3 1
github.com/Ulbora/Six910/handlers/datastoreHandler.go:148.10,152.5 3 1
github.com/Ulbora/Six910/handlers/datastoreHandler.go:155.9,157.4 1 1
github.com/Ulbora/Six910/handlers/datastoreHandler.go:158.8,160.3 1 1
github.com/Ulbora/Six910/handlers/orderItemHandler.go:43.78,52.10 9 1
github.com/Ulbora/Six910/handlers/orderItemHandler.go:52.10,56.12 4 1
github.com/Ulbora/Six910/handlers/orderItemHandler.go:56.12,58.4 1 1
github.com/Ulbora/Six910/handlers/orderItemHandler.go:58.9,64.34 6 1
github.com/Ulbora/Six910/handlers/orderItemHandler.go:64.34,66.5 1 1
github.com/Ulbora/Six910/handlers/orderItemHandler.go:66.10,69.43 3 1
github.com/Ulbora/Six910/handlers/orderItemHandler.go:74.5,75.35 2 1
github.com/Ulbora/Six910/handlers/orderItemHandler.go:69.43,71.6 1 1
github.com/Ulbora/Six910/handlers/orderItemHandler.go:71.11,73.6 1 1
github.com/Ulbora/Six910/handlers/orderItemHandler.go:78.8,83.3 4 1
github.com/Ulbora/Six910/handlers/orderItemHandler.go:87.81,96.10 9 1
github.com/Ulbora/Six910/handlers/orderItemHandler.go:96.10,100.12 4 1
github.com/Ulbora/Six910/handlers/orderItemHandler.go:100.12,102.4 1 1
github.com/Ulbora/Six910/handlers/orderItemHandler.go:102.9,108.34 6 1
github.com/Ulbora/Six910/handlers/orderItemHandler.go:108.34,110.5 1 1
github.com/Ulbora/Six910/handlers/orderItemHandler.go:110.10,113.24 3 1
github.com/Ulbora/Six910/handlers/orderItemHandler.go:118.5,119.35 2 1
github.com/Ulbora/Six910/handlers/orderItemHandler.go:113.24,115.6 1 1
github.com/Ulbora/Six910/handlers/orderItemHandler.go:115.11,117.6 1 1
github.com/Ulbora/Six910/handlers/orderItemHandler.go:122.8,127.3 4 1
github.com/Ulbora/Six910/handlers/orderItemHandler.go:131.78,140.10 9 1
github.com/Ulbora/Six910/handlers/orderItemHandler.go:140.10,144.36 4 1
github.com/Ulbora/Six910/handlers/orderItemHandler.go:144.36,151.45 7 1
github.com/Ulbora/Six910/handlers/orderItemHandler.go:160.4,161.34 2 1
github.com/Ulbora/Six910/handlers/orderItemHandler.go:151.45,155.5 3 1
github.com/Ulbora/Six910/handlers/orderItemHandler.go:155.10,159.5 3 1
github.com/Ulbora/Six910/handlers/orderItemHandler.go:162.9,164.4 1 1
github.com/Ulbora/Six910/handlers/orderItemHandler.go:165.8,167.3 1 1
github.com/Ulbora/Six910/handlers/orderItemHandler.go:171.82,180.10 9 1
github.com/Ulbora/Six910/handlers/orderItemHandler.go:180.10,184.36 4 1
github.com/Ulbora/Six910/handlers/orderItemHandler.go:184.36,191.46 7 1
github.com/Ulbora/Six910/handlers/orderItemHandler.go:200.4,201.34 2 1
github.com/Ulbora/Six910/handlers/orderItemHandler.go:191.46,195.5 3 1
github.com/Ulbora/Six910/handlers/orderItemHandler.go:195.10,199.5 3 1
github.com/Ulbora/Six910/handlers/orderItemHandler.go:202.9,204.4 1 1
github.com/Ulbora/Six910/handlers/orderItemHandler.go:205.8,207.3 1 1
github.com/Ulbora/Six910/handlers/orderItemHandler.go:211.81,220.10 9 1
github.com/Ulbora/Six910/handlers/orderItemHandler.go:220.10,224.36 4 1
github.com/Ulbora/Six910/handlers/orderItemHandler.go:224.36,231.45 7 1
github.com/Ulbora/Six910/handlers/orderItemHandler.go:244.4,245.34 2 1
github.com/Ulbora/Six910/handlers/orderItemHandler.go:231.45,234.24 3 1
github.com/Ulbora/Six910/handlers/orderItemHandler.go:234.24,236.6 1 1
github.com/Ulbora/Six910/handlers/orderItemHandler.go:236.11,238.6 1 1
github.com/Ulbora/Six910/handlers/orderItemHandler.go:239.10,243.5 3 1
github.com/Ulbora/Six910/handlers/orderItemHandler.go:246.9,248.4 1 1
github.com/Ulbora/Six910/handlers/orderItemHandler.go:249.8,251.3 1 1
github.com/Ulbora/Six910/handlers/productCategoryHandler.go:63.84,73.10 10 1
github.com/Ulbora/Six910/handlers/productCategoryHandler.go:73.10,76.12 3 1
github.com/Ulbora/Six910/handlers/productCategoryHandler.go:76.12,78.4 1 1
github.com/Ulbora/Six910/handlers/productCategoryHandler.go:78.9,84.32 6 1
github.com/Ulbora/Six910/handlers/productCategoryHandler.go:84.32,86.5 1 1
github.com/Ulbora/Six910/handlers/productCategoryHandler.go:86.10,92.23 6 1
github.com/Ulbora/Six910/handlers/productCategoryHandler.go:97.5,98.35 2 1
github.com/Ulbora/Six910/handlers/productCategoryHandler.go:92.23,94.6 1 1
github.com/Ulbora/Six910/handlers/productCategoryHandler.go:94.11,96.6 1 1
github.com/Ulbora/Six910/handlers/productCategoryHandler.go:101.8,106.3 4 1
github.com/Ulbora/Six910/handlers/productCategoryHandler.go:126.87,136.10 10 1
github.com/Ulbora/Six910/handlers/productCategoryHandler.go:136.10,139.36 3 1
github.com/Ulbora/Six910/handlers/productCategoryHandler.go:139.36,148.69 9 1
github.com/Ulbora/Six910/handlers/productCategoryHandler.go:164.4,165.34 2 1
github.com/Ulbora/Six910/handlers/productCategoryHandler.go:148.69,154.23 6 1
github.com/Ulbora/Six910/handlers/productCategoryHandler.go:154.23,156.6 1 1
github.com/Ulbora/Six910/handlers/productCategoryHandler.go:156.11,158.6 1 1
github.com/Ulbora/Six910/handlers/productCategoryHandler.go:159.10,163.5 3 1
github.com/Ulbora/Six910/handlers/productCategoryHandler.go:166.9,168.4 1 1
github.com/Ulbora/Six910/handlers/productCategoryHandler.go:169.8,171.3 1 1
github.com/Ulbora/Six910/handlers/productHandler.go:51.76,61.10 10 1
github.com/Ulbora/Six910/handlers/productHandler.go:61.10,64.12 3 1
github.com/Ulbora/Six910/handlers/productHandler.go:64.12,66.4 1 1
github.com/Ulbora/Six910/handlers/productHandler.go:66.9,72.36 6 1
github.com/Ulbora/Six910/handlers/productHandler.go:72.36,74.5 1 1
github.com/Ulbora/Six910/handlers/productHandler.go:74.10,77.45 3 1
github.com/Ulbora/Six910/handlers/productHandler.go:82.5,83.35 2 1
github.com/Ulbora/Six910/handlers/productHandler.go:77.45,79.6 1 1
github.com/Ulbora/Six910/handlers/productHandler.go:79.11,81.6 1 1
github.com/Ulbora/Six910/handlers/productHandler.go:86.8,91.3 4 1
github.com/Ulbora/Six910/handlers/productHandler.go:109.79,119.10 10 1
github.com/Ulbora/Six910/handlers/productHandler.go:119.10,122.12 3 1
github.com/Ulbora/Six910/handlers/productHandler.go:122.12,124.4 1 1
github.com/Ulbora/Six910/handlers/productHandler.go:124.9,130.36 6 1
github.com/Ulbora/Six910/handlers/productHandler.go:130.36,132.5 1 1
github.com/Ulbora/Six910/handlers/productHandler.go:132.10,135.25 3 1
github.com/Ulbora/Six910/handlers/productHandler.go:140.5,141.35 2 1
github.com/Ulbora/Six910/handlers/productHandler.go:135.25,137.6 1 1
github.com/Ulbora/Six910/handlers/productHandler.go:137.11,139.6 1 1
github.com/Ulbora/Six910/handlers/productHandler.go:144.8,149.3 4 1
github.com/Ulbora/Six910/handlers/productHandler.go:168.80,178.10 10 1
github.com/Ulbora/Six910/handlers/productHandler.go:178.10,181.36 3 1
github.com/Ulbora/Six910/handlers/productHandler.go:181.36,188.47 7 1
github.com/Ulbora/Six910/handlers/productHandler.go:197.4,198.34 2 1
github.com/Ulbora/Six910/handlers/productHandler.go:188.47,192.5 3 1
github.com/Ulbora/Six910/handlers/productHandler.go:192.10,196.5 3 1
github.com/Ulbora/Six910/handlers/productHandler.go:199.9,201.4 1 1
github.com/Ulbora/Six910/handlers/productHandler.go:202.8,204.3 1 1
github.com/Ulbora/Six910/handlers/productHandler.go:225.83,235.10 10 1
github.com/Ulbora/Six910/handlers/productHandler.go:235.10,238.36 3 1
github.com/Ulbora/Six910/handlers/productHandler.go:238.36,248.71 10 1
github.com/Ulbora/Six910/handlers/productHandler.go:257.4,258.34 2 1
github.com/Ulbora/Six910/handlers/productHandler.go:248.71,252.5 3 1
github.com/Ulbora/Six910/handlers/productHandler.go:252.10,256.5 3 1
github.com/Ulbora/Six910/handlers/productHandler.go:259.9,261.4 1 1
github.com/Ulbora/Six910/handlers/productHandler.go:262.8,264.3 1 1
github.com/Ulbora/Six910/handlers/productHandler.go:285.87,295.10 10 1
github.com/Ulbora/Six910/handlers/productHandler.go:295.10,298.36 3 1
github.com/Ulbora/Six910/handlers/productHandler.go:298.36,309.91 11 1
github.com/Ulbora/Six910/handlers/productHandler.go:318.4,319.34 2 1
github.com/Ulbora/Six910/handlers/productHandler.go:309.91,313.5 3 1
github.com/Ulbora/Six910/handlers/productHandler.go:313.10,317.5 3 1
github.com/Ulbora/Six910/handlers/productHandler.go:320.9,322.4 1 1
github.com/Ulbora/Six910/handlers/productHandler.go:323.8,325.3 1 1
github.com/Ulbora/Six910/handlers/productHandler.go:345.80,355.10 10 1
github.com/Ulbora/Six910/handlers/productHandler.go:355.10,358.36 3 1
github.com/Ulbora/Six910/handlers/productHandler.go:358.36,367.68 9 1
github.com/Ulbora/Six910/handlers/productHandler.go:376.4,377.34 2 1
github.com/Ulbora/Six910/handlers/productHandler.go:367.68,371.5 3 1
github.com/Ulbora/Six910/handlers/productHandler.go:371.10,375.5 3 1
github.com/Ulbora/Six910/handlers/productHandler.go:378.9,380.4 1 1
github.com/Ulbora/Six910/handlers/productHandler.go:381.8,383.3 1 1
github.com/Ulbora/Six910/handlers/productHandler.go:402.79,412.10 10 1
github.com/Ulbora/Six910/handlers/productHandler.go:412.10,415.36 3 1
github.com/Ulbora/Six910/handlers/productHandler.go:415.36,422.47 7 1
github.com/Ulbora/Six910/handlers/productHandler.go:435.4,436.34 2 1
github.com/Ulbora/Six910/handlers/productHandler.go:422.47,425.25 3 1
github.com/Ulbora/Six910/handlers/productHandler.go:425.25,427.6 1 1
github.com/Ulbora/Six910/handlers/productHandler.go:427.11,429.6 1 1
github.com/Ulbora/Six910/handlers/productHandler.go:430.10,434.5 3 1
github.com/Ulbora/Six910/handlers/productHandler.go:437.9,439.4 1 1
github.com/Ulbora/Six910/handlers/productHandler.go:440.8,442.3 1 1
github.com/Ulbora/Six910/handlers/storePluginHandler.go:37.80,46.10 9 1
github.com/Ulbora/Six910/handlers/storePluginHandler.go:46.10,50.12 4 1
github.com/Ulbora/Six910/handlers/storePluginHandler.go:50.12,52.4 1 1
github.com/Ulbora/Six910/handlers/storePluginHandler.go:52.9,58.34 6 1
github.com/Ulbora/Six910/handlers/storePluginHandler.go:58.34,60.5 1 1
github.com/Ulbora/Six910/handlers/storePluginHandler.go:60.10,63.43 3 1
github.com/Ulbora/Six910/handlers/storePluginHandler.go:68.5,69.35 2 1
github.com/Ulbora/Six910/handlers/storePluginHandler.go:63.43,65.6 1 1
github.com/Ulbora/Six910/handlers/storePluginHandler.go:65.11,67.6 1 1
github.com/Ulbora/Six910/handlers/storePluginHandler.go:72.8,77.3 4 1
github.com/Ulbora/Six910/handlers/storePluginHandler.go:81.83,90.10 9 1
github.com/Ulbora/Six910/handlers/storePluginHandler.go:90.10,94.12 4 1
github.com/Ulbora/Six910/handlers/storePluginHandler.go:94.12,96.4 1 1
github.com/Ulbora/Six910/handlers/storePluginHandler.go:96.9,102.34 6 1
github.com/Ulbora/Six910/handlers/storePluginHandler.go:102.34,104.5 1 1
github.com/Ulbora/Six910/handlers/storePluginHandler.go:104.10,107.24 3 1
github.com/Ulbora/Six910/handlers/storePluginHandler.go:112.5,113.35 2 1
github.com/Ulbora/Six910/handlers/storePluginHandler.go:107.24,109.6 1 1
github.com/Ulbora/Six910/handlers/storePluginHandler.go:109.11,111.6 1 1
github.com/Ulbora/Six910/handlers/storePluginHandler.go:116.8,121.3 4 1
github.com/Ulbora/Six910/handlers/storePluginHandler.go:125.80,134.10 9 1
github.com/Ulbora/Six910/handlers/storePluginHandler.go:134.10,138.36 4 1
github.com/Ulbora/Six910/handlers/storePluginHandler.go:138.36,145.45 7 1
github.com/Ulbora/Six910/handlers/storePluginHandler.go:154.4,155.34 2 1
github.com/Ulbora/Six910/handlers/storePluginHandler.go:145.45,149.5 3 1
github.com/Ulbora/Six910/handlers/storePluginHandler.go:149.10,153.5 3 1
github.com/Ulbora/Six910/handlers/storePluginHandler.go:156.9,158.4 1 1
github.com/Ulbora/Six910/handlers/storePluginHandler.go:159.8,161.3 1 1
github.com/Ulbora/Six910/handlers/storePluginHandler.go:165.84,174.10 9 1
github.com/Ulbora/Six910/handlers/storePluginHandler.go:174.10,178.36 4 1
github.com/Ulbora/Six910/handlers/storePluginHandler.go:178.36,183.23 5 1
github.com/Ulbora/Six910/handlers/storePluginHandler.go:192.4,193.34 2 1
github.com/Ulbora/Six910/handlers/storePluginHandler.go:183.23,187.5 3 1
github.com/Ulbora/Six910/handlers/storePluginHandler.go:187.10,191.5 3 1
github.com/Ulbora/Six910/handlers/storePluginHandler.go:194.9,196.4 1 1
github.com/Ulbora/Six910/handlers/storePluginHandler.go:197.8,199.3 1 1
github.com/Ulbora/Six910/handlers/storePluginHandler.go:203.83,212.10 9 1
github.com/Ulbora/Six910/handlers/storePluginHandler.go:212.10,216.36 4 1
github.com/Ulbora/Six910/handlers/storePluginHandler.go:216.36,223.45 7 1
github.com/Ulbora/Six910/handlers/storePluginHandler.go:236.4,237.34 2 1
github.com/Ulbora/Six910/handlers/storePluginHandler.go:223.45,226.24 3 1
github.com/Ulbora/Six910/handlers/storePluginHandler.go:226.24,228.6 1 1
github.com/Ulbora/Six910/handlers/storePluginHandler.go:228.11,230.6 1 1
github.com/Ulbora/Six910/handlers/storePluginHandler.go:231.10,235.5 3 1
github.com/Ulbora/Six910/handlers/storePluginHandler.go:238.9,240.4 1 1
github.com/Ulbora/Six910/handlers/storePluginHandler.go:241.8,243.3 1 1
github.com/Ulbora/Six910/handlers/zoneZipHandler.go:57.76,66.10 9 1
github.com/Ulbora/Six910/handlers/zoneZipHandler.go:66.10,70.12 4 1
github.com/Ulbora/Six910/handlers/zoneZipHandler.go:70.12,72.4 1 1
github.com/Ulbora/Six910/handlers/zoneZipHandler.go:72.9,78.32 6 1
github.com/Ulbora/Six910/handlers/zoneZipHandler.go:78.32,80.5 1 1
github.com/Ulbora/Six910/handlers/zoneZipHandler.go:80.10,83.41 3 1
github.com/Ulbora/Six910/handlers/zoneZipHandler.go:88.5,89.35 2 1
github.com/Ulbora/Six910/handlers/zoneZipHandler.go:83.41,85.6 1 1
github.com/Ulbora/Six910/handlers/zoneZipHandler.go:85.11,87.6 1 1
github.com/Ulbora/Six910/handlers/zoneZipHandler.go:92.8,97.3 4 1
github.com/Ulbora/Six910/handlers/zoneZipHandler.go:116.91,125.10 9 1
github.com/Ulbora/Six910/handlers/zoneZipHandler.go:125.10,129.36 4 1
github.com/Ulbora/Six910/handlers/zoneZipHandler.go:129.36,136.45 7 1
github.com/Ulbora/Six910/handlers/zoneZipHandler.go:145.4,146.34 2 1
github.com/Ulbora/Six910/handlers/zoneZipHandler.go:136.45,140.5 3 1
github.com/Ulbora/Six910/handlers/zoneZipHandler.go:140.10,144.5 3 1
github.com/Ulbora/Six910/handlers/zoneZipHandler.go:147.9,149.4 1 1
github.com/Ulbora/Six910/handlers/zoneZipHandler.go:150.8,152.3 1 1
github.com/Ulbora/Six910/handlers/zoneZipHandler.go:171.91,180.10 9 1
github.com/Ulbora/Six910/handlers/zoneZipHandler.go:180.10,184.36 4 1
github.com/Ulbora/Six910/handlers/zoneZipHandler.go:184.36,191.47 7 1
github.com/Ulbora/Six910/handlers/zoneZipHandler.go:200.4,201.34 2 1
github.com/Ulbora/Six910/handlers/zoneZipHandler.go:191.47,195.5 3 1
github.com/Ulbora/Six910/handlers/zoneZipHandler.go:195.10,199.5 3 1
github.com/Ulbora/Six910/handlers/zoneZipHandler.go:202.9,204.4 1 1
github.com/Ulbora/Six910/handlers/zoneZipHandler.go:205.8,207.3 1 1
github.com/Ulbora/Six910/handlers/zoneZipHandler.go:228.79,237.10 9 1
github.com/Ulbora/Six910/handlers/zoneZipHandler.go:237.10,241.36 4 1
github.com/Ulbora/Six910/handlers/zoneZipHandler.go:241.36,252.83 11 1
github.com/Ulbora/Six910/handlers/zoneZipHandler.go:265.4,266.34 2 1
github.com/Ulbora/Six910/handlers/zoneZipHandler.go:252.83,255.23 3 1
github.com/Ulbora/Six910/handlers/zoneZipHandler.go:255.23,257.6 1 1
github.com/Ulbora/Six910/handlers/zoneZipHandler.go:257.11,259.6 1 1
github.com/Ulbora/Six910/handlers/zoneZipHandler.go:260.10,264.5 3 1
github.com/Ulbora/Six910/handlers/zoneZipHandler.go:267.9,269.4 1 1
github.com/Ulbora/Six910/handlers/zoneZipHandler.go:270.8,272.3 1 1
github.com/Ulbora/Six910/handlers/categoryHandler.go:51.77,60.10 9 1
github.com/Ulbora/Six910/handlers/categoryHandler.go:60.10,64.12 4 1
github.com/Ulbora/Six910/handlers/categoryHandler.go:64.12,66.4 1 1
github.com/Ulbora/Six910/handlers/categoryHandler.go:66.9,72.34 6 1
github.com/Ulbora/Six910/handlers/categoryHandler.go:72.34,74.5 1 1
github.com/Ulbora/Six910/handlers/categoryHandler.go:74.10,77.43 3 1
github.com/Ulbora/Six910/handlers/categoryHandler.go:82.5,83.35 2 1
github.com/Ulbora/Six910/handlers/categoryHandler.go:77.43,79.6 1 1
github.com/Ulbora/Six910/handlers/categoryHandler.go:79.11,81.6 1 1
github.com/Ulbora/Six910/handlers/categoryHandler.go:86.8,91.3 4 1
github.com/Ulbora/Six910/handlers/categoryHandler.go:109.80,118.10 9 1
github.com/Ulbora/Six910/handlers/categoryHandler.go:118.10,122.12 4 1
github.com/Ulbora/Six910/handlers/categoryHandler.go:122.12,124.4 1 1
github.com/Ulbora/Six910/handlers/categoryHandler.go:124.9,130.34 6 1
github.com/Ulbora/Six910/handlers/categoryHandler.go:130.34,132.5 1 1
github.com/Ulbora/Six910/handlers/categoryHandler.go:132.10,135.24 3 1
github.com/Ulbora/Six910/handlers/categoryHandler.go:140.5,141.35 2 1
github.com/Ulbora/Six910/handlers/categoryHandler.go:135.24,137.6 1 1
github.com/Ulbora/Six910/handlers/categoryHandler.go:137.11,139.6 1 1
github.com/Ulbora/Six910/handlers/categoryHandler.go:144.8,149.3 4 1
github.com/Ulbora/Six910/handlers/categoryHandler.go:168.77,177.10 9 1
github.com/Ulbora/Six910/handlers/categoryHandler.go:177.10,181.36 4 1
github.com/Ulbora/Six910/handlers/categoryHandler.go:181.36,188.45 7 1
github.com/Ulbora/Six910/handlers/categoryHandler.go:197.4,198.34 2 1
github.com/Ulbora/Six910/handlers/categoryHandler.go:188.45,192.5 3 1
github.com/Ulbora/Six910/handlers/categoryHandler.go:192.10,196.5 3 1
github.com/Ulbora/Six910/handlers/categoryHandler.go:199.9,201.4 1 1
github.com/Ulbora/Six910/handlers/categoryHandler.go:202.8,204.3 1 1
github.com/Ulbora/Six910/handlers/categoryHandler.go:222.81,231.10 9 1
github.com/Ulbora/Six910/handlers/categoryHandler.go:231.10,235.36 4 1
github.com/Ulbora/Six910/handlers/categoryHandler.go:235.36,240.23 5 1
github.com/Ulbora/Six910/handlers/categoryHandler.go:249.4,250.34 2 1
github.com/Ulbora/Six910/handlers/categoryHandler.go:240.23,244.5 3 1
github.com/Ulbora/Six910/handlers/categoryHandler.go:244.10,248.5 3 1
github.com/Ulbora/Six910/handlers/categoryHandler.go:251.9,253.4 1 1
github.com/Ulbora/Six910/handlers/categoryHandler.go:254.8,256.3 1 1
github.com/Ulbora/Six910/handlers/categoryHandler.go:274.84,283.10 9 1
github.com/Ulbora/Six910/handlers/categoryHandler.go:283.10,287.36 4 1
github.com/Ulbora/Six910/handlers/categoryHandler.go:287.36,292.24 5 1
github.com/Ulbora/Six910/handlers/categoryHandler.go:301.4,302.34 2 1
github.com/Ulbora/Six910/handlers/categoryHandler.go:292.24,296.5 3 1
github.com/Ulbora/Six910/handlers/categoryHandler.go:296.10,300.5 3 1
github.com/Ulbora/Six910/handlers/categoryHandler.go:303.9,305.4 1 1
github.com/Ulbora/Six910/handlers/categoryHandler.go:306.8,308.3 1 1
github.com/Ulbora/Six910/handlers/categoryHandler.go:327.80,336.10 9 1
github.com/Ulbora/Six910/handlers/categoryHandler.go:336.10,340.36 4 1
github.com/Ulbora/Six910/handlers/categoryHandler.go:340.36,347.43 7 1
github.com/Ulbora/Six910/handlers/categoryHandler.go:360.4,361.34 2 1
github.com/Ulbora/Six910/handlers/categoryHandler.go:347.43,350.23 3 1
github.com/Ulbora/Six910/handlers/categoryHandler.go:350.23,352.6 1 1
github.com/Ulbora/Six910/handlers/categoryHandler.go:352.11,354.6 1 1
github.com/Ulbora/Six910/handlers/categoryHandler.go:355.10,359.5 3 1
github.com/Ulbora/Six910/handlers/categoryHandler.go:362.9,364.4 1 1
github.com/Ulbora/Six910/handlers/categoryHandler.go:365.8,367.3 1 1
github.com/Ulbora/Six910/handlers/shipmentBoxHandler.go:43.80,52.10 9 1
github.com/Ulbora/Six910/handlers/shipmentBoxHandler.go:52.10,56.12 4 1
github.com/Ulbora/Six910/handlers/shipmentBoxHandler.go:56.12,58.4 1 1
github.com/Ulbora/Six910/handlers/shipmentBoxHandler.go:58.9,64.34 6 1
github.com/Ulbora/Six910/handlers/shipmentBoxHandler.go:64.34,66.5 1 1
github.com/Ulbora/Six910/handlers/shipmentBoxHandler.go:66.10,69.43 3 1
github.com/Ulbora/Six910/handlers/shipmentBoxHandler.go:74.5,75.35 2 1
github.com/Ulbora/Six910/handlers/shipmentBoxHandler.go:69.43,71.6 1 1
github.com/Ulbora/Six910/handlers/shipmentBoxHandler.go:71.11,73.6 1 1
github.com/Ulbora/Six910/handlers/shipmentBoxHandler.go:78.8,83.3 4 1
github.com/Ulbora/Six910/handlers/shipmentBoxHandler.go:87.83,96.10 9 1
github.com/Ulbora/Six910/handlers/shipmentBoxHandler.go:96.10,100.12 4 1
github.com/Ulbora/Six910/handlers/shipmentBoxHandler.go:100.12,102.4 1 1
github.com/Ulbora/Six910/handlers/shipmentBoxHandler.go:102.9,108.34 6 1
github.com/Ulbora/Six910/handlers/shipmentBoxHandler.go:108.34,110.5 1 1
github.com/Ulbora/Six910/handlers/shipmentBoxHandler.go:110.10,113.24 3 1
github.com/Ulbora/Six910/handlers/shipmentBoxHandler.go:118.5,119.35 2 1
github.com/Ulbora/Six910/handlers/shipmentBoxHandler.go:113.24,115.6 1 1
github.com/Ulbora/Six910/handlers/shipmentBoxHandler.go:115.11,117.6 1 1
github.com/Ulbora/Six910/handlers/shipmentBoxHandler.go:122.8,127.3 4 1
github.com/Ulbora/Six910/handlers/shipmentBoxHandler.go:131.80,140.10 9 1
github.com/Ulbora/Six910/handlers/shipmentBoxHandler.go:140.10,144.36 4 1
github.com/Ulbora/Six910/handlers/shipmentBoxHandler.go:144.36,151.45 7 1
github.com/Ulbora/Six910/handlers/shipmentBoxHandler.go:160.4,161.34 2 1
github.com/Ulbora/Six910/handlers/shipmentBoxHandler.go:151.45,155.5 3 1
github.com/Ulbora/Six910/handlers/shipmentBoxHandler.go:155.10,159.5 3 1
github.com/Ulbora/Six910/handlers/shipmentBoxHandler.go:162.9,164.4 1 1
github.com/Ulbora/Six910/handlers/shipmentBoxHandler.go:165.8,167.3 1 1
github.com/Ulbora/Six910/handlers/shipmentBoxHandler.go:171.84,180.10 9 1
github.com/Ulbora/Six910/handlers/shipmentBoxHandler.go:180.10,184.36 4 1
github.com/Ulbora/Six910/handlers/shipmentBoxHandler.go:184.36,191.46 7 1
github.com/Ulbora/Six910/handlers/shipmentBoxHandler.go:200.4,201.34 2 1
github.com/Ulbora/Six910/handlers/shipmentBoxHandler.go:191.46,195.5 3 1
github.com/Ulbora/Six910/handlers/shipmentBoxHandler.go:195.10,199.5 3 1
github.com/Ulbora/Six910/handlers/shipmentBoxHandler.go:202.9,204.4 1 1
github.com/Ulbora/Six910/handlers/shipmentBoxHandler.go:205.8,207.3 1 1
github.com/Ulbora/Six910/handlers/shipmentBoxHandler.go:211.83,220.10 9 1
github.com/Ulbora/Six910/handlers/shipmentBoxHandler.go:220.10,224.36 4 1
github.com/Ulbora/Six910/handlers/shipmentBoxHandler.go:224.36,231.45 7 1
github.com/Ulbora/Six910/handlers/shipmentBoxHandler.go:244.4,245.34 2 1
github.com/Ulbora/Six910/handlers/shipmentBoxHandler.go:231.45,234.24 3 1
github.com/Ulbora/Six910/handlers/shipmentBoxHandler.go:234.24,236.6 1 1
github.com/Ulbora/Six910/handlers/shipmentBoxHandler.go:236.11,238.6 1 1
github.com/Ulbora/Six910/handlers/shipmentBoxHandler.go:239.10,243.5 3 1
github.com/Ulbora/Six910/handlers/shipmentBoxHandler.go:246.9,248.4 1 1
github.com/Ulbora/Six910/handlers/shipmentBoxHandler.go:249.8,251.3 1 1
github.com/Ulbora/Six910/handlers/shippingMethodHandler.go:51.83,60.10 9 1
github.com/Ulbora/Six910/handlers/shippingMethodHandler.go:60.10,64.12 4 1
github.com/Ulbora/Six910/handlers/shippingMethodHandler.go:64.12,66.4 1 1
github.com/Ulbora/Six910/handlers/shippingMethodHandler.go:66.9,72.32 6 1
github.com/Ulbora/Six910/handlers/shippingMethodHandler.go:72.32,74.5 1 1
github.com/Ulbora/Six910/handlers/shippingMethodHandler.go:74.10,77.41 3 1
github.com/Ulbora/Six910/handlers/shippingMethodHandler.go:82.5,83.35 2 1
github.com/Ulbora/Six910/handlers/shippingMethodHandler.go:77.41,79.6 1 1
github.com/Ulbora/Six910/handlers/shippingMethodHandler.go:79.11,81.6 1 1
github.com/Ulbora/Six910/handlers/shippingMethodHandler.go:86.8,91.3 4 1
github.com/Ulbora/Six910/handlers/shippingMethodHandler.go:109.86,118.10 9 1
github.com/Ulbora/Six910/handlers/shippingMethodHandler.go:118.10,122.12 4 1
github.com/Ulbora/Six910/handlers/shippingMethodHandler.go:122.12,124.4 1 1
github.com/Ulbora/Six910/handlers/shippingMethodHandler.go:124.9,130.32 6 1
github.com/Ulbora/Six910/handlers/shippingMethodHandler.go:130.32,132.5 1 1
github.com/Ulbora/Six910/handlers/shippingMethodHandler.go:132.10,135.23 3 1
github.com/Ulbora/Six910/handlers/shippingMethodHandler.go:140.5,141.35 2 1
github.com/Ulbora/Six910/handlers/shippingMethodHandler.go:135.23,137.6 1 1
github.com/Ulbora/Six910/handlers/shippingMethodHandler.go:137.11,139.6 1 1
github.com/Ulbora/Six910/handlers/shippingMethodHandler.go:144.8,149.3 4 1
github.com/Ulbora/Six910/handlers/shippingMethodHandler.go:168.83,177.10 9 1
github.com/Ulbora/Six910/handlers/shippingMethodHandler.go:177.10,181.36 4 1
github.com/Ulbora/Six910/handlers/shippingMethodHandler.go:181.36,188.43 7 1
github.com/Ulbora/Six910/handlers/shippingMethodHandler.go:197.4,198.34 2 1
github.com/Ulbora/Six910/handlers/shippingMethodHandler.go:188.43,192.5 3 1
github.com/Ulbora/Six910/handlers/shippingMethodHandler.go:192.10,196.5 3 1
github.com/Ulbora/Six910/handlers/shippingMethodHandler.go:199.9,201.4 1 1
github.com/Ulbora/Six910/handlers/shippingMethodHandler.go:202.8,204.3 1 1
github.com/Ulbora/Six910/handlers/shippingMethodHandler.go:222.87,231.10 9 1
github.com/Ulbora/Six910/handlers/shippingMethodHandler.go:231.10,235.36 4 1
github.com/Ulbora/Six910/handlers/shippingMethodHandler.go:235.36,240.22 5 1
github.com/Ulbora/Six910/handlers/shippingMethodHandler.go:249.4,250.34 2 1
github.com/Ulbora/Six910/handlers/shippingMethodHandler.go:240.22,244.5 3 1
github.com/Ulbora/Six910/handlers/shippingMethodHandler.go:244.10,248.5 3 1
github.com/Ulbora/Six910/handlers/shippingMethodHandler.go:251.9,253.4 1 1
github.com/Ulbora/Six910/handlers/shippingMethodHandler.go:254.8,256.3 1 1
github.com/Ulbora/Six910/handlers/shippingMethodHandler.go:275.86,284.10 9 1
github.com/Ulbora/Six910/handlers/shippingMethodHandler.go:284.10,288.36 4 1
github.com/Ulbora/Six910/handlers/shippingMethodHandler.go:288.36,295.43 7 1
github.com/Ulbora/Six910/handlers/shippingMethodHandler.go:308.4,309.34 2 1
github.com/Ulbora/Six910/handlers/shippingMethodHandler.go:295.43,298.23 3 1
github.com/Ulbora/Six910/handlers/shippingMethodHandler.go:298.23,300.6 1 1
github.com/Ulbora/Six910/handlers/shippingMethodHandler.go:300.11,302.6 1 1
github.com/Ulbora/Six910/handlers/shippingMethodHandler.go:303.10,307.5 3 1
github.com/Ulbora/Six910/handlers/shippingMethodHandler.go:310.9,312.4 1 1
github.com/Ulbora/Six910/handlers/shippingMethodHandler.go:313.8,315.3 1 1
github.com/Ulbora/Six910/handlers/userHandler.go:50.73,60.10 10 1
github.com/Ulbora/Six910/handlers/userHandler.go:60.10,63.12 3 1
github.com/Ulbora/Six910/handlers/userHandler.go:63.12,65.4 1 1
github.com/Ulbora/Six910/handlers/userHandler.go:65.9,71.30 6 1
github.com/Ulbora/Six910/handlers/userHandler.go:71.30,73.5 1 1
github.com/Ulbora/Six910/handlers/userHandler.go:73.10,75.56 2 1
github.com/Ulbora/Six910/handlers/userHandler.go:85.5,86.22 2 1
github.com/Ulbora/Six910/handlers/userHandler.go:91.5,92.35 2 1
github.com/Ulbora/Six910/handlers/userHandler.go:75.56,78.6 2 1
github.com/Ulbora/Six910/handlers/userHandler.go:78.11,78.65 1 1
github.com/Ulbora/Six910/handlers/userHandler.go:78.65,81.6 2 1
github.com/Ulbora/Six910/handlers/userHandler.go:81.11,84.6 2 1
github.com/Ulbora/Six910/handlers/userHandler.go:86.22,88.6 1 1
github.com/Ulbora/Six910/handlers/userHandler.go:88.11,90.6 1 1
github.com/Ulbora/Six910/handlers/userHandler.go:95.8,100.3 4 1
github.com/Ulbora/Six910/handlers/userHandler.go:118.76,128.10 10 1
github.com/Ulbora/Six910/handlers/userHandler.go:128.10,131.12 3 1
github.com/Ulbora/Six910/handlers/userHandler.go:131.12,133.4 1 1
github.com/Ulbora/Six910/handlers/userHandler.go:133.9,139.30 6 1
github.com/Ulbora/Six910/handlers/userHandler.go:139.30,141.5 1 1
github.com/Ulbora/Six910/handlers/userHandler.go:141.10,144.22 3 1
github.com/Ulbora/Six910/handlers/userHandler.go:149.5,150.35 2 1
github.com/Ulbora/Six910/handlers/userHandler.go:144.22,146.6 1 1
github.com/Ulbora/Six910/handlers/userHandler.go:146.11,148.6 1 1
github.com/Ulbora/Six910/handlers/userHandler.go:153.8,158.3 4 1
github.com/Ulbora/Six910/handlers/userHandler.go:177.73,188.10 10 1
github.com/Ulbora/Six910/handlers/userHandler.go:188.10,191.36 3 1
github.com/Ulbora/Six910/handlers/userHandler.go:191.36,197.18 6 1
github.com/Ulbora/Six910/handlers/userHandler.go:209.4,210.34 2 1
github.com/Ulbora/Six910/handlers/userHandler.go:197.18,204.5 6 1
github.com/Ulbora/Six910/handlers/userHandler.go:204.10,208.5 3 1
github.com/Ulbora/Six910/handlers/userHandler.go:211.9,213.4 1 1
github.com/Ulbora/Six910/handlers/userHandler.go:214.8,216.3 1 1
github.com/Ulbora/Six910/handlers/userHandler.go:234.82,244.10 10 1
github.com/Ulbora/Six910/handlers/userHandler.go:244.10,247.36 3 1
github.com/Ulbora/Six910/handlers/userHandler.go:247.36,252.19 5 1
github.com/Ulbora/Six910/handlers/userHandler.go:261.4,262.34 2 1
github.com/Ulbora/Six910/handlers/userHandler.go:252.19,256.5 3 1
github.com/Ulbora/Six910/handlers/userHandler.go:256.10,260.5 3 1
github.com/Ulbora/Six910/handlers/userHandler.go:263.9,265.4 1 1
github.com/Ulbora/Six910/handlers/userHandler.go:266.8,268.3 1 1
github.com/Ulbora/Six910/handlers/userHandler.go:286.85,296.10 10 1
github.com/Ulbora/Six910/handlers/userHandler.go:296.10,299.36 3 1
github.com/Ulbora/Six910/handlers/userHandler.go:299.36,304.19 5 1
github.com/Ulbora/Six910/handlers/userHandler.go:313.4,314.34 2 1
github.com/Ulbora/Six910/handlers/userHandler.go:304.19,308.5 3 1
github.com/Ulbora/Six910/handlers/userHandler.go:308.10,312.5 3 1
github.com/Ulbora/Six910/handlers/userHandler.go:315.9,317.4 1 1
github.com/Ulbora/Six910/handlers/userHandler.go:318.8,320.3 1 1
github.com/Ulbora/Six910/handlers/cartItemHandler.go:58.77,67.10 9 1
github.com/Ulbora/Six910/handlers/cartItemHandler.go:67.10,71.12 4 1
github.com/Ulbora/Six910/handlers/cartItemHandler.go:71.12,73.4 1 1
github.com/Ulbora/Six910/handlers/cartItemHandler.go:73.9,79.33 6 1
github.com/Ulbora/Six910/handlers/cartItemHandler.go:79.33,81.5 1 1
github.com/Ulbora/Six910/handlers/cartItemHandler.go:81.10,84.41 3 1
github.com/Ulbora/Six910/handlers/cartItemHandler.go:89.5,90.35 2 1
github.com/Ulbora/Six910/handlers/cartItemHandler.go:84.41,86.6 1 1
github.com/Ulbora/Six910/handlers/cartItemHandler.go:86.11,88.6 1 1
github.com/Ulbora/Six910/handlers/cartItemHandler.go:93.8,98.3 4 1
github.com/Ulbora/Six910/handlers/cartItemHandler.go:116.80,125.10 9 1
github.com/Ulbora/Six910/handlers/cartItemHandler.go:125.10,129.12 4 1
github.com/Ulbora/Six910/handlers/cartItemHandler.go:129.12,131.4 1 1
github.com/Ulbora/Six910/handlers/cartItemHandler.go:131.9,137.32 6 1
github.com/Ulbora/Six910/handlers/cartItemHandler.go:137.32,139.5 1 1
github.com/Ulbora/Six910/handlers/cartItemHandler.go:139.10,142.23 3 1
github.com/Ulbora/Six910/handlers/cartItemHandler.go:147.5,148.35 2 1
github.com/Ulbora/Six910/handlers/cartItemHandler.go:142.23,144.6 1 1
github.com/Ulbora/Six910/handlers/cartItemHandler.go:144.11,146.6 1 1
github.com/Ulbora/Six910/handlers/cartItemHandler.go:151.8,156.3 4 1
github.com/Ulbora/Six910/handlers/cartItemHandler.go:176.77,185.10 9 1
github.com/Ulbora/Six910/handlers/cartItemHandler.go:185.10,189.36 4 1
github.com/Ulbora/Six910/handlers/cartItemHandler.go:189.36,198.59 9 1
github.com/Ulbora/Six910/handlers/cartItemHandler.go:207.4,208.34 2 1
github.com/Ulbora/Six910/handlers/cartItemHandler.go:198.59,202.5 3 1
github.com/Ulbora/Six910/handlers/cartItemHandler.go:202.10,206.5 3 1
github.com/Ulbora/Six910/handlers/cartItemHandler.go:209.9,211.4 1 1
github.com/Ulbora/Six910/handlers/cartItemHandler.go:212.8,214.3 1 1
github.com/Ulbora/Six910/handlers/cartItemHandler.go:234.81,243.10 9 1
github.com/Ulbora/Six910/handlers/cartItemHandler.go:243.10,247.36 4 1
github.com/Ulbora/Six910/handlers/cartItemHandler.go:247.36,256.59 9 1
github.com/Ulbora/Six910/handlers/cartItemHandler.go:265.4,266.34 2 1
github.com/Ulbora/Six910/handlers/cartItemHandler.go:256.59,260.5 3 1
github.com/Ulbora/Six910/handlers/cartItemHandler.go:260.10,264.5 3 1
github.com/Ulbora/Six910/handlers/cartItemHandler.go:267.9,269.4 1 1
github.com/Ulbora/Six910/handlers/cartItemHandler.go:270.8,272.3 1 1
github.com/Ulbora/Six910/handlers/cartItemHandler.go:292.80,301.10 9 1
github.com/Ulbora/Six910/handlers/cartItemHandler.go:301.10,305.36 4 1
github.com/Ulbora/Six910/handlers/cartItemHandler.go:305.36,314.62 9 1
github.com/Ulbora/Six910/handlers/cartItemHandler.go:324.4,325.34 2 1
github.com/Ulbora/Six910/handlers/cartItemHandler.go:314.62,316.24 2 1
github.com/Ulbora/Six910/handlers/cartItemHandler.go:316.24,318.6 1 1
github.com/Ulbora/Six910/handlers/cartItemHandler.go:318.11,320.6 1 1
github.com/Ulbora/Six910/handlers/cartItemHandler.go:321.10,323.5 1 1
github.com/Ulbora/Six910/handlers/cartItemHandler.go:326.9,328.4 1 1
github.com/Ulbora/Six910/handlers/cartItemHandler.go:329.8,331.3 1 1
github.com/Ulbora/Six910/handlers/insuranceHandler.go:51.78,60.10 9 1
github.com/Ulbora/Six910/handlers/insuranceHandler.go:60.10,64.12 4 1
github.com/Ulbora/Six910/handlers/insuranceHandler.go:64.12,66.4 1 1
github.com/Ulbora/Six910/handlers/insuranceHandler.go:66.9,72.34 6 1
github.com/Ulbora/Six910/handlers/insuranceHandler.go:72.34,74.5 1 1
github.com/Ulbora/Six910/handlers/insuranceHandler.go:74.10,77.43 3 1
github.com/Ulbora/Six910/handlers/insuranceHandler.go:82.5,83.35 2 1
github.com/Ulbora/Six910/handlers/insuranceHandler.go:77.43,79.6 1 1
github.com/Ulbora/Six910/handlers/insuranceHandler.go:79.11,81.6 1 1
github.com/Ulbora/Six910/handlers/insuranceHandler.go:86.8,91.3 4 1
github.com/Ulbora/Six910/handlers/insuranceHandler.go:109.81,118.10 9 1
github.com/Ulbora/Six910/handlers/insuranceHandler.go:118.10,122.12 4 1
github.com/Ulbora/Six910/handlers/insuranceHandler.go:122.12,124.4 1 1
github.com/Ulbora/Six910/handlers/insuranceHandler.go:124.9,130.34 6 1
github.com/Ulbora/Six910/handlers/insuranceHandler.go:130.34,132.5 1 1
github.com/Ulbora/Six910/handlers/insuranceHandler.go:132.10,135.24 3 1
github.com/Ulbora/Six910/handlers/insuranceHandler.go:140.5,141.35 2 1
github.com/Ulbora/Six910/handlers/insuranceHandler.go:135.24,137.6 1 1
github.com/Ulbora/Six910/handlers/insuranceHandler.go:137.11,139.6 1 1
github.com/Ulbora/Six910/handlers/insuranceHandler.go:144.8,149.3 4 1
github.com/Ulbora/Six910/handlers/insuranceHandler.go:168.78,177.10 9 1
github.com/Ulbora/Six910/handlers/insuranceHandler.go:177.10,181.36 4 1
github.com/Ulbora/Six910/handlers/insuranceHandler.go:181.36,188.45 7 1
github.com/Ulbora/Six910/handlers/insuranceHandler.go:197.4,198.34 2 1
github.com/Ulbora/Six910/handlers/insuranceHandler.go:188.45,192.5 3 1
github.com/Ulbora/Six910/handlers/insuranceHandler.go:192.10,196.5 3 1
github.com/Ulbora/Six910/handlers/insuranceHandler.go:199.9,201.4 1 1
github.com/Ulbora/Six910/handlers/insuranceHandler.go:202.8,204.3 1 1
github.com/Ulbora/Six910/handlers/insuranceHandler.go:222.82,231.10 9 1
github.com/Ulbora/Six910/handlers/insuranceHandler.go:231.10,235.36 4 1
github.com/Ulbora/Six910/handlers/insuranceHandler.go:235.36,240.23 5 1
github.com/Ulbora/Six910/handlers/insuranceHandler.go:249.4,250.34 2 1
github.com/Ulbora/Six910/handlers/insuranceHandler.go:240.23,244.5 3 1
github.com/Ulbora/Six910/handlers/insuranceHandler.go:244.10,248.5 3 1
github.com/Ulbora/Six910/handlers/insuranceHandler.go:251.9,253.4 1 1
github.com/Ulbora/Six910/handlers/insuranceHandler.go:254.8,256.3 1 1
github.com/Ulbora/Six910/handlers/insuranceHandler.go:275.81,284.10 9 1
github.com/Ulbora/Six910/handlers/insuranceHandler.go:284.10,288.36 4 1
github.com/Ulbora/Six910/handlers/insuranceHandler.go:288.36,295.45 7 1
github.com/Ulbora/Six910/handlers/insuranceHandler.go:308.4,309.34 2 1
github.com/Ulbora/Six910/handlers/insuranceHandler.go:295.45,298.24 3 1
github.com/Ulbora/Six910/handlers/insuranceHandler.go:298.24,300.6 1 1
github.com/Ulbora/Six910/handlers/insuranceHandler.go:300.11,302.6 1 1
github.com/Ulbora/Six910/handlers/insuranceHandler.go:303.10,307.5 3 1
github.com/Ulbora/Six910/handlers/insuranceHandler.go:310.9,312.4 1 1
github.com/Ulbora/Six910/handlers/insuranceHandler.go:313.8,315.3 1 1
github.com/Ulbora/Six910/handlers/regionHandler.go:51.75,60.10 9 1
github.com/Ulbora/Six910/handlers/regionHandler.go:60.10,64.12 4 1
github.com/Ulbora/Six910/handlers/regionHandler.go:64.12,66.4 1 1
github.com/Ulbora/Six910/handlers/regionHandler.go:66.9,72.34 6 1
github.com/Ulbora/Six910/handlers/regionHandler.go:72.34,74.5 1 1
github.com/Ulbora/Six910/handlers/regionHandler.go:74.10,77.43 3 1
github.com/Ulbora/Six910/handlers/regionHandler.go:82.5,83.35 2 1
github.com/Ulbora/Six910/handlers/regionHandler.go:77.43,79.6 1 1
github.com/Ulbora/Six910/handlers/regionHandler.go:79.11,81.6 1 1
github.com/Ulbora/Six910/handlers/regionHandler.go:86.8,91.3 4 1
github.com/Ulbora/Six910/handlers/regionHandler.go:109.78,118.10 9 1
github.com/Ulbora/Six910/handlers/regionHandler.go:118.10,122.12 4 1
github.com/Ulbora/Six910/handlers/regionHandler.go:122.12,124.4 1 1
github.com/Ulbora/Six910/handlers/regionHandler.go:124.9,130.34 6 1
github.com/Ulbora/Six910/handlers/regionHandler.go:130.34,132.5 1 1
github.com/Ulbora/Six910/handlers/regionHandler.go:132.10,135.24 3 1
github.com/Ulbora/Six910/handlers/regionHandler.go:140.5,141.35 2 1
github.com/Ulbora/Six910/handlers/regionHandler.go:135.24,137.6 1 1
github.com/Ulbora/Six910/handlers/regionHandler.go:137.11,139.6 1 1
github.com/Ulbora/Six910/handlers/regionHandler.go:144.8,149.3 4 1
github.com/Ulbora/Six910/handlers/regionHandler.go:168.75,177.10 9 1
github.com/Ulbora/Six910/handlers/regionHandler.go:177.10,181.36 4 1
github.com/Ulbora/Six910/handlers/regionHandler.go:181.36,188.45 7 1
github.com/Ulbora/Six910/handlers/regionHandler.go:197.4,198.34 2 1
github.com/Ulbora/Six910/handlers/regionHandler.go:188.45,192.5 3 1
github.com/Ulbora/Six910/handlers/regionHandler.go:192.10,196.5 3 1
github.com/Ulbora/Six910/handlers/regionHandler.go:199.9,201.4 1 1
github.com/Ulbora/Six910/handlers/regionHandler.go:202.8,204.3 1 1
github.com/Ulbora/Six910/handlers/regionHandler.go:222.79,231.10 9 1
github.com/Ulbora/Six910/handlers/regionHandler.go:231.10,235.36 4 1
github.com/Ulbora/Six910/handlers/regionHandler.go:235.36,240.23 5 1
github.com/Ulbora/Six910/handlers/regionHandler.go:249.4,250.34 2 1
github.com/Ulbora/Six910/handlers/regionHandler.go:240.23,244.5 3 1
github.com/Ulbora/Six910/handlers/regionHandler.go:244.10,248.5 3 1
github.com/Ulbora/Six910/handlers/regionHandler.go:251.9,253.4 1 1
github.com/Ulbora/Six910/handlers/regionHandler.go:254.8,256.3 1 1
github.com/Ulbora/Six910/handlers/regionHandler.go:275.78,284.10 9 1
github.com/Ulbora/Six910/handlers/regionHandler.go:284.10,288.36 4 1
github.com/Ulbora/Six910/handlers/regionHandler.go:288.36,295.45 7 1
github.com/Ulbora/Six910/handlers/regionHandler.go:308.4,309.34 2 1
github.com/Ulbora/Six910/handlers/regionHandler.go:295.45,298.24 3 1
github.com/Ulbora/Six910/handlers/regionHandler.go:298.24,300.6 1 1
github.com/Ulbora/Six910/handlers/regionHandler.go:300.11,302.6 1 1
github.com/Ulbora/Six910/handlers/regionHandler.go:303.10,307.5 3 1
github.com/Ulbora/Six910/handlers/regionHandler.go:310.9,312.4 1 1
github.com/Ulbora/Six910/handlers/regionHandler.go:313.8,315.3 1 1
github.com/Ulbora/Six910/handlers/shipmentHandler.go:43.77,52.10 9 1
github.com/Ulbora/Six910/handlers/shipmentHandler.go:52.10,56.12 4 1
github.com/Ulbora/Six910/handlers/shipmentHandler.go:56.12,58.4 1 1
github.com/Ulbora/Six910/handlers/shipmentHandler.go:58.9,64.32 6 1
github.com/Ulbora/Six910/handlers/shipmentHandler.go:64.32,66.5 1 1
github.com/Ulbora/Six910/handlers/shipmentHandler.go:66.10,69.41 3 1
github.com/Ulbora/Six910/handlers/shipmentHandler.go:74.5,75.35 2 1
github.com/Ulbora/Six910/handlers/shipmentHandler.go:69.41,71.6 1 1
github.com/Ulbora/Six910/handlers/shipmentHandler.go:71.11,73.6 1 1
github.com/Ulbora/Six910/handlers/shipmentHandler.go:78.8,83.3 4 1
github.com/Ulbora/Six910/handlers/shipmentHandler.go:87.80,96.10 9 1
github.com/Ulbora/Six910/handlers/shipmentHandler.go:96.10,100.12 4 1
github.com/Ulbora/Six910/handlers/shipmentHandler.go:100.12,102.4 1 1
github.com/Ulbora/Six910/handlers/shipmentHandler.go:102.9,108.32 6 1
github.com/Ulbora/Six910/handlers/shipmentHandler.go:108.32,110.5 1 1
github.com/Ulbora/Six910/handlers/shipmentHandler.go:110.10,113.23 3 1
github.com/Ulbora/Six910/handlers/shipmentHandler.go:118.5,119.35 2 1
github.com/Ulbora/Six910/handlers/shipmentHandler.go:113.23,115.6 1 1
github.com/Ulbora/Six910/handlers/shipmentHandler.go:115.11,117.6 1 1
github.com/Ulbora/Six910/handlers/shipmentHandler.go:122.8,127.3 4 1
github.com/Ulbora/Six910/handlers/shipmentHandler.go:131.77,140.10 9 1
github.com/Ulbora/Six910/handlers/shipmentHandler.go:140.10,144.36 4 1
github.com/Ulbora/Six910/handlers/shipmentHandler.go:144.36,151.43 7 1
github.com/Ulbora/Six910/handlers/shipmentHandler.go:160.4,161.34 2 1
github.com/Ulbora/Six910/handlers/shipmentHandler.go:151.43,155.5 3 1
github.com/Ulbora/Six910/handlers/shipmentHandler.go:155.10,159.5 3 1
github.com/Ulbora/Six910/handlers/shipmentHandler.go:162.9,164.4 1 1
github.com/Ulbora/Six910/handlers/shipmentHandler.go:165.8,167.3 1 1
github.com/Ulbora/Six910/handlers/shipmentHandler.go:171.81,180.10 9 1
github.com/Ulbora/Six910/handlers/shipmentHandler.go:180.10,184.36 4 1
github.com/Ulbora/Six910/handlers/shipmentHandler.go:184.36,191.44 7 1
github.com/Ulbora/Six910/handlers/shipmentHandler.go:200.4,201.34 2 1
github.com/Ulbora/Six910/handlers/shipmentHandler.go:191.44,195.5 3 1
github.com/Ulbora/Six910/handlers/shipmentHandler.go:195.10,199.5 3 1
github.com/Ulbora/Six910/handlers/shipmentHandler.go:202.9,204.4 1 1
github.com/Ulbora/Six910/handlers/shipmentHandler.go:205.8,207.3 1 1
github.com/Ulbora/Six910/handlers/shipmentHandler.go:211.80,220.10 9 1
github.com/Ulbora/Six910/handlers/shipmentHandler.go:220.10,224.36 4 1
github.com/Ulbora/Six910/handlers/shipmentHandler.go:224.36,231.43 7 1
github.com/Ulbora/Six910/handlers/shipmentHandler.go:244.4,245.34 2 1
github.com/Ulbora/Six910/handlers/shipmentHandler.go:231.43,234.23 3 1
github.com/Ulbora/Six910/handlers/shipmentHandler.go:234.23,236.6 1 1
github.com/Ulbora/Six910/handlers/shipmentHandler.go:236.11,238.6 1 1
github.com/Ulbora/Six910/handlers/shipmentHandler.go:239.10,243.5 3 1
github.com/Ulbora/Six910/handlers/shipmentHandler.go:246.9,248.4 1 1
github.com/Ulbora/Six910/handlers/shipmentHandler.go:249.8,251.3 1 1
github.com/Ulbora/Six910/handlers/six910Handler.go:46.42,48.2 1 1
github.com/Ulbora/Six910/handlers/six910Handler.go:51.60,54.33 3 1
github.com/Ulbora/Six910/handlers/six910Handler.go:58.2,58.12 1 1
github.com/Ulbora/Six910/handlers/six910Handler.go:54.33,57.3 1 1
github.com/Ulbora/Six910/handlers/six910Handler.go:62.63,64.2 1 1
github.com/Ulbora/Six910/handlers/six910Handler.go:67.85,72.19 4 1
github.com/Ulbora/Six910/handlers/six910Handler.go:86.2,86.17 1 1
github.com/Ulbora/Six910/handlers/six910Handler.go:72.19,77.17 3 1
github.com/Ulbora/Six910/handlers/six910Handler.go:77.17,80.4 1 1
github.com/Ulbora/Six910/handlers/six910Handler.go:80.9,82.4 1 1
github.com/Ulbora/Six910/handlers/six910Handler.go:83.8,85.3 1 1
