mode: set
github.com/Ulbora/Six910/managers/excludedSubRegionManager.go:31.96,34.22 3 1
github.com/Ulbora/Six910/managers/excludedSubRegionManager.go:46.2,46.13 1 1
github.com/Ulbora/Six910/managers/excludedSubRegionManager.go:34.22,36.21 2 1
github.com/Ulbora/Six910/managers/excludedSubRegionManager.go:36.21,40.4 3 1
github.com/Ulbora/Six910/managers/excludedSubRegionManager.go:40.9,42.4 1 1
github.com/Ulbora/Six910/managers/excludedSubRegionManager.go:43.8,45.3 1 1
github.com/Ulbora/Six910/managers/excludedSubRegionManager.go:50.97,53.22 3 1
github.com/Ulbora/Six910/managers/excludedSubRegionManager.go:64.2,64.13 1 1
github.com/Ulbora/Six910/managers/excludedSubRegionManager.go:53.22,55.10 2 1
github.com/Ulbora/Six910/managers/excludedSubRegionManager.go:55.10,58.4 2 1
github.com/Ulbora/Six910/managers/excludedSubRegionManager.go:58.9,60.4 1 1
github.com/Ulbora/Six910/managers/excludedSubRegionManager.go:61.8,63.3 1 1
github.com/Ulbora/Six910/managers/excludedSubRegionManager.go:68.91,72.22 4 1
github.com/Ulbora/Six910/managers/excludedSubRegionManager.go:78.2,78.12 1 1
github.com/Ulbora/Six910/managers/excludedSubRegionManager.go:72.22,74.3 1 1
github.com/Ulbora/Six910/managers/excludedSubRegionManager.go:74.8,77.3 2 1
github.com/Ulbora/Six910/managers/excludedSubRegionManager.go:82.103,85.22 3 1
github.com/Ulbora/Six910/managers/excludedSubRegionManager.go:91.2,91.12 1 1
github.com/Ulbora/Six910/managers/excludedSubRegionManager.go:85.22,87.3 1 1
github.com/Ulbora/Six910/managers/excludedSubRegionManager.go:87.8,90.3 2 1
github.com/Ulbora/Six910/managers/excludedSubRegionManager.go:95.96,101.26 6 1
github.com/Ulbora/Six910/managers/excludedSubRegionManager.go:107.2,109.31 3 1
github.com/Ulbora/Six910/managers/excludedSubRegionManager.go:120.2,120.13 1 1
github.com/Ulbora/Six910/managers/excludedSubRegionManager.go:101.26,102.18 1 1
github.com/Ulbora/Six910/managers/excludedSubRegionManager.go:102.18,104.9 2 1
github.com/Ulbora/Six910/managers/excludedSubRegionManager.go:109.31,111.10 2 1
github.com/Ulbora/Six910/managers/excludedSubRegionManager.go:111.10,114.4 2 1
github.com/Ulbora/Six910/managers/excludedSubRegionManager.go:114.9,116.4 1 1
github.com/Ulbora/Six910/managers/excludedSubRegionManager.go:117.8,119.3 1 1
github.com/Ulbora/Six910/managers/shipmentManager.go:31.78,36.23 5 1
github.com/Ulbora/Six910/managers/shipmentManager.go:48.2,48.13 1 1
github.com/Ulbora/Six910/managers/shipmentManager.go:36.23,38.21 2 1
github.com/Ulbora/Six910/managers/shipmentManager.go:38.21,42.4 3 1
github.com/Ulbora/Six910/managers/shipmentManager.go:42.9,44.4 1 1
github.com/Ulbora/Six910/managers/shipmentManager.go:45.8,47.3 1 1
github.com/Ulbora/Six910/managers/shipmentManager.go:52.79,55.23 3 1
github.com/Ulbora/Six910/managers/shipmentManager.go:71.2,71.13 1 1
github.com/Ulbora/Six910/managers/shipmentManager.go:55.23,57.26 2 1
github.com/Ulbora/Six910/managers/shipmentManager.go:57.26,59.11 2 1
github.com/Ulbora/Six910/managers/shipmentManager.go:59.11,62.5 2 1
github.com/Ulbora/Six910/managers/shipmentManager.go:62.10,64.5 1 1
github.com/Ulbora/Six910/managers/shipmentManager.go:65.9,67.4 1 1
github.com/Ulbora/Six910/managers/shipmentManager.go:68.8,70.3 1 1
github.com/Ulbora/Six910/managers/shipmentManager.go:75.73,79.22 4 1
github.com/Ulbora/Six910/managers/shipmentManager.go:85.2,85.12 1 1
github.com/Ulbora/Six910/managers/shipmentManager.go:79.22,81.3 1 1
github.com/Ulbora/Six910/managers/shipmentManager.go:81.8,84.3 2 1
github.com/Ulbora/Six910/managers/shipmentManager.go:89.84,92.22 3 1
github.com/Ulbora/Six910/managers/shipmentManager.go:98.2,98.12 1 1
github.com/Ulbora/Six910/managers/shipmentManager.go:92.22,94.3 1 1
github.com/Ulbora/Six910/managers/shipmentManager.go:94.8,97.3 2 1
github.com/Ulbora/Six910/managers/shipmentManager.go:102.71,106.22 4 1
github.com/Ulbora/Six910/managers/shipmentManager.go:117.2,117.13 1 1
github.com/Ulbora/Six910/managers/shipmentManager.go:106.22,108.10 2 1
github.com/Ulbora/Six910/managers/shipmentManager.go:108.10,111.4 2 1
github.com/Ulbora/Six910/managers/shipmentManager.go:111.9,113.4 1 1
github.com/Ulbora/Six910/managers/shipmentManager.go:114.8,116.3 1 1
github.com/Ulbora/Six910/managers/taxRateManager.go:31.65,34.20 3 1
github.com/Ulbora/Six910/managers/taxRateManager.go:41.2,41.13 1 1
github.com/Ulbora/Six910/managers/taxRateManager.go:34.20,38.3 3 1
github.com/Ulbora/Six910/managers/taxRateManager.go:38.8,40.3 1 1
github.com/Ulbora/Six910/managers/taxRateManager.go:45.66,48.9 3 1
github.com/Ulbora/Six910/managers/taxRateManager.go:54.2,54.13 1 1
github.com/Ulbora/Six910/managers/taxRateManager.go:48.9,51.3 2 1
github.com/Ulbora/Six910/managers/taxRateManager.go:51.8,53.3 1 1
github.com/Ulbora/Six910/managers/taxRateManager.go:58.93,60.2 1 1
github.com/Ulbora/Six910/managers/taxRateManager.go:63.71,65.2 1 1
github.com/Ulbora/Six910/managers/taxRateManager.go:68.70,71.26 3 1
github.com/Ulbora/Six910/managers/taxRateManager.go:83.2,83.13 1 1
github.com/Ulbora/Six910/managers/taxRateManager.go:71.26,72.18 1 1
github.com/Ulbora/Six910/managers/taxRateManager.go:72.18,74.11 2 1
github.com/Ulbora/Six910/managers/taxRateManager.go:80.4,80.9 1 1
github.com/Ulbora/Six910/managers/taxRateManager.go:74.11,77.5 2 1
github.com/Ulbora/Six910/managers/taxRateManager.go:77.10,79.5 1 1
github.com/Ulbora/Six910/managers/oauthUserManager.go:31.77,36.16 5 1
github.com/Ulbora/Six910/managers/oauthUserManager.go:48.2,48.13 1 1
github.com/Ulbora/Six910/managers/oauthUserManager.go:36.16,39.18 3 1
github.com/Ulbora/Six910/managers/oauthUserManager.go:39.18,46.4 5 1
github.com/Ulbora/Six910/managers/oauthUserManager.go:52.80,57.16 5 1
github.com/Ulbora/Six910/managers/oauthUserManager.go:69.2,69.13 1 1
github.com/Ulbora/Six910/managers/oauthUserManager.go:57.16,60.18 3 1
github.com/Ulbora/Six910/managers/oauthUserManager.go:60.18,67.4 5 1
github.com/Ulbora/Six910/managers/oauthUserManager.go:73.106,79.17 6 1
github.com/Ulbora/Six910/managers/oauthUserManager.go:85.2,85.18 1 1
github.com/Ulbora/Six910/managers/oauthUserManager.go:79.17,84.3 3 1
github.com/Ulbora/Six910/managers/oauthUserManager.go:89.91,97.17 7 1
github.com/Ulbora/Six910/managers/oauthUserManager.go:104.2,104.19 1 1
github.com/Ulbora/Six910/managers/oauthUserManager.go:97.17,103.3 4 1
github.com/Ulbora/Six910/managers/oauthUserManager.go:108.97,113.17 5 1
github.com/Ulbora/Six910/managers/oauthUserManager.go:121.2,121.12 1 1
github.com/Ulbora/Six910/managers/oauthUserManager.go:113.17,120.3 5 1
github.com/Ulbora/Six910/managers/storeManager.go:31.61,33.32 2 1
github.com/Ulbora/Six910/managers/storeManager.go:44.2,44.13 1 1
github.com/Ulbora/Six910/managers/storeManager.go:33.32,35.21 2 1
github.com/Ulbora/Six910/managers/storeManager.go:35.21,39.4 3 1
github.com/Ulbora/Six910/managers/storeManager.go:39.9,42.4 2 1
github.com/Ulbora/Six910/managers/storeManager.go:48.62,51.52 3 1
github.com/Ulbora/Six910/managers/storeManager.go:62.2,62.13 1 1
github.com/Ulbora/Six910/managers/storeManager.go:51.52,53.10 2 1
github.com/Ulbora/Six910/managers/storeManager.go:53.10,56.4 2 1
github.com/Ulbora/Six910/managers/storeManager.go:56.9,58.4 1 1
github.com/Ulbora/Six910/managers/storeManager.go:59.8,61.3 1 1
github.com/Ulbora/Six910/managers/storeManager.go:66.80,69.36 3 1
github.com/Ulbora/Six910/managers/storeManager.go:75.2,75.12 1 1
github.com/Ulbora/Six910/managers/storeManager.go:69.36,71.3 1 1
github.com/Ulbora/Six910/managers/storeManager.go:71.8,74.3 2 1
github.com/Ulbora/Six910/managers/storeManager.go:79.81,81.32 2 1
github.com/Ulbora/Six910/managers/storeManager.go:98.2,98.13 1 1
github.com/Ulbora/Six910/managers/storeManager.go:81.32,83.37 2 1
github.com/Ulbora/Six910/managers/storeManager.go:83.37,85.11 2 1
github.com/Ulbora/Six910/managers/storeManager.go:85.11,88.5 2 1
github.com/Ulbora/Six910/managers/storeManager.go:88.10,90.5 1 1
github.com/Ulbora/Six910/managers/storeManager.go:91.9,93.4 1 1
github.com/Ulbora/Six910/managers/storeManager.go:94.8,97.3 2 1
github.com/Ulbora/Six910/managers/addressManager.go:31.76,34.24 3 1
github.com/Ulbora/Six910/managers/addressManager.go:46.2,46.13 1 1
github.com/Ulbora/Six910/managers/addressManager.go:34.24,36.21 2 1
github.com/Ulbora/Six910/managers/addressManager.go:36.21,40.4 3 1
github.com/Ulbora/Six910/managers/addressManager.go:40.9,42.4 1 1
github.com/Ulbora/Six910/managers/addressManager.go:43.8,45.3 1 1
github.com/Ulbora/Six910/managers/addressManager.go:50.77,53.24 3 1
github.com/Ulbora/Six910/managers/addressManager.go:64.2,64.13 1 1
github.com/Ulbora/Six910/managers/addressManager.go:53.24,55.10 2 1
github.com/Ulbora/Six910/managers/addressManager.go:55.10,58.4 2 1
github.com/Ulbora/Six910/managers/addressManager.go:58.9,60.4 1 1
github.com/Ulbora/Six910/managers/addressManager.go:61.8,63.3 1 1
github.com/Ulbora/Six910/managers/addressManager.go:68.82,74.52 6 1
github.com/Ulbora/Six910/managers/addressManager.go:82.2,82.12 1 1
github.com/Ulbora/Six910/managers/addressManager.go:74.52,77.3 2 1
github.com/Ulbora/Six910/managers/addressManager.go:77.8,81.3 3 1
github.com/Ulbora/Six910/managers/addressManager.go:86.78,89.24 3 1
github.com/Ulbora/Six910/managers/addressManager.go:95.2,95.12 1 1
github.com/Ulbora/Six910/managers/addressManager.go:89.24,91.3 1 1
github.com/Ulbora/Six910/managers/addressManager.go:91.8,94.3 2 1
github.com/Ulbora/Six910/managers/addressManager.go:99.81,103.49 4 1
github.com/Ulbora/Six910/managers/addressManager.go:114.2,114.13 1 1
github.com/Ulbora/Six910/managers/addressManager.go:103.49,105.10 2 1
github.com/Ulbora/Six910/managers/addressManager.go:105.10,108.4 2 1
github.com/Ulbora/Six910/managers/addressManager.go:108.9,110.4 1 1
github.com/Ulbora/Six910/managers/addressManager.go:111.8,113.3 1 1
github.com/Ulbora/Six910/managers/categoryManager.go:31.67,34.20 3 1
github.com/Ulbora/Six910/managers/categoryManager.go:41.2,41.13 1 1
github.com/Ulbora/Six910/managers/categoryManager.go:34.20,38.3 3 1
github.com/Ulbora/Six910/managers/categoryManager.go:38.8,40.3 1 1
github.com/Ulbora/Six910/managers/categoryManager.go:45.68,48.30 3 1
github.com/Ulbora/Six910/managers/categoryManager.go:59.2,59.13 1 1
github.com/Ulbora/Six910/managers/categoryManager.go:48.30,50.10 2 1
github.com/Ulbora/Six910/managers/categoryManager.go:50.10,53.4 2 1
github.com/Ulbora/Six910/managers/categoryManager.go:53.9,55.4 1 1
github.com/Ulbora/Six910/managers/categoryManager.go:56.8,58.3 1 1
github.com/Ulbora/Six910/managers/categoryManager.go:63.73,66.24 3 1
github.com/Ulbora/Six910/managers/categoryManager.go:72.2,72.12 1 1
github.com/Ulbora/Six910/managers/categoryManager.go:66.24,68.3 1 1
github.com/Ulbora/Six910/managers/categoryManager.go:68.8,71.3 2 1
github.com/Ulbora/Six910/managers/categoryManager.go:76.85,78.2 1 1
github.com/Ulbora/Six910/managers/categoryManager.go:81.73,83.2 1 1
github.com/Ulbora/Six910/managers/categoryManager.go:86.74,88.2 1 1
github.com/Ulbora/Six910/managers/categoryManager.go:91.71,94.24 3 1
github.com/Ulbora/Six910/managers/categoryManager.go:105.2,105.13 1 1
github.com/Ulbora/Six910/managers/categoryManager.go:94.24,96.10 2 1
github.com/Ulbora/Six910/managers/categoryManager.go:96.10,99.4 2 1
github.com/Ulbora/Six910/managers/categoryManager.go:99.9,101.4 1 1
github.com/Ulbora/Six910/managers/categoryManager.go:102.8,104.3 1 1
github.com/Ulbora/Six910/managers/distributorManager.go:31.73,34.20 3 1
github.com/Ulbora/Six910/managers/distributorManager.go:41.2,41.13 1 1
github.com/Ulbora/Six910/managers/distributorManager.go:34.20,38.3 3 1
github.com/Ulbora/Six910/managers/distributorManager.go:38.8,40.3 1 1
github.com/Ulbora/Six910/managers/distributorManager.go:45.74,48.31 3 1
github.com/Ulbora/Six910/managers/distributorManager.go:59.2,59.13 1 1
github.com/Ulbora/Six910/managers/distributorManager.go:48.31,50.10 2 1
github.com/Ulbora/Six910/managers/distributorManager.go:50.10,53.4 2 1
github.com/Ulbora/Six910/managers/distributorManager.go:53.9,55.4 1 1
github.com/Ulbora/Six910/managers/distributorManager.go:56.8,58.3 1 1
github.com/Ulbora/Six910/managers/distributorManager.go:63.83,66.28 3 1
github.com/Ulbora/Six910/managers/distributorManager.go:72.2,72.12 1 1
github.com/Ulbora/Six910/managers/distributorManager.go:66.28,68.3 1 1
github.com/Ulbora/Six910/managers/distributorManager.go:68.8,71.3 2 1
github.com/Ulbora/Six910/managers/distributorManager.go:76.79,78.2 1 1
github.com/Ulbora/Six910/managers/distributorManager.go:81.78,84.28 3 1
github.com/Ulbora/Six910/managers/distributorManager.go:95.2,95.13 1 1
github.com/Ulbora/Six910/managers/distributorManager.go:84.28,86.10 2 1
github.com/Ulbora/Six910/managers/distributorManager.go:86.10,89.4 2 1
github.com/Ulbora/Six910/managers/distributorManager.go:89.9,91.4 1 1
github.com/Ulbora/Six910/managers/distributorManager.go:92.8,94.3 1 1
github.com/Ulbora/Six910/managers/productManager.go:31.65,34.20 3 1
github.com/Ulbora/Six910/managers/productManager.go:41.2,41.13 1 1
github.com/Ulbora/Six910/managers/productManager.go:34.20,38.3 3 1
github.com/Ulbora/Six910/managers/productManager.go:38.8,40.3 1 1
github.com/Ulbora/Six910/managers/productManager.go:45.66,48.29 3 1
github.com/Ulbora/Six910/managers/productManager.go:59.2,59.13 1 1
github.com/Ulbora/Six910/managers/productManager.go:48.29,50.10 2 1
github.com/Ulbora/Six910/managers/productManager.go:50.10,53.4 2 1
github.com/Ulbora/Six910/managers/productManager.go:53.9,55.4 1 1
github.com/Ulbora/Six910/managers/productManager.go:56.8,58.3 1 1
github.com/Ulbora/Six910/managers/productManager.go:63.75,66.22 3 1
github.com/Ulbora/Six910/managers/productManager.go:72.2,72.12 1 1
github.com/Ulbora/Six910/managers/productManager.go:66.22,68.3 1 1
github.com/Ulbora/Six910/managers/productManager.go:68.8,71.3 2 1
github.com/Ulbora/Six910/managers/productManager.go:76.101,79.22 3 1
github.com/Ulbora/Six910/managers/productManager.go:85.2,85.12 1 1
github.com/Ulbora/Six910/managers/productManager.go:79.22,81.3 1 1
github.com/Ulbora/Six910/managers/productManager.go:81.8,84.3 2 1
github.com/Ulbora/Six910/managers/productManager.go:90.29,92.2 1 1
github.com/Ulbora/Six910/managers/productManager.go:96.29,98.2 1 1
github.com/Ulbora/Six910/managers/productManager.go:102.29,105.22 3 1
github.com/Ulbora/Six910/managers/productManager.go:111.2,111.12 1 1
github.com/Ulbora/Six910/managers/productManager.go:105.22,107.3 1 1
github.com/Ulbora/Six910/managers/productManager.go:107.8,110.3 2 1
github.com/Ulbora/Six910/managers/productManager.go:115.95,117.2 1 1
github.com/Ulbora/Six910/managers/productManager.go:120.70,123.22 3 1
github.com/Ulbora/Six910/managers/productManager.go:130.2,130.13 1 1
github.com/Ulbora/Six910/managers/productManager.go:123.22,127.3 3 1
github.com/Ulbora/Six910/managers/productManager.go:127.8,129.3 1 1
github.com/Ulbora/Six910/managers/shipmentBoxManager.go:31.85,35.22 4 1
github.com/Ulbora/Six910/managers/shipmentBoxManager.go:47.2,47.13 1 1
github.com/Ulbora/Six910/managers/shipmentBoxManager.go:35.22,37.21 2 1
github.com/Ulbora/Six910/managers/shipmentBoxManager.go:37.21,41.4 3 1
github.com/Ulbora/Six910/managers/shipmentBoxManager.go:41.9,43.4 1 1
github.com/Ulbora/Six910/managers/shipmentBoxManager.go:44.8,46.3 1 1
github.com/Ulbora/Six910/managers/shipmentBoxManager.go:51.86,55.22 4 1
github.com/Ulbora/Six910/managers/shipmentBoxManager.go:66.2,66.13 1 1
github.com/Ulbora/Six910/managers/shipmentBoxManager.go:55.22,57.10 2 1
github.com/Ulbora/Six910/managers/shipmentBoxManager.go:57.10,60.4 2 1
github.com/Ulbora/Six910/managers/shipmentBoxManager.go:60.9,62.4 1 1
github.com/Ulbora/Six910/managers/shipmentBoxManager.go:63.8,65.3 1 1
github.com/Ulbora/Six910/managers/shipmentBoxManager.go:70.79,75.22 5 1
github.com/Ulbora/Six910/managers/shipmentBoxManager.go:81.2,81.12 1 1
github.com/Ulbora/Six910/managers/shipmentBoxManager.go:75.22,77.3 1 1
github.com/Ulbora/Six910/managers/shipmentBoxManager.go:77.8,80.3 2 1
github.com/Ulbora/Six910/managers/shipmentBoxManager.go:85.93,89.22 4 1
github.com/Ulbora/Six910/managers/shipmentBoxManager.go:95.2,95.12 1 1
github.com/Ulbora/Six910/managers/shipmentBoxManager.go:89.22,91.3 1 1
github.com/Ulbora/Six910/managers/shipmentBoxManager.go:91.8,94.3 2 1
github.com/Ulbora/Six910/managers/shipmentBoxManager.go:99.74,104.22 5 1
github.com/Ulbora/Six910/managers/shipmentBoxManager.go:115.2,115.13 1 1
github.com/Ulbora/Six910/managers/shipmentBoxManager.go:104.22,106.10 2 1
github.com/Ulbora/Six910/managers/shipmentBoxManager.go:106.10,109.4 2 1
github.com/Ulbora/Six910/managers/shipmentBoxManager.go:109.9,111.4 1 1
github.com/Ulbora/Six910/managers/shipmentBoxManager.go:112.8,114.3 1 1
github.com/Ulbora/Six910/managers/storePluginManager.go:31.75,34.20 3 1
github.com/Ulbora/Six910/managers/storePluginManager.go:41.2,41.13 1 1
github.com/Ulbora/Six910/managers/storePluginManager.go:34.20,38.3 3 1
github.com/Ulbora/Six910/managers/storePluginManager.go:38.8,40.3 1 1
github.com/Ulbora/Six910/managers/storePluginManager.go:45.76,48.31 3 1
github.com/Ulbora/Six910/managers/storePluginManager.go:59.2,59.13 1 1
github.com/Ulbora/Six910/managers/storePluginManager.go:48.31,50.10 2 1
github.com/Ulbora/Six910/managers/storePluginManager.go:50.10,53.4 2 1
github.com/Ulbora/Six910/managers/storePluginManager.go:53.9,55.4 1 1
github.com/Ulbora/Six910/managers/storePluginManager.go:56.8,58.3 1 1
github.com/Ulbora/Six910/managers/storePluginManager.go:63.80,66.23 3 1
github.com/Ulbora/Six910/managers/storePluginManager.go:72.2,72.12 1 1
github.com/Ulbora/Six910/managers/storePluginManager.go:66.23,68.3 1 1
github.com/Ulbora/Six910/managers/storePluginManager.go:68.8,71.3 2 1
github.com/Ulbora/Six910/managers/storePluginManager.go:76.80,78.2 1 1
github.com/Ulbora/Six910/managers/storePluginManager.go:81.74,84.23 3 1
github.com/Ulbora/Six910/managers/storePluginManager.go:95.2,95.13 1 1
github.com/Ulbora/Six910/managers/storePluginManager.go:84.23,86.10 2 1
github.com/Ulbora/Six910/managers/storePluginManager.go:86.10,89.4 2 1
github.com/Ulbora/Six910/managers/storePluginManager.go:89.9,91.4 1 1
github.com/Ulbora/Six910/managers/storePluginManager.go:92.8,94.3 1 1
github.com/Ulbora/Six910/managers/dataStoreWriteLockManager.go:31.85,34.9 3 1
github.com/Ulbora/Six910/managers/dataStoreWriteLockManager.go:40.2,40.13 1 1
github.com/Ulbora/Six910/managers/dataStoreWriteLockManager.go:34.9,37.3 2 1
github.com/Ulbora/Six910/managers/dataStoreWriteLockManager.go:37.8,39.3 1 1
github.com/Ulbora/Six910/managers/dataStoreWriteLockManager.go:44.88,47.9 3 1
github.com/Ulbora/Six910/managers/dataStoreWriteLockManager.go:53.2,53.13 1 1
github.com/Ulbora/Six910/managers/dataStoreWriteLockManager.go:47.9,50.3 2 1
github.com/Ulbora/Six910/managers/dataStoreWriteLockManager.go:50.8,52.3 1 1
github.com/Ulbora/Six910/managers/dataStoreWriteLockManager.go:57.105,59.2 1 1
github.com/Ulbora/Six910/managers/localStoreManager.go:31.89,34.18 3 1
github.com/Ulbora/Six910/managers/localStoreManager.go:92.2,92.13 1 1
github.com/Ulbora/Six910/managers/localStoreManager.go:34.18,36.18 2 1
github.com/Ulbora/Six910/managers/localStoreManager.go:36.18,48.11 12 1
github.com/Ulbora/Six910/managers/localStoreManager.go:48.11,51.20 3 1
github.com/Ulbora/Six910/managers/localStoreManager.go:58.5,58.33 1 1
github.com/Ulbora/Six910/managers/localStoreManager.go:51.20,54.6 2 1
github.com/Ulbora/Six910/managers/localStoreManager.go:54.11,57.6 2 1
github.com/Ulbora/Six910/managers/localStoreManager.go:58.33,61.16 3 1
github.com/Ulbora/Six910/managers/localStoreManager.go:70.6,70.16 1 1
github.com/Ulbora/Six910/managers/localStoreManager.go:61.16,69.7 7 1
github.com/Ulbora/Six910/managers/localStoreManager.go:70.16,74.7 3 1
github.com/Ulbora/Six910/managers/localStoreManager.go:74.12,77.7 2 1
github.com/Ulbora/Six910/managers/localStoreManager.go:78.11,81.6 2 1
github.com/Ulbora/Six910/managers/localStoreManager.go:83.10,86.5 2 1
github.com/Ulbora/Six910/managers/localStoreManager.go:87.9,90.4 2 1
github.com/Ulbora/Six910/managers/orderCommentManager.go:31.87,34.23 3 1
github.com/Ulbora/Six910/managers/orderCommentManager.go:46.2,46.13 1 1
github.com/Ulbora/Six910/managers/orderCommentManager.go:34.23,36.21 2 1
github.com/Ulbora/Six910/managers/orderCommentManager.go:36.21,40.4 3 1
github.com/Ulbora/Six910/managers/orderCommentManager.go:40.9,42.4 1 1
github.com/Ulbora/Six910/managers/orderCommentManager.go:43.8,45.3 1 1
github.com/Ulbora/Six910/managers/orderCommentManager.go:50.92,53.23 3 1
github.com/Ulbora/Six910/managers/orderCommentManager.go:59.2,59.12 1 1
github.com/Ulbora/Six910/managers/orderCommentManager.go:53.23,55.3 1 1
github.com/Ulbora/Six910/managers/orderCommentManager.go:55.8,58.3 2 1
github.com/Ulbora/Six910/managers/cartManager.go:31.59,36.23 5 1
github.com/Ulbora/Six910/managers/cartManager.go:42.2,43.31 2 1
github.com/Ulbora/Six910/managers/cartManager.go:57.2,57.13 1 1
github.com/Ulbora/Six910/managers/cartManager.go:36.23,38.31 2 1
github.com/Ulbora/Six910/managers/cartManager.go:38.31,40.4 1 1
github.com/Ulbora/Six910/managers/cartManager.go:43.31,47.3 3 1
github.com/Ulbora/Six910/managers/cartManager.go:47.8,49.21 2 1
github.com/Ulbora/Six910/managers/cartManager.go:49.21,53.4 3 1
github.com/Ulbora/Six910/managers/cartManager.go:53.9,55.4 1 1
github.com/Ulbora/Six910/managers/cartManager.go:61.60,66.46 5 1
github.com/Ulbora/Six910/managers/cartManager.go:72.2,72.8 1 1
github.com/Ulbora/Six910/managers/cartManager.go:84.2,84.13 1 1
github.com/Ulbora/Six910/managers/cartManager.go:66.46,69.3 2 1
github.com/Ulbora/Six910/managers/cartManager.go:69.8,69.37 1 1
github.com/Ulbora/Six910/managers/cartManager.go:69.37,71.3 1 1
github.com/Ulbora/Six910/managers/cartManager.go:72.8,75.10 3 1
github.com/Ulbora/Six910/managers/cartManager.go:75.10,78.4 2 1
github.com/Ulbora/Six910/managers/cartManager.go:78.9,80.4 1 1
github.com/Ulbora/Six910/managers/cartManager.go:81.8,83.3 1 1
github.com/Ulbora/Six910/managers/cartManager.go:88.70,92.44 4 1
github.com/Ulbora/Six910/managers/cartManager.go:98.2,98.12 1 1
github.com/Ulbora/Six910/managers/cartManager.go:92.44,94.3 1 1
github.com/Ulbora/Six910/managers/cartManager.go:94.8,97.3 2 1
github.com/Ulbora/Six910/managers/cartManager.go:102.82,105.87 3 1
github.com/Ulbora/Six910/managers/cartManager.go:116.2,116.13 1 1
github.com/Ulbora/Six910/managers/cartManager.go:105.87,107.10 2 1
github.com/Ulbora/Six910/managers/cartManager.go:107.10,110.4 2 1
github.com/Ulbora/Six910/managers/cartManager.go:110.9,112.4 1 1
github.com/Ulbora/Six910/managers/cartManager.go:113.8,115.3 1 1
github.com/Ulbora/Six910/managers/orderManager.go:31.61,34.20 3 1
github.com/Ulbora/Six910/managers/orderManager.go:41.2,41.13 1 1
github.com/Ulbora/Six910/managers/orderManager.go:34.20,38.3 3 1
github.com/Ulbora/Six910/managers/orderManager.go:38.8,40.3 1 1
github.com/Ulbora/Six910/managers/orderManager.go:45.62,48.29 3 1
github.com/Ulbora/Six910/managers/orderManager.go:59.2,59.13 1 1
github.com/Ulbora/Six910/managers/orderManager.go:48.29,50.10 2 1
github.com/Ulbora/Six910/managers/orderManager.go:50.10,53.4 2 1
github.com/Ulbora/Six910/managers/orderManager.go:53.9,55.4 1 1
github.com/Ulbora/Six910/managers/orderManager.go:56.8,58.3 1 1
github.com/Ulbora/Six910/managers/orderManager.go:63.67,66.22 3 1
github.com/Ulbora/Six910/managers/orderManager.go:72.2,72.12 1 1
github.com/Ulbora/Six910/managers/orderManager.go:66.22,68.3 1 1
github.com/Ulbora/Six910/managers/orderManager.go:68.8,71.3 2 1
github.com/Ulbora/Six910/managers/orderManager.go:76.74,78.2 1 1
github.com/Ulbora/Six910/managers/orderManager.go:81.68,83.2 1 1
github.com/Ulbora/Six910/managers/orderManager.go:86.91,88.2 1 1
github.com/Ulbora/Six910/managers/orderManager.go:91.68,94.23 3 1
github.com/Ulbora/Six910/managers/orderManager.go:105.2,105.13 1 1
github.com/Ulbora/Six910/managers/orderManager.go:94.23,96.10 2 1
github.com/Ulbora/Six910/managers/orderManager.go:96.10,99.4 2 1
github.com/Ulbora/Six910/managers/orderManager.go:99.9,101.4 1 1
github.com/Ulbora/Six910/managers/orderManager.go:102.8,104.3 1 1
github.com/Ulbora/Six910/managers/securityProfileManager.go:25.99,28.17 3 1
github.com/Ulbora/Six910/managers/securityProfileManager.go:41.2,41.13 1 1
github.com/Ulbora/Six910/managers/securityProfileManager.go:28.17,31.33 3 1
github.com/Ulbora/Six910/managers/securityProfileManager.go:31.33,33.4 1 1
github.com/Ulbora/Six910/managers/securityProfileManager.go:34.8,37.81 3 1
github.com/Ulbora/Six910/managers/securityProfileManager.go:37.81,39.4 1 1
github.com/Ulbora/Six910/managers/orderItemManager.go:31.80,34.23 3 1
github.com/Ulbora/Six910/managers/orderItemManager.go:46.2,46.13 1 1
github.com/Ulbora/Six910/managers/orderItemManager.go:34.23,36.21 2 1
github.com/Ulbora/Six910/managers/orderItemManager.go:36.21,40.4 3 1
github.com/Ulbora/Six910/managers/orderItemManager.go:40.9,42.4 1 1
github.com/Ulbora/Six910/managers/orderItemManager.go:43.8,45.3 1 1
github.com/Ulbora/Six910/managers/orderItemManager.go:50.81,53.23 3 1
github.com/Ulbora/Six910/managers/orderItemManager.go:64.2,64.13 1 1
github.com/Ulbora/Six910/managers/orderItemManager.go:53.23,55.10 2 1
github.com/Ulbora/Six910/managers/orderItemManager.go:55.10,58.4 2 1
github.com/Ulbora/Six910/managers/orderItemManager.go:58.9,60.4 1 1
github.com/Ulbora/Six910/managers/orderItemManager.go:61.8,63.3 1 1
github.com/Ulbora/Six910/managers/orderItemManager.go:68.75,72.22 4 1
github.com/Ulbora/Six910/managers/orderItemManager.go:78.2,78.12 1 1
github.com/Ulbora/Six910/managers/orderItemManager.go:72.22,74.3 1 1
github.com/Ulbora/Six910/managers/orderItemManager.go:74.8,77.3 2 1
github.com/Ulbora/Six910/managers/orderItemManager.go:82.86,85.22 3 1
github.com/Ulbora/Six910/managers/orderItemManager.go:91.2,91.12 1 1
github.com/Ulbora/Six910/managers/orderItemManager.go:85.22,87.3 1 1
github.com/Ulbora/Six910/managers/orderItemManager.go:87.8,90.3 2 1
github.com/Ulbora/Six910/managers/orderItemManager.go:95.72,99.22 4 1
github.com/Ulbora/Six910/managers/orderItemManager.go:110.2,110.13 1 1
github.com/Ulbora/Six910/managers/orderItemManager.go:99.22,101.10 2 1
github.com/Ulbora/Six910/managers/orderItemManager.go:101.10,104.4 2 1
github.com/Ulbora/Six910/managers/orderItemManager.go:104.9,106.4 1 1
github.com/Ulbora/Six910/managers/orderItemManager.go:107.8,109.3 1 1
github.com/Ulbora/Six910/managers/pluginManager.go:31.64,34.20 3 1
github.com/Ulbora/Six910/managers/pluginManager.go:41.2,41.13 1 1
github.com/Ulbora/Six910/managers/pluginManager.go:34.20,38.3 3 1
github.com/Ulbora/Six910/managers/pluginManager.go:38.8,40.3 1 1
github.com/Ulbora/Six910/managers/pluginManager.go:45.65,48.9 3 1
github.com/Ulbora/Six910/managers/pluginManager.go:54.2,54.13 1 1
github.com/Ulbora/Six910/managers/pluginManager.go:48.9,51.3 2 1
github.com/Ulbora/Six910/managers/pluginManager.go:51.8,53.3 1 1
github.com/Ulbora/Six910/managers/pluginManager.go:58.59,60.2 1 1
github.com/Ulbora/Six910/managers/pluginManager.go:63.79,65.2 1 1
github.com/Ulbora/Six910/managers/pluginManager.go:68.58,71.9 3 1
github.com/Ulbora/Six910/managers/pluginManager.go:77.2,77.13 1 1
github.com/Ulbora/Six910/managers/pluginManager.go:71.9,74.3 2 1
github.com/Ulbora/Six910/managers/pluginManager.go:74.8,76.3 1 1
github.com/Ulbora/Six910/managers/userManager.go:31.57,36.12 4 1
github.com/Ulbora/Six910/managers/userManager.go:55.2,55.13 1 1
github.com/Ulbora/Six910/managers/userManager.go:36.12,39.13 3 1
github.com/Ulbora/Six910/managers/userManager.go:39.13,47.11 8 1
github.com/Ulbora/Six910/managers/userManager.go:47.11,50.5 2 1
github.com/Ulbora/Six910/managers/userManager.go:50.10,52.5 1 1
github.com/Ulbora/Six910/managers/userManager.go:59.60,67.12 6 1
github.com/Ulbora/Six910/managers/userManager.go:83.2,83.13 1 1
github.com/Ulbora/Six910/managers/userManager.go:67.12,76.10 9 1
github.com/Ulbora/Six910/managers/userManager.go:76.10,79.4 2 1
github.com/Ulbora/Six910/managers/userManager.go:79.9,81.4 1 1
github.com/Ulbora/Six910/managers/userManager.go:87.55,90.62 3 1
github.com/Ulbora/Six910/managers/userManager.go:113.2,113.13 1 1
github.com/Ulbora/Six910/managers/userManager.go:90.62,92.46 2 1
github.com/Ulbora/Six910/managers/userManager.go:104.3,106.10 3 1
github.com/Ulbora/Six910/managers/userManager.go:92.46,96.12 4 1
github.com/Ulbora/Six910/managers/userManager.go:96.12,98.15 2 1
github.com/Ulbora/Six910/managers/userManager.go:98.15,101.6 2 1
github.com/Ulbora/Six910/managers/userManager.go:106.10,109.4 2 1
github.com/Ulbora/Six910/managers/userManager.go:109.9,111.4 1 1
github.com/Ulbora/Six910/managers/userManager.go:117.56,120.31 3 1
github.com/Ulbora/Six910/managers/userManager.go:127.2,128.13 2 1
github.com/Ulbora/Six910/managers/userManager.go:120.31,126.3 5 1
github.com/Ulbora/Six910/managers/userManager.go:132.70,136.28 3 1
github.com/Ulbora/Six910/managers/userManager.go:147.2,147.13 1 1
github.com/Ulbora/Six910/managers/userManager.go:136.28,137.27 1 1
github.com/Ulbora/Six910/managers/userManager.go:137.27,145.4 7 1
github.com/Ulbora/Six910/managers/userManager.go:151.73,154.28 3 1
github.com/Ulbora/Six910/managers/userManager.go:165.2,165.13 1 1
github.com/Ulbora/Six910/managers/userManager.go:154.28,155.29 1 1
github.com/Ulbora/Six910/managers/userManager.go:155.29,163.4 7 1
github.com/Ulbora/Six910/managers/userManager.go:169.57,179.77 10 1
github.com/Ulbora/Six910/managers/userManager.go:193.2,193.13 1 1
github.com/Ulbora/Six910/managers/userManager.go:179.77,184.11 5 1
github.com/Ulbora/Six910/managers/userManager.go:184.11,187.4 2 1
github.com/Ulbora/Six910/managers/userManager.go:187.9,189.4 1 1
github.com/Ulbora/Six910/managers/userManager.go:190.8,192.3 1 1
github.com/Ulbora/Six910/managers/insuranceManager.go:31.69,34.20 3 1
github.com/Ulbora/Six910/managers/insuranceManager.go:41.2,41.13 1 1
github.com/Ulbora/Six910/managers/insuranceManager.go:34.20,38.3 3 1
github.com/Ulbora/Six910/managers/insuranceManager.go:38.8,40.3 1 1
github.com/Ulbora/Six910/managers/insuranceManager.go:45.70,48.30 3 1
github.com/Ulbora/Six910/managers/insuranceManager.go:59.2,59.13 1 1
github.com/Ulbora/Six910/managers/insuranceManager.go:48.30,50.10 2 1
github.com/Ulbora/Six910/managers/insuranceManager.go:50.10,53.4 2 1
github.com/Ulbora/Six910/managers/insuranceManager.go:53.9,55.4 1 1
github.com/Ulbora/Six910/managers/insuranceManager.go:56.8,58.3 1 1
github.com/Ulbora/Six910/managers/insuranceManager.go:63.75,66.24 3 1
github.com/Ulbora/Six910/managers/insuranceManager.go:72.2,72.12 1 1
github.com/Ulbora/Six910/managers/insuranceManager.go:66.24,68.3 1 1
github.com/Ulbora/Six910/managers/insuranceManager.go:68.8,71.3 2 1
github.com/Ulbora/Six910/managers/insuranceManager.go:76.75,78.2 1 1
github.com/Ulbora/Six910/managers/insuranceManager.go:81.72,84.24 3 1
github.com/Ulbora/Six910/managers/insuranceManager.go:95.2,95.13 1 1
github.com/Ulbora/Six910/managers/insuranceManager.go:84.24,86.10 2 1
github.com/Ulbora/Six910/managers/insuranceManager.go:86.10,89.4 2 1
github.com/Ulbora/Six910/managers/insuranceManager.go:89.9,91.4 1 1
github.com/Ulbora/Six910/managers/insuranceManager.go:92.8,94.3 1 1
github.com/Ulbora/Six910/managers/regionManager.go:31.63,34.20 3 1
github.com/Ulbora/Six910/managers/regionManager.go:41.2,41.13 1 1
github.com/Ulbora/Six910/managers/regionManager.go:34.20,38.3 3 1
github.com/Ulbora/Six910/managers/regionManager.go:38.8,40.3 1 1
github.com/Ulbora/Six910/managers/regionManager.go:45.64,48.30 3 1
github.com/Ulbora/Six910/managers/regionManager.go:59.2,59.13 1 1
github.com/Ulbora/Six910/managers/regionManager.go:48.30,50.10 2 1
github.com/Ulbora/Six910/managers/regionManager.go:50.10,53.4 2 1
github.com/Ulbora/Six910/managers/regionManager.go:53.9,55.4 1 1
github.com/Ulbora/Six910/managers/regionManager.go:56.8,58.3 1 1
github.com/Ulbora/Six910/managers/regionManager.go:63.69,66.24 3 1
github.com/Ulbora/Six910/managers/regionManager.go:72.2,72.12 1 1
github.com/Ulbora/Six910/managers/regionManager.go:66.24,68.3 1 1
github.com/Ulbora/Six910/managers/regionManager.go:68.8,71.3 2 1
github.com/Ulbora/Six910/managers/regionManager.go:76.69,78.2 1 1
github.com/Ulbora/Six910/managers/regionManager.go:81.69,84.24 3 1
github.com/Ulbora/Six910/managers/regionManager.go:95.2,95.13 1 1
github.com/Ulbora/Six910/managers/regionManager.go:84.24,86.10 2 1
github.com/Ulbora/Six910/managers/regionManager.go:86.10,89.4 2 1
github.com/Ulbora/Six910/managers/regionManager.go:89.9,91.4 1 1
github.com/Ulbora/Six910/managers/regionManager.go:92.8,94.3 1 1
github.com/Ulbora/Six910/managers/shippingMethodManager.go:31.79,34.20 3 1
github.com/Ulbora/Six910/managers/shippingMethodManager.go:41.2,41.13 1 1
github.com/Ulbora/Six910/managers/shippingMethodManager.go:34.20,38.3 3 1
github.com/Ulbora/Six910/managers/shippingMethodManager.go:38.8,40.3 1 1
github.com/Ulbora/Six910/managers/shippingMethodManager.go:45.80,48.29 3 1
github.com/Ulbora/Six910/managers/shippingMethodManager.go:59.2,59.13 1 1
github.com/Ulbora/Six910/managers/shippingMethodManager.go:48.29,50.10 2 1
github.com/Ulbora/Six910/managers/shippingMethodManager.go:50.10,53.4 2 1
github.com/Ulbora/Six910/managers/shippingMethodManager.go:53.9,55.4 1 1
github.com/Ulbora/Six910/managers/shippingMethodManager.go:56.8,58.3 1 1
github.com/Ulbora/Six910/managers/shippingMethodManager.go:63.85,66.23 3 1
github.com/Ulbora/Six910/managers/shippingMethodManager.go:72.2,72.12 1 1
github.com/Ulbora/Six910/managers/shippingMethodManager.go:66.23,68.3 1 1
github.com/Ulbora/Six910/managers/shippingMethodManager.go:68.8,71.3 2 1
github.com/Ulbora/Six910/managers/shippingMethodManager.go:76.85,78.2 1 1
github.com/Ulbora/Six910/managers/shippingMethodManager.go:81.77,84.23 3 1
github.com/Ulbora/Six910/managers/shippingMethodManager.go:95.2,95.13 1 1
github.com/Ulbora/Six910/managers/shippingMethodManager.go:84.23,86.10 2 1
github.com/Ulbora/Six910/managers/shippingMethodManager.go:86.10,89.4 2 1
github.com/Ulbora/Six910/managers/shippingMethodManager.go:89.9,91.4 1 1
github.com/Ulbora/Six910/managers/shippingMethodManager.go:92.8,94.3 1 1
github.com/Ulbora/Six910/managers/zoneZipManager.go:31.76,34.32 3 1
github.com/Ulbora/Six910/managers/zoneZipManager.go:42.2,42.34 1 1
github.com/Ulbora/Six910/managers/zoneZipManager.go:54.2,54.13 1 1
github.com/Ulbora/Six910/managers/zoneZipManager.go:34.32,38.3 3 1
github.com/Ulbora/Six910/managers/zoneZipManager.go:38.8,38.39 1 1
github.com/Ulbora/Six910/managers/zoneZipManager.go:38.39,41.3 2 1
github.com/Ulbora/Six910/managers/zoneZipManager.go:42.34,44.21 2 1
github.com/Ulbora/Six910/managers/zoneZipManager.go:44.21,48.4 3 1
github.com/Ulbora/Six910/managers/zoneZipManager.go:48.9,50.4 1 1
github.com/Ulbora/Six910/managers/zoneZipManager.go:51.8,53.3 1 1
github.com/Ulbora/Six910/managers/zoneZipManager.go:58.90,62.22 4 1
github.com/Ulbora/Six910/managers/zoneZipManager.go:68.2,68.12 1 1
github.com/Ulbora/Six910/managers/zoneZipManager.go:62.22,64.3 1 1
github.com/Ulbora/Six910/managers/zoneZipManager.go:64.8,67.3 2 1
github.com/Ulbora/Six910/managers/zoneZipManager.go:72.91,76.22 4 1
github.com/Ulbora/Six910/managers/zoneZipManager.go:82.2,82.12 1 1
github.com/Ulbora/Six910/managers/zoneZipManager.go:76.22,78.3 1 1
github.com/Ulbora/Six910/managers/zoneZipManager.go:78.8,81.3 2 1
github.com/Ulbora/Six910/managers/zoneZipManager.go:86.95,90.16 4 1
github.com/Ulbora/Six910/managers/zoneZipManager.go:99.2,99.47 1 1
github.com/Ulbora/Six910/managers/zoneZipManager.go:121.2,121.13 1 1
github.com/Ulbora/Six910/managers/zoneZipManager.go:90.16,94.3 3 1
github.com/Ulbora/Six910/managers/zoneZipManager.go:94.8,94.22 1 1
github.com/Ulbora/Six910/managers/zoneZipManager.go:94.22,98.3 3 1
github.com/Ulbora/Six910/managers/zoneZipManager.go:99.47,101.25 2 1
github.com/Ulbora/Six910/managers/zoneZipManager.go:107.3,107.12 1 1
github.com/Ulbora/Six910/managers/zoneZipManager.go:101.25,102.18 1 1
github.com/Ulbora/Six910/managers/zoneZipManager.go:102.18,104.10 2 1
github.com/Ulbora/Six910/managers/zoneZipManager.go:107.12,109.11 2 1
github.com/Ulbora/Six910/managers/zoneZipManager.go:109.11,112.5 2 1
github.com/Ulbora/Six910/managers/zoneZipManager.go:112.10,114.5 1 1
github.com/Ulbora/Six910/managers/zoneZipManager.go:115.9,117.4 1 1
github.com/Ulbora/Six910/managers/zoneZipManager.go:118.8,120.3 1 1
github.com/Ulbora/Six910/managers/cartItemManager.go:31.90,35.14 4 1
github.com/Ulbora/Six910/managers/cartItemManager.go:46.2,46.8 1 1
github.com/Ulbora/Six910/managers/cartItemManager.go:71.2,71.18 1 1
github.com/Ulbora/Six910/managers/cartItemManager.go:74.2,74.13 1 1
github.com/Ulbora/Six910/managers/cartItemManager.go:35.14,38.62 3 1
github.com/Ulbora/Six910/managers/cartItemManager.go:38.62,41.4 2 1
github.com/Ulbora/Six910/managers/cartItemManager.go:42.8,45.3 2 1
github.com/Ulbora/Six910/managers/cartItemManager.go:46.8,49.30 3 1
github.com/Ulbora/Six910/managers/cartItemManager.go:56.3,56.16 1 1
github.com/Ulbora/Six910/managers/cartItemManager.go:49.30,50.36 1 1
github.com/Ulbora/Six910/managers/cartItemManager.go:50.36,54.5 3 1
github.com/Ulbora/Six910/managers/cartItemManager.go:56.16,61.4 4 1
github.com/Ulbora/Six910/managers/cartItemManager.go:61.9,63.22 2 1
github.com/Ulbora/Six910/managers/cartItemManager.go:63.22,67.5 3 1
github.com/Ulbora/Six910/managers/cartItemManager.go:71.18,73.3 1 1
github.com/Ulbora/Six910/managers/cartItemManager.go:78.91,81.14 3 1
github.com/Ulbora/Six910/managers/cartItemManager.go:89.2,89.8 1 1
github.com/Ulbora/Six910/managers/cartItemManager.go:98.2,98.13 1 1
github.com/Ulbora/Six910/managers/cartItemManager.go:81.14,83.64 2 1
github.com/Ulbora/Six910/managers/cartItemManager.go:83.64,85.4 1 1
github.com/Ulbora/Six910/managers/cartItemManager.go:86.8,88.3 1 1
github.com/Ulbora/Six910/managers/cartItemManager.go:89.8,91.10 2 1
github.com/Ulbora/Six910/managers/cartItemManager.go:91.10,94.4 2 1
github.com/Ulbora/Six910/managers/cartItemManager.go:94.9,96.4 1 1
github.com/Ulbora/Six910/managers/cartItemManager.go:102.87,105.38 3 1
github.com/Ulbora/Six910/managers/cartItemManager.go:111.2,111.12 1 1
github.com/Ulbora/Six910/managers/cartItemManager.go:105.38,107.3 1 1
github.com/Ulbora/Six910/managers/cartItemManager.go:107.8,110.3 2 1
github.com/Ulbora/Six910/managers/cartItemManager.go:115.94,117.14 2 1
github.com/Ulbora/Six910/managers/cartItemManager.go:129.2,129.12 1 1
github.com/Ulbora/Six910/managers/cartItemManager.go:117.14,120.84 3 1
github.com/Ulbora/Six910/managers/cartItemManager.go:120.84,122.4 1 1
github.com/Ulbora/Six910/managers/cartItemManager.go:122.9,125.4 2 1
github.com/Ulbora/Six910/managers/cartItemManager.go:126.8,128.3 1 1
github.com/Ulbora/Six910/managers/cartItemManager.go:133.88,138.40 5 1
github.com/Ulbora/Six910/managers/cartItemManager.go:149.2,149.13 1 1
github.com/Ulbora/Six910/managers/cartItemManager.go:138.40,140.10 2 1
github.com/Ulbora/Six910/managers/cartItemManager.go:140.10,143.4 2 1
github.com/Ulbora/Six910/managers/cartItemManager.go:143.9,145.4 1 1
github.com/Ulbora/Six910/managers/cartItemManager.go:146.8,148.3 1 1
github.com/Ulbora/Six910/managers/datastoreManager.go:31.77,34.9 3 1
github.com/Ulbora/Six910/managers/datastoreManager.go:40.2,40.13 1 1
github.com/Ulbora/Six910/managers/datastoreManager.go:34.9,37.3 2 1
github.com/Ulbora/Six910/managers/datastoreManager.go:37.8,39.3 1 1
github.com/Ulbora/Six910/managers/datastoreManager.go:44.80,47.9 3 1
github.com/Ulbora/Six910/managers/datastoreManager.go:53.2,53.13 1 1
github.com/Ulbora/Six910/managers/datastoreManager.go:47.9,50.3 2 1
github.com/Ulbora/Six910/managers/datastoreManager.go:50.8,52.3 1 1
github.com/Ulbora/Six910/managers/datastoreManager.go:57.101,59.2 1 1
github.com/Ulbora/Six910/managers/instanceManager.go:31.66,34.9 3 1
github.com/Ulbora/Six910/managers/instanceManager.go:40.2,40.13 1 1
github.com/Ulbora/Six910/managers/instanceManager.go:34.9,37.3 2 1
github.com/Ulbora/Six910/managers/instanceManager.go:37.8,39.3 1 1
github.com/Ulbora/Six910/managers/instanceManager.go:44.69,47.9 3 1
github.com/Ulbora/Six910/managers/instanceManager.go:53.2,53.13 1 1
github.com/Ulbora/Six910/managers/instanceManager.go:47.9,50.3 2 1
github.com/Ulbora/Six910/managers/instanceManager.go:50.8,52.3 1 1
github.com/Ulbora/Six910/managers/instanceManager.go:57.103,59.2 1 1
github.com/Ulbora/Six910/managers/instanceManager.go:62.96,64.2 1 1
github.com/Ulbora/Six910/managers/productCategoryManager.go:31.91,34.24 3 1
github.com/Ulbora/Six910/managers/productCategoryManager.go:50.2,50.13 1 1
github.com/Ulbora/Six910/managers/productCategoryManager.go:34.24,36.23 2 1
github.com/Ulbora/Six910/managers/productCategoryManager.go:36.23,38.11 2 1
github.com/Ulbora/Six910/managers/productCategoryManager.go:38.11,41.5 2 1
github.com/Ulbora/Six910/managers/productCategoryManager.go:41.10,43.5 1 1
github.com/Ulbora/Six910/managers/productCategoryManager.go:44.9,46.4 1 1
github.com/Ulbora/Six910/managers/productCategoryManager.go:47.8,49.3 1 1
github.com/Ulbora/Six910/managers/productCategoryManager.go:54.74,56.2 1 1
github.com/Ulbora/Six910/managers/productCategoryManager.go:59.94,62.24 3 1
github.com/Ulbora/Six910/managers/productCategoryManager.go:78.2,78.13 1 1
github.com/Ulbora/Six910/managers/productCategoryManager.go:62.24,64.23 2 1
github.com/Ulbora/Six910/managers/productCategoryManager.go:64.23,66.11 2 1
github.com/Ulbora/Six910/managers/productCategoryManager.go:66.11,69.5 2 1
github.com/Ulbora/Six910/managers/productCategoryManager.go:69.10,71.5 1 1
github.com/Ulbora/Six910/managers/productCategoryManager.go:72.9,74.4 1 1
github.com/Ulbora/Six910/managers/productCategoryManager.go:75.8,77.3 1 1
github.com/Ulbora/Six910/managers/shipmentItemManager.go:31.87,35.22 4 1
github.com/Ulbora/Six910/managers/shipmentItemManager.go:47.2,47.13 1 1
github.com/Ulbora/Six910/managers/shipmentItemManager.go:35.22,37.21 2 1
github.com/Ulbora/Six910/managers/shipmentItemManager.go:37.21,41.4 3 1
github.com/Ulbora/Six910/managers/shipmentItemManager.go:41.9,43.4 1 1
github.com/Ulbora/Six910/managers/shipmentItemManager.go:44.8,46.3 1 1
github.com/Ulbora/Six910/managers/shipmentItemManager.go:51.88,55.22 4 1
github.com/Ulbora/Six910/managers/shipmentItemManager.go:66.2,66.13 1 1
github.com/Ulbora/Six910/managers/shipmentItemManager.go:55.22,57.10 2 1
github.com/Ulbora/Six910/managers/shipmentItemManager.go:57.10,60.4 2 1
github.com/Ulbora/Six910/managers/shipmentItemManager.go:60.9,62.4 1 1
github.com/Ulbora/Six910/managers/shipmentItemManager.go:63.8,65.3 1 1
github.com/Ulbora/Six910/managers/shipmentItemManager.go:70.81,75.22 5 1
github.com/Ulbora/Six910/managers/shipmentItemManager.go:81.2,81.12 1 1
github.com/Ulbora/Six910/managers/shipmentItemManager.go:75.22,77.3 1 1
github.com/Ulbora/Six910/managers/shipmentItemManager.go:77.8,80.3 2 1
github.com/Ulbora/Six910/managers/shipmentItemManager.go:85.95,89.22 4 1
github.com/Ulbora/Six910/managers/shipmentItemManager.go:95.2,95.12 1 1
github.com/Ulbora/Six910/managers/shipmentItemManager.go:89.22,91.3 1 1
github.com/Ulbora/Six910/managers/shipmentItemManager.go:91.8,94.3 2 1
github.com/Ulbora/Six910/managers/shipmentItemManager.go:99.117,103.24 4 1
github.com/Ulbora/Six910/managers/shipmentItemManager.go:111.2,111.8 1 1
github.com/Ulbora/Six910/managers/shipmentItemManager.go:117.2,117.12 1 1
github.com/Ulbora/Six910/managers/shipmentItemManager.go:103.24,106.23 3 1
github.com/Ulbora/Six910/managers/shipmentItemManager.go:109.3,109.8 1 1
github.com/Ulbora/Six910/managers/shipmentItemManager.go:106.23,108.4 1 1
github.com/Ulbora/Six910/managers/shipmentItemManager.go:111.8,113.3 1 1
github.com/Ulbora/Six910/managers/shipmentItemManager.go:113.8,116.3 2 1
github.com/Ulbora/Six910/managers/shipmentItemManager.go:121.75,126.22 5 1
github.com/Ulbora/Six910/managers/shipmentItemManager.go:137.2,137.13 1 1
github.com/Ulbora/Six910/managers/shipmentItemManager.go:126.22,128.10 2 1
github.com/Ulbora/Six910/managers/shipmentItemManager.go:128.10,131.4 2 1
github.com/Ulbora/Six910/managers/shipmentItemManager.go:131.9,133.4 1 1
github.com/Ulbora/Six910/managers/shipmentItemManager.go:134.8,136.3 1 1
github.com/Ulbora/Six910/managers/shippingCarrierManager.go:31.81,34.20 3 1
github.com/Ulbora/Six910/managers/shippingCarrierManager.go:41.2,41.13 1 1
github.com/Ulbora/Six910/managers/shippingCarrierManager.go:34.20,38.3 3 1
github.com/Ulbora/Six910/managers/shippingCarrierManager.go:38.8,40.3 1 1
github.com/Ulbora/Six910/managers/shippingCarrierManager.go:45.82,48.29 3 1
github.com/Ulbora/Six910/managers/shippingCarrierManager.go:59.2,59.13 1 1
github.com/Ulbora/Six910/managers/shippingCarrierManager.go:48.29,50.10 2 1
github.com/Ulbora/Six910/managers/shippingCarrierManager.go:50.10,53.4 2 1
github.com/Ulbora/Six910/managers/shippingCarrierManager.go:53.9,55.4 1 1
github.com/Ulbora/Six910/managers/shippingCarrierManager.go:56.8,58.3 1 1
github.com/Ulbora/Six910/managers/shippingCarrierManager.go:63.87,66.23 3 1
github.com/Ulbora/Six910/managers/shippingCarrierManager.go:72.2,72.12 1 1
github.com/Ulbora/Six910/managers/shippingCarrierManager.go:66.23,68.3 1 1
github.com/Ulbora/Six910/managers/shippingCarrierManager.go:68.8,71.3 2 1
github.com/Ulbora/Six910/managers/shippingCarrierManager.go:76.87,78.2 1 1
github.com/Ulbora/Six910/managers/shippingCarrierManager.go:81.78,84.23 3 1
github.com/Ulbora/Six910/managers/shippingCarrierManager.go:95.2,95.13 1 1
github.com/Ulbora/Six910/managers/shippingCarrierManager.go:84.23,86.10 2 1
github.com/Ulbora/Six910/managers/shippingCarrierManager.go:86.10,89.4 2 1
github.com/Ulbora/Six910/managers/shippingCarrierManager.go:89.9,91.4 1 1
github.com/Ulbora/Six910/managers/shippingCarrierManager.go:92.8,94.3 1 1
github.com/Ulbora/Six910/managers/six910Manager.go:40.42,42.2 1 1
github.com/Ulbora/Six910/managers/six910Manager.go:44.64,48.16 4 1
github.com/Ulbora/Six910/managers/six910Manager.go:52.2,52.17 1 1
github.com/Ulbora/Six910/managers/six910Manager.go:48.16,51.3 2 1
github.com/Ulbora/Six910/managers/six910Manager.go:55.70,58.16 3 1
github.com/Ulbora/Six910/managers/six910Manager.go:61.2,61.12 1 1
github.com/Ulbora/Six910/managers/six910Manager.go:58.16,60.3 1 1
github.com/Ulbora/Six910/managers/customerManager.go:31.67,34.16 3 1
github.com/Ulbora/Six910/managers/customerManager.go:47.2,47.13 1 1
github.com/Ulbora/Six910/managers/customerManager.go:34.16,36.21 2 1
github.com/Ulbora/Six910/managers/customerManager.go:36.21,40.4 3 1
github.com/Ulbora/Six910/managers/customerManager.go:40.9,42.4 1 1
github.com/Ulbora/Six910/managers/customerManager.go:43.8,46.3 2 1
github.com/Ulbora/Six910/managers/customerManager.go:51.68,54.29 3 1
github.com/Ulbora/Six910/managers/customerManager.go:65.2,65.13 1 1
github.com/Ulbora/Six910/managers/customerManager.go:54.29,56.10 2 1
github.com/Ulbora/Six910/managers/customerManager.go:56.10,59.4 2 1
github.com/Ulbora/Six910/managers/customerManager.go:59.9,61.4 1 1
github.com/Ulbora/Six910/managers/customerManager.go:62.8,64.3 1 1
github.com/Ulbora/Six910/managers/customerManager.go:69.81,71.2 1 1
github.com/Ulbora/Six910/managers/customerManager.go:74.79,77.28 3 1
github.com/Ulbora/Six910/managers/customerManager.go:83.2,83.12 1 1
github.com/Ulbora/Six910/managers/customerManager.go:77.28,79.3 1 1
github.com/Ulbora/Six910/managers/customerManager.go:79.8,82.3 2 1
github.com/Ulbora/Six910/managers/customerManager.go:87.73,89.2 1 1
github.com/Ulbora/Six910/managers/customerManager.go:92.75,95.27 3 1
github.com/Ulbora/Six910/managers/customerManager.go:106.2,106.13 1 1
github.com/Ulbora/Six910/managers/customerManager.go:95.27,97.10 2 1
github.com/Ulbora/Six910/managers/customerManager.go:97.10,100.4 2 1
github.com/Ulbora/Six910/managers/customerManager.go:100.9,102.4 1 1
github.com/Ulbora/Six910/managers/customerManager.go:103.8,105.3 1 1
github.com/Ulbora/Six910/managers/includedSubRegionManager.go:31.96,34.22 3 1
github.com/Ulbora/Six910/managers/includedSubRegionManager.go:46.2,46.13 1 1
github.com/Ulbora/Six910/managers/includedSubRegionManager.go:34.22,36.21 2 1
github.com/Ulbora/Six910/managers/includedSubRegionManager.go:36.21,40.4 3 1
github.com/Ulbora/Six910/managers/includedSubRegionManager.go:40.9,42.4 1 1
github.com/Ulbora/Six910/managers/includedSubRegionManager.go:43.8,45.3 1 1
github.com/Ulbora/Six910/managers/includedSubRegionManager.go:50.97,53.22 3 1
github.com/Ulbora/Six910/managers/includedSubRegionManager.go:64.2,64.13 1 1
github.com/Ulbora/Six910/managers/includedSubRegionManager.go:53.22,55.10 2 1
github.com/Ulbora/Six910/managers/includedSubRegionManager.go:55.10,58.4 2 1
github.com/Ulbora/Six910/managers/includedSubRegionManager.go:58.9,60.4 1 1
github.com/Ulbora/Six910/managers/includedSubRegionManager.go:61.8,63.3 1 1
github.com/Ulbora/Six910/managers/includedSubRegionManager.go:68.91,72.22 4 1
github.com/Ulbora/Six910/managers/includedSubRegionManager.go:78.2,78.12 1 1
github.com/Ulbora/Six910/managers/includedSubRegionManager.go:72.22,74.3 1 1
github.com/Ulbora/Six910/managers/includedSubRegionManager.go:74.8,77.3 2 1
github.com/Ulbora/Six910/managers/includedSubRegionManager.go:82.103,85.22 3 1
github.com/Ulbora/Six910/managers/includedSubRegionManager.go:91.2,91.12 1 1
github.com/Ulbora/Six910/managers/includedSubRegionManager.go:85.22,87.3 1 1
github.com/Ulbora/Six910/managers/includedSubRegionManager.go:87.8,90.3 2 1
github.com/Ulbora/Six910/managers/includedSubRegionManager.go:95.96,99.26 4 1
github.com/Ulbora/Six910/managers/includedSubRegionManager.go:105.2,106.31 2 1
github.com/Ulbora/Six910/managers/includedSubRegionManager.go:117.2,117.13 1 1
github.com/Ulbora/Six910/managers/includedSubRegionManager.go:99.26,100.18 1 1
github.com/Ulbora/Six910/managers/includedSubRegionManager.go:100.18,102.9 2 1
github.com/Ulbora/Six910/managers/includedSubRegionManager.go:106.31,108.10 2 1
github.com/Ulbora/Six910/managers/includedSubRegionManager.go:108.10,111.4 2 1
github.com/Ulbora/Six910/managers/includedSubRegionManager.go:111.9,113.4 1 1
github.com/Ulbora/Six910/managers/includedSubRegionManager.go:114.8,116.3 1 1
github.com/Ulbora/Six910/managers/orderTransactionManager.go:31.94,34.23 3 1
github.com/Ulbora/Six910/managers/orderTransactionManager.go:46.2,46.13 1 1
github.com/Ulbora/Six910/managers/orderTransactionManager.go:34.23,36.21 2 1
github.com/Ulbora/Six910/managers/orderTransactionManager.go:36.21,40.4 3 1
github.com/Ulbora/Six910/managers/orderTransactionManager.go:40.9,42.4 1 1
github.com/Ulbora/Six910/managers/orderTransactionManager.go:43.8,45.3 1 1
github.com/Ulbora/Six910/managers/orderTransactionManager.go:50.100,53.23 3 1
github.com/Ulbora/Six910/managers/orderTransactionManager.go:59.2,59.12 1 1
github.com/Ulbora/Six910/managers/orderTransactionManager.go:53.23,55.3 1 1
github.com/Ulbora/Six910/managers/orderTransactionManager.go:55.8,58.3 2 1
github.com/Ulbora/Six910/managers/paymentGatewayManager.go:31.92,34.22 3 1
github.com/Ulbora/Six910/managers/paymentGatewayManager.go:46.2,46.13 1 1
github.com/Ulbora/Six910/managers/paymentGatewayManager.go:34.22,36.21 2 1
github.com/Ulbora/Six910/managers/paymentGatewayManager.go:36.21,40.4 3 1
github.com/Ulbora/Six910/managers/paymentGatewayManager.go:40.9,42.4 1 1
github.com/Ulbora/Six910/managers/paymentGatewayManager.go:43.8,45.3 1 1
github.com/Ulbora/Six910/managers/paymentGatewayManager.go:50.93,53.22 3 1
github.com/Ulbora/Six910/managers/paymentGatewayManager.go:64.2,64.13 1 1
github.com/Ulbora/Six910/managers/paymentGatewayManager.go:53.22,55.10 2 1
github.com/Ulbora/Six910/managers/paymentGatewayManager.go:55.10,58.4 2 1
github.com/Ulbora/Six910/managers/paymentGatewayManager.go:58.9,60.4 1 1
github.com/Ulbora/Six910/managers/paymentGatewayManager.go:61.8,63.3 1 1
github.com/Ulbora/Six910/managers/paymentGatewayManager.go:68.85,72.22 4 1
github.com/Ulbora/Six910/managers/paymentGatewayManager.go:78.2,78.12 1 1
github.com/Ulbora/Six910/managers/paymentGatewayManager.go:72.22,74.3 1 1
github.com/Ulbora/Six910/managers/paymentGatewayManager.go:74.8,77.3 2 1
github.com/Ulbora/Six910/managers/paymentGatewayManager.go:82.82,84.2 1 1
github.com/Ulbora/Six910/managers/paymentGatewayManager.go:87.77,91.22 4 1
github.com/Ulbora/Six910/managers/paymentGatewayManager.go:102.2,102.13 1 1
github.com/Ulbora/Six910/managers/paymentGatewayManager.go:91.22,93.10 2 1
github.com/Ulbora/Six910/managers/paymentGatewayManager.go:93.10,96.4 2 1
github.com/Ulbora/Six910/managers/paymentGatewayManager.go:96.9,98.4 1 1
github.com/Ulbora/Six910/managers/paymentGatewayManager.go:99.8,101.3 1 1
github.com/Ulbora/Six910/managers/subRegionManager.go:31.80,34.22 3 1
github.com/Ulbora/Six910/managers/subRegionManager.go:46.2,46.13 1 1
github.com/Ulbora/Six910/managers/subRegionManager.go:34.22,36.21 2 1
github.com/Ulbora/Six910/managers/subRegionManager.go:36.21,40.4 3 1
github.com/Ulbora/Six910/managers/subRegionManager.go:40.9,42.4 1 1
github.com/Ulbora/Six910/managers/subRegionManager.go:43.8,45.3 1 1
github.com/Ulbora/Six910/managers/subRegionManager.go:50.81,53.22 3 1
github.com/Ulbora/Six910/managers/subRegionManager.go:64.2,64.13 1 1
github.com/Ulbora/Six910/managers/subRegionManager.go:53.22,55.10 2 1
github.com/Ulbora/Six910/managers/subRegionManager.go:55.10,58.4 2 1
github.com/Ulbora/Six910/managers/subRegionManager.go:58.9,60.4 1 1
github.com/Ulbora/Six910/managers/subRegionManager.go:61.8,63.3 1 1
github.com/Ulbora/Six910/managers/subRegionManager.go:68.75,72.22 4 1
github.com/Ulbora/Six910/managers/subRegionManager.go:78.2,78.12 1 1
github.com/Ulbora/Six910/managers/subRegionManager.go:72.22,74.3 1 1
github.com/Ulbora/Six910/managers/subRegionManager.go:74.8,77.3 2 1
github.com/Ulbora/Six910/managers/subRegionManager.go:82.87,85.22 3 1
github.com/Ulbora/Six910/managers/subRegionManager.go:91.2,91.12 1 1
github.com/Ulbora/Six910/managers/subRegionManager.go:85.22,87.3 1 1
github.com/Ulbora/Six910/managers/subRegionManager.go:87.8,90.3 2 1
github.com/Ulbora/Six910/managers/subRegionManager.go:95.72,99.22 4 1
github.com/Ulbora/Six910/managers/subRegionManager.go:110.2,110.13 1 1
github.com/Ulbora/Six910/managers/subRegionManager.go:99.22,101.10 2 1
github.com/Ulbora/Six910/managers/subRegionManager.go:101.10,104.4 2 1
github.com/Ulbora/Six910/managers/subRegionManager.go:104.9,106.4 1 1
github.com/Ulbora/Six910/managers/subRegionManager.go:107.8,109.3 1 1
