mode: set
github.com/Ulbora/Six910/managers/customerManager.go:31.67,34.20 3 1
github.com/Ulbora/Six910/managers/customerManager.go:41.2,41.13 1 1
github.com/Ulbora/Six910/managers/customerManager.go:34.20,38.3 3 1
github.com/Ulbora/Six910/managers/customerManager.go:38.8,40.3 1 1
github.com/Ulbora/Six910/managers/customerManager.go:45.68,48.9 3 1
github.com/Ulbora/Six910/managers/customerManager.go:54.2,54.13 1 1
github.com/Ulbora/Six910/managers/customerManager.go:48.9,51.3 2 1
github.com/Ulbora/Six910/managers/customerManager.go:51.8,53.3 1 1
github.com/Ulbora/Six910/managers/customerManager.go:58.81,60.2 1 1
github.com/Ulbora/Six910/managers/customerManager.go:63.64,65.2 1 1
github.com/Ulbora/Six910/managers/customerManager.go:68.73,70.2 1 1
github.com/Ulbora/Six910/managers/customerManager.go:73.60,76.9 3 1
github.com/Ulbora/Six910/managers/customerManager.go:82.2,82.13 1 1
github.com/Ulbora/Six910/managers/customerManager.go:76.9,79.3 2 1
github.com/Ulbora/Six910/managers/customerManager.go:79.8,81.3 1 1
github.com/Ulbora/Six910/managers/localStoreManager.go:31.89,34.18 3 1
github.com/Ulbora/Six910/managers/localStoreManager.go:88.2,88.13 1 1
github.com/Ulbora/Six910/managers/localStoreManager.go:34.18,36.18 2 1
github.com/Ulbora/Six910/managers/localStoreManager.go:36.18,45.11 9 1
github.com/Ulbora/Six910/managers/localStoreManager.go:45.11,48.20 3 1
github.com/Ulbora/Six910/managers/localStoreManager.go:55.5,55.33 1 1
github.com/Ulbora/Six910/managers/localStoreManager.go:48.20,51.6 2 1
github.com/Ulbora/Six910/managers/localStoreManager.go:51.11,54.6 2 1
github.com/Ulbora/Six910/managers/localStoreManager.go:55.33,58.16 3 1
github.com/Ulbora/Six910/managers/localStoreManager.go:66.6,66.16 1 1
github.com/Ulbora/Six910/managers/localStoreManager.go:58.16,65.7 6 1
github.com/Ulbora/Six910/managers/localStoreManager.go:66.16,70.7 3 1
github.com/Ulbora/Six910/managers/localStoreManager.go:70.12,73.7 2 1
github.com/Ulbora/Six910/managers/localStoreManager.go:74.11,77.6 2 1
github.com/Ulbora/Six910/managers/localStoreManager.go:79.10,82.5 2 1
github.com/Ulbora/Six910/managers/localStoreManager.go:83.9,86.4 2 1
github.com/Ulbora/Six910/managers/six910Manager.go:39.42,41.2 1 1
github.com/Ulbora/Six910/managers/six910Manager.go:43.64,47.16 4 1
github.com/Ulbora/Six910/managers/six910Manager.go:51.2,51.17 1 1
github.com/Ulbora/Six910/managers/six910Manager.go:47.16,50.3 2 1
github.com/Ulbora/Six910/managers/six910Manager.go:54.70,57.16 3 1
github.com/Ulbora/Six910/managers/six910Manager.go:60.2,60.12 1 1
github.com/Ulbora/Six910/managers/six910Manager.go:57.16,59.3 1 1
github.com/Ulbora/Six910/managers/storeManager.go:31.61,33.32 2 1
github.com/Ulbora/Six910/managers/storeManager.go:44.2,44.13 1 1
github.com/Ulbora/Six910/managers/storeManager.go:33.32,35.21 2 1
github.com/Ulbora/Six910/managers/storeManager.go:35.21,39.4 3 1
github.com/Ulbora/Six910/managers/storeManager.go:39.9,42.4 2 1
github.com/Ulbora/Six910/managers/storeManager.go:48.62,51.9 3 1
github.com/Ulbora/Six910/managers/storeManager.go:57.2,57.13 1 1
github.com/Ulbora/Six910/managers/storeManager.go:51.9,54.3 2 1
github.com/Ulbora/Six910/managers/storeManager.go:54.8,56.3 1 1
github.com/Ulbora/Six910/managers/storeManager.go:61.60,63.2 1 1
github.com/Ulbora/Six910/managers/storeManager.go:66.58,68.2 1 1
github.com/Ulbora/Six910/managers/storeManager.go:71.73,73.2 1 1
github.com/Ulbora/Six910/managers/storeManager.go:76.57,78.32 2 1
github.com/Ulbora/Six910/managers/storeManager.go:87.2,87.13 1 1
github.com/Ulbora/Six910/managers/storeManager.go:78.32,80.10 2 1
github.com/Ulbora/Six910/managers/storeManager.go:80.10,83.4 2 1
github.com/Ulbora/Six910/managers/storeManager.go:83.9,85.4 1 1
github.com/Ulbora/Six910/managers/userManager.go:31.57,35.12 4 1
github.com/Ulbora/Six910/managers/userManager.go:54.2,54.13 1 1
github.com/Ulbora/Six910/managers/userManager.go:35.12,38.13 3 1
github.com/Ulbora/Six910/managers/userManager.go:38.13,46.11 8 1
github.com/Ulbora/Six910/managers/userManager.go:46.11,49.5 2 1
github.com/Ulbora/Six910/managers/userManager.go:49.10,51.5 1 1
github.com/Ulbora/Six910/managers/userManager.go:58.60,65.33 5 1
github.com/Ulbora/Six910/managers/userManager.go:81.2,81.13 1 1
github.com/Ulbora/Six910/managers/userManager.go:65.33,74.10 9 1
github.com/Ulbora/Six910/managers/userManager.go:74.10,77.4 2 1
github.com/Ulbora/Six910/managers/userManager.go:77.9,79.4 1 1
github.com/Ulbora/Six910/managers/userManager.go:85.55,88.35 3 1
github.com/Ulbora/Six910/managers/userManager.go:111.2,111.13 1 1
github.com/Ulbora/Six910/managers/userManager.go:88.35,90.46 2 1
github.com/Ulbora/Six910/managers/userManager.go:102.3,103.10 2 1
github.com/Ulbora/Six910/managers/userManager.go:90.46,94.12 4 1
github.com/Ulbora/Six910/managers/userManager.go:94.12,96.15 2 1
github.com/Ulbora/Six910/managers/userManager.go:96.15,99.6 2 1
github.com/Ulbora/Six910/managers/userManager.go:103.10,106.4 2 1
github.com/Ulbora/Six910/managers/userManager.go:106.9,108.4 1 1
